ARM GAS  C:\Users\adamh\AppData\Local\Temp\ccMOf6zN.s 			page 1


   1              		.syntax unified
   2              		.cpu cortex-m3
   3              		.fpu softvfp
   4              		.eabi_attribute 20, 1
   5              		.eabi_attribute 21, 1
   6              		.eabi_attribute 23, 3
   7              		.eabi_attribute 24, 1
   8              		.eabi_attribute 25, 1
   9              		.eabi_attribute 26, 1
  10              		.eabi_attribute 30, 1
  11              		.eabi_attribute 34, 1
  12              		.eabi_attribute 18, 4
  13              		.thumb
  14              		.syntax unified
  15              		.file	"cymetadata.c"
  16              		.text
  17              	.Ltext0:
  18              		.cfi_sections	.debug_frame
  19              		.global	cy_metadata
  20              		.global	cy_meta_flashprotect
  21              		.global	cy_meta_wonvl
  22              		.global	cy_meta_custnvl
  23              		.global	cy_meta_configecc
  24              		.section	.cyconfigecc,"a",%progbits
  25              		.align	2
  26              		.type	cy_meta_configecc, %object
  27              		.size	cy_meta_configecc, 1132
  28              	cy_meta_configecc:
  29 0000 04       		.byte	4
  30 0001 52       		.byte	82
  31 0002 00       		.byte	0
  32 0003 40       		.byte	64
  33 0004 01       		.byte	1
  34 0005 64       		.byte	100
  35 0006 00       		.byte	0
  36 0007 40       		.byte	64
  37 0008 02       		.byte	2
  38 0009 65       		.byte	101
  39 000a 00       		.byte	0
  40 000b 40       		.byte	64
  41 000c 04       		.byte	4
  42 000d 04       		.byte	4
  43 000e 01       		.byte	1
  44 000f 40       		.byte	64
  45 0010 02       		.byte	2
  46 0011 05       		.byte	5
  47 0012 01       		.byte	1
  48 0013 40       		.byte	64
  49 0014 01       		.byte	1
  50 0015 07       		.byte	7
  51 0016 01       		.byte	1
  52 0017 40       		.byte	64
  53 0018 5E       		.byte	94
  54 0019 08       		.byte	8
  55 001a 01       		.byte	1
  56 001b 40       		.byte	64
  57 001c 35       		.byte	53
ARM GAS  C:\Users\adamh\AppData\Local\Temp\ccMOf6zN.s 			page 2


  58 001d 09       		.byte	9
  59 001e 01       		.byte	1
  60 001f 40       		.byte	64
  61 0020 01       		.byte	1
  62 0021 0B       		.byte	11
  63 0022 01       		.byte	1
  64 0023 40       		.byte	64
  65 0024 01       		.byte	1
  66 0025 15       		.byte	21
  67 0026 01       		.byte	1
  68 0027 40       		.byte	64
  69 0028 02       		.byte	2
  70 0029 17       		.byte	23
  71 002a 01       		.byte	1
  72 002b 40       		.byte	64
  73 002c 0D       		.byte	13
  74 002d 18       		.byte	24
  75 002e 01       		.byte	1
  76 002f 40       		.byte	64
  77 0030 36       		.byte	54
  78 0031 19       		.byte	25
  79 0032 01       		.byte	1
  80 0033 40       		.byte	64
  81 0034 40       		.byte	64
  82 0035 1A       		.byte	26
  83 0036 01       		.byte	1
  84 0037 40       		.byte	64
  85 0038 42       		.byte	66
  86 0039 1B       		.byte	27
  87 003a 01       		.byte	1
  88 003b 40       		.byte	64
  89 003c 03       		.byte	3
  90 003d 40       		.byte	64
  91 003e 01       		.byte	1
  92 003f 40       		.byte	64
  93 0040 05       		.byte	5
  94 0041 41       		.byte	65
  95 0042 01       		.byte	1
  96 0043 40       		.byte	64
  97 0044 04       		.byte	4
  98 0045 42       		.byte	66
  99 0046 01       		.byte	1
 100 0047 40       		.byte	64
 101 0048 03       		.byte	3
 102 0049 43       		.byte	67
 103 004a 01       		.byte	1
 104 004b 40       		.byte	64
 105 004c 02       		.byte	2
 106 004d 44       		.byte	68
 107 004e 01       		.byte	1
 108 004f 40       		.byte	64
 109 0050 01       		.byte	1
 110 0051 45       		.byte	69
 111 0052 01       		.byte	1
 112 0053 40       		.byte	64
 113 0054 06       		.byte	6
 114 0055 46       		.byte	70
ARM GAS  C:\Users\adamh\AppData\Local\Temp\ccMOf6zN.s 			page 3


 115 0056 01       		.byte	1
 116 0057 40       		.byte	64
 117 0058 04       		.byte	4
 118 0059 47       		.byte	71
 119 005a 01       		.byte	1
 120 005b 40       		.byte	64
 121 005c 06       		.byte	6
 122 005d 48       		.byte	72
 123 005e 01       		.byte	1
 124 005f 40       		.byte	64
 125 0060 01       		.byte	1
 126 0061 49       		.byte	73
 127 0062 01       		.byte	1
 128 0063 40       		.byte	64
 129 0064 0B       		.byte	11
 130 0065 4C       		.byte	76
 131 0066 01       		.byte	1
 132 0067 40       		.byte	64
 133 0068 09       		.byte	9
 134 0069 4D       		.byte	77
 135 006a 01       		.byte	1
 136 006b 40       		.byte	64
 137 006c 04       		.byte	4
 138 006d 50       		.byte	80
 139 006e 01       		.byte	1
 140 006f 40       		.byte	64
 141 0070 01       		.byte	1
 142 0071 51       		.byte	81
 143 0072 01       		.byte	1
 144 0073 40       		.byte	64
 145 0074 08       		.byte	8
 146 0075 04       		.byte	4
 147 0076 09       		.byte	9
 148 0077 44       		.byte	68
 149 0078 61       		.byte	97
 150 0079 80       		.byte	-128
 151 007a 64       		.byte	100
 152 007b 40       		.byte	64
 153 007c 88       		.byte	-120
 154 007d 0F       		.byte	15
 155 007e 89       		.byte	-119
 156 007f 38       		.byte	56
 157 0080 8B       		.byte	-117
 158 0081 72       		.byte	114
 159 0082 39       		.byte	57
 160 0083 80       		.byte	-128
 161 0084 3F       		.byte	63
 162 0085 40       		.byte	64
 163 0086 59       		.byte	89
 164 0087 04       		.byte	4
 165 0088 5F       		.byte	95
 166 0089 01       		.byte	1
 167 008a 20       		.byte	32
 168 008b 01       		.byte	1
 169 008c EC       		.byte	-20
 170 008d 80       		.byte	-128
 171 008e B4       		.byte	-76
ARM GAS  C:\Users\adamh\AppData\Local\Temp\ccMOf6zN.s 			page 4


 172 008f 01       		.byte	1
 173 0090 00       		.byte	0
 174 0091 13       		.byte	19
 175 0092 02       		.byte	2
 176 0093 04       		.byte	4
 177 0094 06       		.byte	6
 178 0095 15       		.byte	21
 179 0096 08       		.byte	8
 180 0097 0A       		.byte	10
 181 0098 0A       		.byte	10
 182 0099 14       		.byte	20
 183 009a 0E       		.byte	14
 184 009b 08       		.byte	8
 185 009c 11       		.byte	17
 186 009d 01       		.byte	1
 187 009e 14       		.byte	20
 188 009f 13       		.byte	19
 189 00a0 15       		.byte	21
 190 00a1 02       		.byte	2
 191 00a2 16       		.byte	22
 192 00a3 0C       		.byte	12
 193 00a4 18       		.byte	24
 194 00a5 03       		.byte	3
 195 00a6 1A       		.byte	26
 196 00a7 14       		.byte	20
 197 00a8 1B       		.byte	27
 198 00a9 01       		.byte	1
 199 00aa 21       		.byte	33
 200 00ab 04       		.byte	4
 201 00ac 29       		.byte	41
 202 00ad 01       		.byte	1
 203 00ae 30       		.byte	48
 204 00af 10       		.byte	16
 205 00b0 32       		.byte	50
 206 00b1 0F       		.byte	15
 207 00b2 35       		.byte	53
 208 00b3 04       		.byte	4
 209 00b4 37       		.byte	55
 210 00b5 03       		.byte	3
 211 00b6 39       		.byte	57
 212 00b7 80       		.byte	-128
 213 00b8 3A       		.byte	58
 214 00b9 08       		.byte	8
 215 00ba 3E       		.byte	62
 216 00bb 01       		.byte	1
 217 00bc 3F       		.byte	63
 218 00bd 10       		.byte	16
 219 00be 40       		.byte	64
 220 00bf 36       		.byte	54
 221 00c0 41       		.byte	65
 222 00c1 01       		.byte	1
 223 00c2 45       		.byte	69
 224 00c3 0C       		.byte	12
 225 00c4 46       		.byte	70
 226 00c5 0E       		.byte	14
 227 00c6 47       		.byte	71
 228 00c7 B0       		.byte	-80
ARM GAS  C:\Users\adamh\AppData\Local\Temp\ccMOf6zN.s 			page 5


 229 00c8 48       		.byte	72
 230 00c9 25       		.byte	37
 231 00ca 49       		.byte	73
 232 00cb FF       		.byte	-1
 233 00cc 4A       		.byte	74
 234 00cd FF       		.byte	-1
 235 00ce 4B       		.byte	75
 236 00cf FF       		.byte	-1
 237 00d0 4E       		.byte	78
 238 00d1 F0       		.byte	-16
 239 00d2 4F       		.byte	79
 240 00d3 44       		.byte	68
 241 00d4 50       		.byte	80
 242 00d5 0C       		.byte	12
 243 00d6 54       		.byte	84
 244 00d7 01       		.byte	1
 245 00d8 58       		.byte	88
 246 00d9 04       		.byte	4
 247 00da 59       		.byte	89
 248 00db 04       		.byte	4
 249 00dc 5A       		.byte	90
 250 00dd 04       		.byte	4
 251 00de 5B       		.byte	91
 252 00df 04       		.byte	4
 253 00e0 5C       		.byte	92
 254 00e1 11       		.byte	17
 255 00e2 5D       		.byte	93
 256 00e3 11       		.byte	17
 257 00e4 5F       		.byte	95
 258 00e5 01       		.byte	1
 259 00e6 66       		.byte	102
 260 00e7 C0       		.byte	-64
 261 00e8 6A       		.byte	106
 262 00e9 40       		.byte	64
 263 00ea 6B       		.byte	107
 264 00eb 02       		.byte	2
 265 00ec 82       		.byte	-126
 266 00ed 1C       		.byte	28
 267 00ee 87       		.byte	-121
 268 00ef 01       		.byte	1
 269 00f0 8C       		.byte	-116
 270 00f1 01       		.byte	1
 271 00f2 8E       		.byte	-114
 272 00f3 0E       		.byte	14
 273 00f4 93       		.byte	-109
 274 00f5 0C       		.byte	12
 275 00f6 94       		.byte	-108
 276 00f7 01       		.byte	1
 277 00f8 95       		.byte	-107
 278 00f9 40       		.byte	64
 279 00fa 96       		.byte	-106
 280 00fb 16       		.byte	22
 281 00fc 98       		.byte	-104
 282 00fd 1C       		.byte	28
 283 00fe 99       		.byte	-103
 284 00ff 72       		.byte	114
 285 0100 9A       		.byte	-102
ARM GAS  C:\Users\adamh\AppData\Local\Temp\ccMOf6zN.s 			page 6


 286 0101 03       		.byte	3
 287 0102 9B       		.byte	-101
 288 0103 08       		.byte	8
 289 0104 9D       		.byte	-99
 290 0105 24       		.byte	36
 291 0106 9F       		.byte	-97
 292 0107 40       		.byte	64
 293 0108 A1       		.byte	-95
 294 0109 33       		.byte	51
 295 010a A3       		.byte	-93
 296 010b 44       		.byte	68
 297 010c A6       		.byte	-90
 298 010d 08       		.byte	8
 299 010e A9       		.byte	-87
 300 010f 43       		.byte	67
 301 0110 AA       		.byte	-86
 302 0111 03       		.byte	3
 303 0112 AB       		.byte	-85
 304 0113 30       		.byte	48
 305 0114 AD       		.byte	-83
 306 0115 50       		.byte	80
 307 0116 B0       		.byte	-80
 308 0117 1A       		.byte	26
 309 0118 B1       		.byte	-79
 310 0119 7C       		.byte	124
 311 011a B4       		.byte	-76
 312 011b 0F       		.byte	15
 313 011c B7       		.byte	-73
 314 011d 03       		.byte	3
 315 011e B9       		.byte	-71
 316 011f 80       		.byte	-128
 317 0120 BA       		.byte	-70
 318 0121 22       		.byte	34
 319 0122 BF       		.byte	-65
 320 0123 40       		.byte	64
 321 0124 C0       		.byte	-64
 322 0125 01       		.byte	1
 323 0126 C5       		.byte	-59
 324 0127 04       		.byte	4
 325 0128 C9       		.byte	-55
 326 0129 FF       		.byte	-1
 327 012a CA       		.byte	-54
 328 012b 07       		.byte	7
 329 012c CB       		.byte	-53
 330 012d FF       		.byte	-1
 331 012e CC       		.byte	-52
 332 012f 40       		.byte	64
 333 0130 CD       		.byte	-51
 334 0131 20       		.byte	32
 335 0132 CE       		.byte	-50
 336 0133 F0       		.byte	-16
 337 0134 CF       		.byte	-49
 338 0135 05       		.byte	5
 339 0136 D0       		.byte	-48
 340 0137 08       		.byte	8
 341 0138 D8       		.byte	-40
 342 0139 04       		.byte	4
ARM GAS  C:\Users\adamh\AppData\Local\Temp\ccMOf6zN.s 			page 7


 343 013a D9       		.byte	-39
 344 013b 04       		.byte	4
 345 013c DA       		.byte	-38
 346 013d 04       		.byte	4
 347 013e DC       		.byte	-36
 348 013f 11       		.byte	17
 349 0140 DD       		.byte	-35
 350 0141 01       		.byte	1
 351 0142 DF       		.byte	-33
 352 0143 01       		.byte	1
 353 0144 E0       		.byte	-32
 354 0145 40       		.byte	64
 355 0146 E1       		.byte	-31
 356 0147 A8       		.byte	-88
 357 0148 E2       		.byte	-30
 358 0149 40       		.byte	64
 359 014a E3       		.byte	-29
 360 014b 20       		.byte	32
 361 014c 02       		.byte	2
 362 014d 81       		.byte	-127
 363 014e 04       		.byte	4
 364 014f 08       		.byte	8
 365 0150 05       		.byte	5
 366 0151 11       		.byte	17
 367 0152 07       		.byte	7
 368 0153 02       		.byte	2
 369 0154 09       		.byte	9
 370 0155 08       		.byte	8
 371 0156 0A       		.byte	10
 372 0157 04       		.byte	4
 373 0158 0D       		.byte	13
 374 0159 08       		.byte	8
 375 015a 0F       		.byte	15
 376 015b 04       		.byte	4
 377 015c 10       		.byte	16
 378 015d 28       		.byte	40
 379 015e 19       		.byte	25
 380 015f 11       		.byte	17
 381 0160 1A       		.byte	26
 382 0161 04       		.byte	4
 383 0162 1D       		.byte	29
 384 0163 08       		.byte	8
 385 0164 1E       		.byte	30
 386 0165 40       		.byte	64
 387 0166 1F       		.byte	31
 388 0167 08       		.byte	8
 389 0168 20       		.byte	32
 390 0169 01       		.byte	1
 391 016a 21       		.byte	33
 392 016b 02       		.byte	2
 393 016c 26       		.byte	38
 394 016d 80       		.byte	-128
 395 016e 27       		.byte	39
 396 016f 0A       		.byte	10
 397 0170 29       		.byte	41
 398 0171 01       		.byte	1
 399 0172 2A       		.byte	42
ARM GAS  C:\Users\adamh\AppData\Local\Temp\ccMOf6zN.s 			page 8


 400 0173 01       		.byte	1
 401 0174 2B       		.byte	43
 402 0175 09       		.byte	9
 403 0176 2D       		.byte	45
 404 0177 01       		.byte	1
 405 0178 2F       		.byte	47
 406 0179 88       		.byte	-120
 407 017a 31       		.byte	49
 408 017b 16       		.byte	22
 409 017c 32       		.byte	50
 410 017d 80       		.byte	-128
 411 017e 35       		.byte	53
 412 017f 11       		.byte	17
 413 0180 36       		.byte	54
 414 0181 08       		.byte	8
 415 0182 38       		.byte	56
 416 0183 08       		.byte	8
 417 0184 40       		.byte	64
 418 0185 01       		.byte	1
 419 0186 45       		.byte	69
 420 0187 08       		.byte	8
 421 0188 46       		.byte	70
 422 0189 01       		.byte	1
 423 018a 48       		.byte	72
 424 018b 20       		.byte	32
 425 018c 49       		.byte	73
 426 018d 04       		.byte	4
 427 018e 4C       		.byte	76
 428 018f 04       		.byte	4
 429 0190 4F       		.byte	79
 430 0191 04       		.byte	4
 431 0192 50       		.byte	80
 432 0193 0C       		.byte	12
 433 0194 52       		.byte	82
 434 0195 08       		.byte	8
 435 0196 57       		.byte	87
 436 0197 81       		.byte	-127
 437 0198 5D       		.byte	93
 438 0199 21       		.byte	33
 439 019a 5E       		.byte	94
 440 019b 40       		.byte	64
 441 019c 5F       		.byte	95
 442 019d 08       		.byte	8
 443 019e 65       		.byte	101
 444 019f 20       		.byte	32
 445 01a0 67       		.byte	103
 446 01a1 04       		.byte	4
 447 01a2 C0       		.byte	-64
 448 01a3 F9       		.byte	-7
 449 01a4 C2       		.byte	-62
 450 01a5 66       		.byte	102
 451 01a6 C4       		.byte	-60
 452 01a7 06       		.byte	6
 453 01a8 CA       		.byte	-54
 454 01a9 AD       		.byte	-83
 455 01aa CC       		.byte	-52
 456 01ab EF       		.byte	-17
ARM GAS  C:\Users\adamh\AppData\Local\Temp\ccMOf6zN.s 			page 9


 457 01ac CE       		.byte	-50
 458 01ad 02       		.byte	2
 459 01ae D0       		.byte	-48
 460 01af 58       		.byte	88
 461 01b0 D2       		.byte	-46
 462 01b1 20       		.byte	32
 463 01b2 D6       		.byte	-42
 464 01b3 F0       		.byte	-16
 465 01b4 EC       		.byte	-20
 466 01b5 10       		.byte	16
 467 01b6 EC       		.byte	-20
 468 01b7 80       		.byte	-128
 469 01b8 EC       		.byte	-20
 470 01b9 10       		.byte	16
 471 01ba E2       		.byte	-30
 472 01bb 04       		.byte	4
 473 01bc EC       		.byte	-20
 474 01bd 20       		.byte	32
 475 01be 06       		.byte	6
 476 01bf 02       		.byte	2
 477 01c0 0C       		.byte	12
 478 01c1 02       		.byte	2
 479 01c2 12       		.byte	18
 480 01c3 01       		.byte	1
 481 01c4 14       		.byte	20
 482 01c5 02       		.byte	2
 483 01c6 1A       		.byte	26
 484 01c7 01       		.byte	1
 485 01c8 2A       		.byte	42
 486 01c9 02       		.byte	2
 487 01ca 30       		.byte	48
 488 01cb 02       		.byte	2
 489 01cc 34       		.byte	52
 490 01cd 01       		.byte	1
 491 01ce 38       		.byte	56
 492 01cf 02       		.byte	2
 493 01d0 3E       		.byte	62
 494 01d1 10       		.byte	16
 495 01d2 58       		.byte	88
 496 01d3 04       		.byte	4
 497 01d4 5C       		.byte	92
 498 01d5 01       		.byte	1
 499 01d6 5F       		.byte	95
 500 01d7 01       		.byte	1
 501 01d8 00       		.byte	0
 502 01d9 40       		.byte	64
 503 01da 01       		.byte	1
 504 01db 18       		.byte	24
 505 01dc 04       		.byte	4
 506 01dd 08       		.byte	8
 507 01de 07       		.byte	7
 508 01df 01       		.byte	1
 509 01e0 09       		.byte	9
 510 01e1 0A       		.byte	10
 511 01e2 0A       		.byte	10
 512 01e3 06       		.byte	6
 513 01e4 0E       		.byte	14
ARM GAS  C:\Users\adamh\AppData\Local\Temp\ccMOf6zN.s 			page 10


 514 01e5 80       		.byte	-128
 515 01e6 0F       		.byte	15
 516 01e7 14       		.byte	20
 517 01e8 10       		.byte	16
 518 01e9 42       		.byte	66
 519 01ea 13       		.byte	19
 520 01eb 18       		.byte	24
 521 01ec 15       		.byte	21
 522 01ed 10       		.byte	16
 523 01ee 18       		.byte	24
 524 01ef 10       		.byte	16
 525 01f0 19       		.byte	25
 526 01f1 01       		.byte	1
 527 01f2 1B       		.byte	27
 528 01f3 20       		.byte	32
 529 01f4 1C       		.byte	28
 530 01f5 04       		.byte	4
 531 01f6 1E       		.byte	30
 532 01f7 80       		.byte	-128
 533 01f8 20       		.byte	32
 534 01f9 01       		.byte	1
 535 01fa 21       		.byte	33
 536 01fb 01       		.byte	1
 537 01fc 22       		.byte	34
 538 01fd 01       		.byte	1
 539 01fe 23       		.byte	35
 540 01ff 10       		.byte	16
 541 0200 28       		.byte	40
 542 0201 20       		.byte	32
 543 0202 29       		.byte	41
 544 0203 22       		.byte	34
 545 0204 30       		.byte	48
 546 0205 40       		.byte	64
 547 0206 31       		.byte	49
 548 0207 88       		.byte	-120
 549 0208 33       		.byte	51
 550 0209 11       		.byte	17
 551 020a 38       		.byte	56
 552 020b 48       		.byte	72
 553 020c 3A       		.byte	58
 554 020d 01       		.byte	1
 555 020e 3B       		.byte	59
 556 020f 10       		.byte	16
 557 0210 40       		.byte	64
 558 0211 01       		.byte	1
 559 0212 41       		.byte	65
 560 0213 01       		.byte	1
 561 0214 42       		.byte	66
 562 0215 04       		.byte	4
 563 0216 43       		.byte	67
 564 0217 08       		.byte	8
 565 0218 4B       		.byte	75
 566 0219 14       		.byte	20
 567 021a 50       		.byte	80
 568 021b 02       		.byte	2
 569 021c 59       		.byte	89
 570 021d 01       		.byte	1
ARM GAS  C:\Users\adamh\AppData\Local\Temp\ccMOf6zN.s 			page 11


 571 021e 60       		.byte	96
 572 021f 06       		.byte	6
 573 0220 63       		.byte	99
 574 0221 80       		.byte	-128
 575 0222 83       		.byte	-125
 576 0223 40       		.byte	64
 577 0224 89       		.byte	-119
 578 0225 92       		.byte	-110
 579 0226 8B       		.byte	-117
 580 0227 08       		.byte	8
 581 0228 8C       		.byte	-116
 582 0229 12       		.byte	18
 583 022a 8F       		.byte	-113
 584 022b 20       		.byte	32
 585 022c A1       		.byte	-95
 586 022d 02       		.byte	2
 587 022e C0       		.byte	-64
 588 022f A7       		.byte	-89
 589 0230 C2       		.byte	-62
 590 0231 7F       		.byte	127
 591 0232 C4       		.byte	-60
 592 0233 4F       		.byte	79
 593 0234 CA       		.byte	-54
 594 0235 07       		.byte	7
 595 0236 CC       		.byte	-52
 596 0237 0F       		.byte	15
 597 0238 CE       		.byte	-50
 598 0239 0F       		.byte	15
 599 023a D0       		.byte	-48
 600 023b 0F       		.byte	15
 601 023c D2       		.byte	-46
 602 023d 04       		.byte	4
 603 023e D6       		.byte	-42
 604 023f 01       		.byte	1
 605 0240 D8       		.byte	-40
 606 0241 0D       		.byte	13
 607 0242 EC       		.byte	-20
 608 0243 20       		.byte	32
 609 0244 02       		.byte	2
 610 0245 33       		.byte	51
 611 0246 04       		.byte	4
 612 0247 0C       		.byte	12
 613 0248 08       		.byte	8
 614 0249 4F       		.byte	79
 615 024a 09       		.byte	9
 616 024b 3E       		.byte	62
 617 024c 0A       		.byte	10
 618 024d 10       		.byte	16
 619 024e 0C       		.byte	12
 620 024f 41       		.byte	65
 621 0250 0D       		.byte	13
 622 0251 02       		.byte	2
 623 0252 0F       		.byte	15
 624 0253 0C       		.byte	12
 625 0254 10       		.byte	16
 626 0255 03       		.byte	3
 627 0256 14       		.byte	20
ARM GAS  C:\Users\adamh\AppData\Local\Temp\ccMOf6zN.s 			page 12


 628 0257 02       		.byte	2
 629 0258 15       		.byte	21
 630 0259 28       		.byte	40
 631 025a 17       		.byte	23
 632 025b 12       		.byte	18
 633 025c 18       		.byte	24
 634 025d 73       		.byte	115
 635 025e 19       		.byte	25
 636 025f 3E       		.byte	62
 637 0260 1A       		.byte	26
 638 0261 0C       		.byte	12
 639 0262 1C       		.byte	28
 640 0263 4C       		.byte	76
 641 0264 1E       		.byte	30
 642 0265 23       		.byte	35
 643 0266 22       		.byte	34
 644 0267 40       		.byte	64
 645 0268 24       		.byte	36
 646 0269 04       		.byte	4
 647 026a 25       		.byte	37
 648 026b 14       		.byte	20
 649 026c 27       		.byte	39
 650 026d 23       		.byte	35
 651 026e 28       		.byte	40
 652 026f 7F       		.byte	127
 653 0270 2C       		.byte	44
 654 0271 08       		.byte	8
 655 0272 31       		.byte	49
 656 0273 0E       		.byte	14
 657 0274 33       		.byte	51
 658 0275 30       		.byte	48
 659 0276 34       		.byte	52
 660 0277 0F       		.byte	15
 661 0278 36       		.byte	54
 662 0279 7C       		.byte	124
 663 027a 37       		.byte	55
 664 027b 01       		.byte	1
 665 027c 3A       		.byte	58
 666 027d A0       		.byte	-96
 667 027e 58       		.byte	88
 668 027f 04       		.byte	4
 669 0280 59       		.byte	89
 670 0281 04       		.byte	4
 671 0282 5C       		.byte	92
 672 0283 11       		.byte	17
 673 0284 5F       		.byte	95
 674 0285 01       		.byte	1
 675 0286 80       		.byte	-128
 676 0287 02       		.byte	2
 677 0288 85       		.byte	-123
 678 0289 01       		.byte	1
 679 028a 87       		.byte	-121
 680 028b 06       		.byte	6
 681 028c 88       		.byte	-120
 682 028d 02       		.byte	2
 683 028e 89       		.byte	-119
 684 028f 06       		.byte	6
ARM GAS  C:\Users\adamh\AppData\Local\Temp\ccMOf6zN.s 			page 13


 685 0290 8D       		.byte	-115
 686 0291 06       		.byte	6
 687 0292 8F       		.byte	-113
 688 0293 01       		.byte	1
 689 0294 90       		.byte	-112
 690 0295 01       		.byte	1
 691 0296 91       		.byte	-111
 692 0297 04       		.byte	4
 693 0298 94       		.byte	-108
 694 0299 02       		.byte	2
 695 029a 95       		.byte	-107
 696 029b 06       		.byte	6
 697 029c 97       		.byte	-105
 698 029d 01       		.byte	1
 699 029e 98       		.byte	-104
 700 029f 01       		.byte	1
 701 02a0 99       		.byte	-103
 702 02a1 02       		.byte	2
 703 02a2 9F       		.byte	-97
 704 02a3 01       		.byte	1
 705 02a4 A4       		.byte	-92
 706 02a5 02       		.byte	2
 707 02a6 A8       		.byte	-88
 708 02a7 01       		.byte	1
 709 02a8 A9       		.byte	-87
 710 02a9 07       		.byte	7
 711 02aa B0       		.byte	-80
 712 02ab 02       		.byte	2
 713 02ac B2       		.byte	-78
 714 02ad 01       		.byte	1
 715 02ae B5       		.byte	-75
 716 02af 07       		.byte	7
 717 02b0 BB       		.byte	-69
 718 02b1 20       		.byte	32
 719 02b2 BE       		.byte	-66
 720 02b3 01       		.byte	1
 721 02b4 D6       		.byte	-42
 722 02b5 02       		.byte	2
 723 02b6 D7       		.byte	-41
 724 02b7 10       		.byte	16
 725 02b8 D8       		.byte	-40
 726 02b9 04       		.byte	4
 727 02ba D9       		.byte	-39
 728 02bb 04       		.byte	4
 729 02bc DB       		.byte	-37
 730 02bd 04       		.byte	4
 731 02be DC       		.byte	-36
 732 02bf 11       		.byte	17
 733 02c0 DD       		.byte	-35
 734 02c1 10       		.byte	16
 735 02c2 DF       		.byte	-33
 736 02c3 01       		.byte	1
 737 02c4 01       		.byte	1
 738 02c5 40       		.byte	64
 739 02c6 03       		.byte	3
 740 02c7 54       		.byte	84
 741 02c8 04       		.byte	4
ARM GAS  C:\Users\adamh\AppData\Local\Temp\ccMOf6zN.s 			page 14


 742 02c9 02       		.byte	2
 743 02ca 05       		.byte	5
 744 02cb 12       		.byte	18
 745 02cc 09       		.byte	9
 746 02cd 08       		.byte	8
 747 02ce 0A       		.byte	10
 748 02cf 06       		.byte	6
 749 02d0 0B       		.byte	11
 750 02d1 40       		.byte	64
 751 02d2 0E       		.byte	14
 752 02d3 58       		.byte	88
 753 02d4 0F       		.byte	15
 754 02d5 10       		.byte	16
 755 02d6 10       		.byte	16
 756 02d7 20       		.byte	32
 757 02d8 12       		.byte	18
 758 02d9 81       		.byte	-127
 759 02da 13       		.byte	19
 760 02db 10       		.byte	16
 761 02dc 15       		.byte	21
 762 02dd 10       		.byte	16
 763 02de 17       		.byte	23
 764 02df 08       		.byte	8
 765 02e0 18       		.byte	24
 766 02e1 02       		.byte	2
 767 02e2 19       		.byte	25
 768 02e3 10       		.byte	16
 769 02e4 1A       		.byte	26
 770 02e5 06       		.byte	6
 771 02e6 1B       		.byte	27
 772 02e7 40       		.byte	64
 773 02e8 1E       		.byte	30
 774 02e9 80       		.byte	-128
 775 02ea 1F       		.byte	31
 776 02eb 08       		.byte	8
 777 02ec 20       		.byte	32
 778 02ed 40       		.byte	64
 779 02ee 21       		.byte	33
 780 02ef 08       		.byte	8
 781 02f0 22       		.byte	34
 782 02f1 80       		.byte	-128
 783 02f2 23       		.byte	35
 784 02f3 40       		.byte	64
 785 02f4 24       		.byte	36
 786 02f5 08       		.byte	8
 787 02f6 27       		.byte	39
 788 02f7 0C       		.byte	12
 789 02f8 28       		.byte	40
 790 02f9 20       		.byte	32
 791 02fa 2E       		.byte	46
 792 02fb 10       		.byte	16
 793 02fc 31       		.byte	49
 794 02fd 08       		.byte	8
 795 02fe 33       		.byte	51
 796 02ff 20       		.byte	32
 797 0300 35       		.byte	53
 798 0301 20       		.byte	32
ARM GAS  C:\Users\adamh\AppData\Local\Temp\ccMOf6zN.s 			page 15


 799 0302 37       		.byte	55
 800 0303 49       		.byte	73
 801 0304 38       		.byte	56
 802 0305 40       		.byte	64
 803 0306 39       		.byte	57
 804 0307 10       		.byte	16
 805 0308 3E       		.byte	62
 806 0309 24       		.byte	36
 807 030a 3F       		.byte	63
 808 030b 80       		.byte	-128
 809 030c 5E       		.byte	94
 810 030d 80       		.byte	-128
 811 030e 6D       		.byte	109
 812 030f 10       		.byte	16
 813 0310 6E       		.byte	110
 814 0311 48       		.byte	72
 815 0312 6F       		.byte	111
 816 0313 20       		.byte	32
 817 0314 74       		.byte	116
 818 0315 20       		.byte	32
 819 0316 75       		.byte	117
 820 0317 20       		.byte	32
 821 0318 76       		.byte	118
 822 0319 21       		.byte	33
 823 031a 77       		.byte	119
 824 031b 11       		.byte	17
 825 031c 83       		.byte	-125
 826 031d 48       		.byte	72
 827 031e 8C       		.byte	-116
 828 031f 20       		.byte	32
 829 0320 8D       		.byte	-115
 830 0321 48       		.byte	72
 831 0322 93       		.byte	-109
 832 0323 10       		.byte	16
 833 0324 94       		.byte	-108
 834 0325 48       		.byte	72
 835 0326 96       		.byte	-106
 836 0327 04       		.byte	4
 837 0328 9C       		.byte	-100
 838 0329 20       		.byte	32
 839 032a 9D       		.byte	-99
 840 032b 2A       		.byte	42
 841 032c 9E       		.byte	-98
 842 032d 01       		.byte	1
 843 032e 9F       		.byte	-97
 844 032f 18       		.byte	24
 845 0330 A5       		.byte	-91
 846 0331 08       		.byte	8
 847 0332 A7       		.byte	-89
 848 0333 08       		.byte	8
 849 0334 B2       		.byte	-78
 850 0335 04       		.byte	4
 851 0336 B3       		.byte	-77
 852 0337 01       		.byte	1
 853 0338 C0       		.byte	-64
 854 0339 5F       		.byte	95
 855 033a C2       		.byte	-62
ARM GAS  C:\Users\adamh\AppData\Local\Temp\ccMOf6zN.s 			page 16


 856 033b 7F       		.byte	127
 857 033c C4       		.byte	-60
 858 033d 6F       		.byte	111
 859 033e CA       		.byte	-54
 860 033f 22       		.byte	34
 861 0340 CC       		.byte	-52
 862 0341 F6       		.byte	-10
 863 0342 CE       		.byte	-50
 864 0343 7C       		.byte	124
 865 0344 D6       		.byte	-42
 866 0345 10       		.byte	16
 867 0346 EC       		.byte	-20
 868 0347 10       		.byte	16
 869 0348 33       		.byte	51
 870 0349 80       		.byte	-128
 871 034a 35       		.byte	53
 872 034b 80       		.byte	-128
 873 034c CC       		.byte	-52
 874 034d 30       		.byte	48
 875 034e 10       		.byte	16
 876 034f 04       		.byte	4
 877 0350 11       		.byte	17
 878 0351 40       		.byte	64
 879 0352 9D       		.byte	-99
 880 0353 80       		.byte	-128
 881 0354 A7       		.byte	-89
 882 0355 80       		.byte	-128
 883 0356 C4       		.byte	-60
 884 0357 40       		.byte	64
 885 0358 9D       		.byte	-99
 886 0359 80       		.byte	-128
 887 035a A9       		.byte	-87
 888 035b 40       		.byte	64
 889 035c AB       		.byte	-85
 890 035d 80       		.byte	-128
 891 035e B0       		.byte	-80
 892 035f 04       		.byte	4
 893 0360 10       		.byte	16
 894 0361 01       		.byte	1
 895 0362 9D       		.byte	-99
 896 0363 80       		.byte	-128
 897 0364 C4       		.byte	-60
 898 0365 40       		.byte	64
 899 0366 7C       		.byte	124
 900 0367 01       		.byte	1
 901 0368 DE       		.byte	-34
 902 0369 01       		.byte	1
 903 036a 94       		.byte	-108
 904 036b 01       		.byte	1
 905 036c 45       		.byte	69
 906 036d 08       		.byte	8
 907 036e 94       		.byte	-108
 908 036f 01       		.byte	1
 909 0370 A0       		.byte	-96
 910 0371 02       		.byte	2
 911 0372 B0       		.byte	-80
 912 0373 02       		.byte	2
ARM GAS  C:\Users\adamh\AppData\Local\Temp\ccMOf6zN.s 			page 17


 913 0374 D0       		.byte	-48
 914 0375 01       		.byte	1
 915 0376 EC       		.byte	-20
 916 0377 01       		.byte	1
 917 0378 A0       		.byte	-96
 918 0379 02       		.byte	2
 919 037a A5       		.byte	-91
 920 037b 08       		.byte	8
 921 037c B4       		.byte	-76
 922 037d 01       		.byte	1
 923 037e EC       		.byte	-20
 924 037f 08       		.byte	8
 925 0380 25       		.byte	37
 926 0381 10       		.byte	16
 927 0382 81       		.byte	-127
 928 0383 80       		.byte	-128
 929 0384 9D       		.byte	-99
 930 0385 80       		.byte	-128
 931 0386 B0       		.byte	-80
 932 0387 01       		.byte	1
 933 0388 C8       		.byte	-56
 934 0389 20       		.byte	32
 935 038a E2       		.byte	-30
 936 038b 20       		.byte	32
 937 038c B5       		.byte	-75
 938 038d 10       		.byte	16
 939 038e 54       		.byte	84
 940 038f 02       		.byte	2
 941 0390 61       		.byte	97
 942 0391 02       		.byte	2
 943 0392 8C       		.byte	-116
 944 0393 01       		.byte	1
 945 0394 A0       		.byte	-96
 946 0395 02       		.byte	2
 947 0396 A1       		.byte	-95
 948 0397 02       		.byte	2
 949 0398 A5       		.byte	-91
 950 0399 08       		.byte	8
 951 039a B1       		.byte	-79
 952 039b 02       		.byte	2
 953 039c D6       		.byte	-42
 954 039d 04       		.byte	4
 955 039e D8       		.byte	-40
 956 039f 02       		.byte	2
 957 03a0 E0       		.byte	-32
 958 03a1 02       		.byte	2
 959 03a2 EC       		.byte	-20
 960 03a3 04       		.byte	4
 961 03a4 12       		.byte	18
 962 03a5 80       		.byte	-128
 963 03a6 70       		.byte	112
 964 03a7 01       		.byte	1
 965 03a8 8E       		.byte	-114
 966 03a9 80       		.byte	-128
 967 03aa 90       		.byte	-112
 968 03ab 02       		.byte	2
 969 03ac B5       		.byte	-75
ARM GAS  C:\Users\adamh\AppData\Local\Temp\ccMOf6zN.s 			page 18


 970 03ad 08       		.byte	8
 971 03ae C4       		.byte	-60
 972 03af 08       		.byte	8
 973 03b0 DC       		.byte	-36
 974 03b1 01       		.byte	1
 975 03b2 E2       		.byte	-30
 976 03b3 02       		.byte	2
 977 03b4 EC       		.byte	-20
 978 03b5 08       		.byte	8
 979 03b6 00       		.byte	0
 980 03b7 02       		.byte	2
 981 03b8 0C       		.byte	12
 982 03b9 02       		.byte	2
 983 03ba 10       		.byte	16
 984 03bb 02       		.byte	2
 985 03bc 1C       		.byte	28
 986 03bd 02       		.byte	2
 987 03be 00       		.byte	0
 988 03bf 0F       		.byte	15
 989 03c0 00       		.byte	0
 990 03c1 10       		.byte	16
 991 03c2 00       		.byte	0
 992 03c3 00       		.byte	0
 993 03c4 04       		.byte	4
 994 03c5 18       		.byte	24
 995 03c6 00       		.byte	0
 996 03c7 04       		.byte	4
 997 03c8 00       		.byte	0
 998 03c9 1C       		.byte	28
 999 03ca 0C       		.byte	12
 1000 03cb 00       		.byte	0
 1001 03cc 0C       		.byte	12
 1002 03cd 00       		.byte	0
 1003 03ce 00       		.byte	0
 1004 03cf 01       		.byte	1
 1005 03d0 01       		.byte	1
 1006 03d1 04       		.byte	4
 1007 03d2 00       		.byte	0
 1008 03d3 18       		.byte	24
 1009 03d4 08       		.byte	8
 1010 03d5 00       		.byte	0
 1011 03d6 00       		.byte	0
 1012 03d7 02       		.byte	2
 1013 03d8 0C       		.byte	12
 1014 03d9 18       		.byte	24
 1015 03da 00       		.byte	0
 1016 03db 00       		.byte	0
 1017 03dc 00       		.byte	0
 1018 03dd 00       		.byte	0
 1019 03de 02       		.byte	2
 1020 03df 04       		.byte	4
 1021 03e0 00       		.byte	0
 1022 03e1 1C       		.byte	28
 1023 03e2 0C       		.byte	12
 1024 03e3 00       		.byte	0
 1025 03e4 00       		.byte	0
 1026 03e5 00       		.byte	0
ARM GAS  C:\Users\adamh\AppData\Local\Temp\ccMOf6zN.s 			page 19


 1027 03e6 0C       		.byte	12
 1028 03e7 02       		.byte	2
 1029 03e8 0C       		.byte	12
 1030 03e9 08       		.byte	8
 1031 03ea 00       		.byte	0
 1032 03eb 00       		.byte	0
 1033 03ec 00       		.byte	0
 1034 03ed 00       		.byte	0
 1035 03ee 02       		.byte	2
 1036 03ef 00       		.byte	0
 1037 03f0 0C       		.byte	12
 1038 03f1 1C       		.byte	28
 1039 03f2 02       		.byte	2
 1040 03f3 00       		.byte	0
 1041 03f4 01       		.byte	1
 1042 03f5 00       		.byte	0
 1043 03f6 00       		.byte	0
 1044 03f7 03       		.byte	3
 1045 03f8 00       		.byte	0
 1046 03f9 00       		.byte	0
 1047 03fa 00       		.byte	0
 1048 03fb 08       		.byte	8
 1049 03fc 00       		.byte	0
 1050 03fd 00       		.byte	0
 1051 03fe 14       		.byte	20
 1052 03ff 40       		.byte	64
 1053 0400 23       		.byte	35
 1054 0401 06       		.byte	6
 1055 0402 04       		.byte	4
 1056 0403 00       		.byte	0
 1057 0404 01       		.byte	1
 1058 0405 0E       		.byte	14
 1059 0406 00       		.byte	0
 1060 0407 C0       		.byte	-64
 1061 0408 21       		.byte	33
 1062 0409 FF       		.byte	-1
 1063 040a FF       		.byte	-1
 1064 040b FF       		.byte	-1
 1065 040c 62       		.byte	98
 1066 040d A0       		.byte	-96
 1067 040e F0       		.byte	-16
 1068 040f 41       		.byte	65
 1069 0410 0C       		.byte	12
 1070 0411 00       		.byte	0
 1071 0412 00       		.byte	0
 1072 0413 00       		.byte	0
 1073 0414 18       		.byte	24
 1074 0415 00       		.byte	0
 1075 0416 04       		.byte	4
 1076 0417 00       		.byte	0
 1077 0418 04       		.byte	4
 1078 0419 04       		.byte	4
 1079 041a 04       		.byte	4
 1080 041b 04       		.byte	4
 1081 041c 11       		.byte	17
 1082 041d 11       		.byte	17
 1083 041e 00       		.byte	0
ARM GAS  C:\Users\adamh\AppData\Local\Temp\ccMOf6zN.s 			page 20


 1084 041f 01       		.byte	1
 1085 0420 00       		.byte	0
 1086 0421 00       		.byte	0
 1087 0422 00       		.byte	0
 1088 0423 00       		.byte	0
 1089 0424 00       		.byte	0
 1090 0425 00       		.byte	0
 1091 0426 40       		.byte	64
 1092 0427 02       		.byte	2
 1093 0428 00       		.byte	0
 1094 0429 10       		.byte	16
 1095 042a 30       		.byte	48
 1096 042b 10       		.byte	16
 1097 042c 00       		.byte	0
 1098 042d 10       		.byte	16
 1099 042e 10       		.byte	16
 1100 042f 12       		.byte	18
 1101 0430 00       		.byte	0
 1102 0431 00       		.byte	0
 1103 0432 00       		.byte	0
 1104 0433 00       		.byte	0
 1105 0434 00       		.byte	0
 1106 0435 00       		.byte	0
 1107 0436 00       		.byte	0
 1108 0437 00       		.byte	0
 1109 0438 00       		.byte	0
 1110 0439 00       		.byte	0
 1111 043a 00       		.byte	0
 1112 043b 00       		.byte	0
 1113 043c 00       		.byte	0
 1114 043d 00       		.byte	0
 1115 043e 00       		.byte	0
 1116 043f 00       		.byte	0
 1117 0440 00       		.byte	0
 1118 0441 00       		.byte	0
 1119 0442 00       		.byte	0
 1120 0443 00       		.byte	0
 1121 0444 00       		.byte	0
 1122 0445 00       		.byte	0
 1123 0446 01       		.byte	1
 1124 0447 00       		.byte	0
 1125 0448 80       		.byte	-128
 1126 0449 00       		.byte	0
 1127 044a 40       		.byte	64
 1128 044b 80       		.byte	-128
 1129 044c 80       		.byte	-128
 1130 044d 00       		.byte	0
 1131 044e 80       		.byte	-128
 1132 044f 00       		.byte	0
 1133 0450 00       		.byte	0
 1134 0451 00       		.byte	0
 1135 0452 00       		.byte	0
 1136 0453 00       		.byte	0
 1137 0454 00       		.byte	0
 1138 0455 4F       		.byte	79
 1139 0456 4F       		.byte	79
 1140 0457 00       		.byte	0
ARM GAS  C:\Users\adamh\AppData\Local\Temp\ccMOf6zN.s 			page 21


 1141 0458 44       		.byte	68
 1142 0459 00       		.byte	0
 1143 045a 00       		.byte	0
 1144 045b 00       		.byte	0
 1145 045c 00       		.byte	0
 1146 045d 00       		.byte	0
 1147 045e 00       		.byte	0
 1148 045f 00       		.byte	0
 1149 0460 00       		.byte	0
 1150 0461 00       		.byte	0
 1151 0462 1E       		.byte	30
 1152 0463 00       		.byte	0
 1153 0464 95       		.byte	-107
 1154 0465 00       		.byte	0
 1155 0466 18       		.byte	24
 1156 0467 01       		.byte	1
 1157 0468 00       		.byte	0
 1158 0469 0A       		.byte	10
 1159 046a 00       		.byte	0
 1160 046b 00       		.byte	0
 1161              		.section	.cywolatch,"a",%progbits
 1162              		.align	2
 1163              		.type	cy_meta_wonvl, %object
 1164              		.size	cy_meta_wonvl, 4
 1165              	cy_meta_wonvl:
 1166 0000 BC       		.byte	-68
 1167 0001 90       		.byte	-112
 1168 0002 AC       		.byte	-84
 1169 0003 AF       		.byte	-81
 1170              		.section	.cycustnvl,"a",%progbits
 1171              		.align	2
 1172              		.type	cy_meta_custnvl, %object
 1173              		.size	cy_meta_custnvl, 4
 1174              	cy_meta_custnvl:
 1175 0000 00       		.byte	0
 1176 0001 00       		.byte	0
 1177 0002 40       		.byte	64
 1178 0003 05       		.byte	5
 1179              		.section	.cymeta,"a",%progbits
 1180              		.align	2
 1181              		.type	cy_metadata, %object
 1182              		.size	cy_metadata, 12
 1183              	cy_metadata:
 1184 0000 00       		.byte	0
 1185 0001 01       		.byte	1
 1186 0002 2E       		.byte	46
 1187 0003 16       		.byte	22
 1188 0004 10       		.byte	16
 1189 0005 69       		.byte	105
 1190 0006 00       		.byte	0
 1191 0007 01       		.byte	1
 1192 0008 00       		.byte	0
 1193 0009 00       		.byte	0
 1194 000a 00       		.byte	0
 1195 000b 00       		.byte	0
 1196              		.section	.cyflashprotect,"a",%progbits
 1197              		.align	2
ARM GAS  C:\Users\adamh\AppData\Local\Temp\ccMOf6zN.s 			page 22


 1198              		.type	cy_meta_flashprotect, %object
 1199              		.size	cy_meta_flashprotect, 256
 1200              	cy_meta_flashprotect:
 1201 0000 00000000 		.space	256
 1201      00000000 
 1201      00000000 
 1201      00000000 
 1201      00000000 
 1202              		.text
 1203              	.Letext0:
 1204              		.file 1 "c:\\program files (x86)\\cypress\\psoc creator\\4.3\\psoc creator\\import\\gnu\\arm\\5.4.
 1205              		.file 2 "c:\\program files (x86)\\cypress\\psoc creator\\4.3\\psoc creator\\import\\gnu\\arm\\5.4.
 1206              		.file 3 "Generated_Source\\PSoC5\\cymetadata.c"
 1207              		.section	.debug_info,"",%progbits
 1208              	.Ldebug_info0:
 1209 0000 32010000 		.4byte	0x132
 1210 0004 0400     		.2byte	0x4
 1211 0006 00000000 		.4byte	.Ldebug_abbrev0
 1212 000a 04       		.byte	0x4
 1213 000b 01       		.uleb128 0x1
 1214 000c 65000000 		.4byte	.LASF17
 1215 0010 0C       		.byte	0xc
 1216 0011 BF010000 		.4byte	.LASF18
 1217 0015 0A000000 		.4byte	.LASF19
 1218 0019 00000000 		.4byte	.Ldebug_line0
 1219 001d 02       		.uleb128 0x2
 1220 001e 01       		.byte	0x1
 1221 001f 06       		.byte	0x6
 1222 0020 B3010000 		.4byte	.LASF0
 1223 0024 03       		.uleb128 0x3
 1224 0025 00000000 		.4byte	.LASF9
 1225 0029 01       		.byte	0x1
 1226 002a 1D       		.byte	0x1d
 1227 002b 2F000000 		.4byte	0x2f
 1228 002f 02       		.uleb128 0x2
 1229 0030 01       		.byte	0x1
 1230 0031 08       		.byte	0x8
 1231 0032 57000000 		.4byte	.LASF1
 1232 0036 02       		.uleb128 0x2
 1233 0037 02       		.byte	0x2
 1234 0038 05       		.byte	0x5
 1235 0039 A0010000 		.4byte	.LASF2
 1236 003d 02       		.uleb128 0x2
 1237 003e 02       		.byte	0x2
 1238 003f 07       		.byte	0x7
 1239 0040 05010000 		.4byte	.LASF3
 1240 0044 02       		.uleb128 0x2
 1241 0045 04       		.byte	0x4
 1242 0046 05       		.byte	0x5
 1243 0047 AA010000 		.4byte	.LASF4
 1244 004b 02       		.uleb128 0x2
 1245 004c 04       		.byte	0x4
 1246 004d 07       		.byte	0x7
 1247 004e F3000000 		.4byte	.LASF5
 1248 0052 02       		.uleb128 0x2
 1249 0053 08       		.byte	0x8
 1250 0054 05       		.byte	0x5
ARM GAS  C:\Users\adamh\AppData\Local\Temp\ccMOf6zN.s 			page 23


 1251 0055 92010000 		.4byte	.LASF6
 1252 0059 02       		.uleb128 0x2
 1253 005a 08       		.byte	0x8
 1254 005b 07       		.byte	0x7
 1255 005c 47010000 		.4byte	.LASF7
 1256 0060 04       		.uleb128 0x4
 1257 0061 04       		.byte	0x4
 1258 0062 05       		.byte	0x5
 1259 0063 696E7400 		.ascii	"int\000"
 1260 0067 02       		.uleb128 0x2
 1261 0068 04       		.byte	0x4
 1262 0069 07       		.byte	0x7
 1263 006a 3A010000 		.4byte	.LASF8
 1264 006e 03       		.uleb128 0x3
 1265 006f 5E010000 		.4byte	.LASF10
 1266 0073 02       		.byte	0x2
 1267 0074 18       		.byte	0x18
 1268 0075 24000000 		.4byte	0x24
 1269 0079 05       		.uleb128 0x5
 1270 007a 91000000 		.4byte	0x91
 1271 007e 8A000000 		.4byte	0x8a
 1272 0082 06       		.uleb128 0x6
 1273 0083 8A000000 		.4byte	0x8a
 1274 0087 6B04     		.2byte	0x46b
 1275 0089 00       		.byte	0
 1276 008a 02       		.uleb128 0x2
 1277 008b 04       		.byte	0x4
 1278 008c 07       		.byte	0x7
 1279 008d 89010000 		.4byte	.LASF11
 1280 0091 07       		.uleb128 0x7
 1281 0092 6E000000 		.4byte	0x6e
 1282 0096 08       		.uleb128 0x8
 1283 0097 28010000 		.4byte	.LASF12
 1284 009b 03       		.byte	0x3
 1285 009c 1F       		.byte	0x1f
 1286 009d A7000000 		.4byte	0xa7
 1287 00a1 05       		.uleb128 0x5
 1288 00a2 03       		.byte	0x3
 1289 00a3 00000000 		.4byte	cy_meta_configecc
 1290 00a7 07       		.uleb128 0x7
 1291 00a8 79000000 		.4byte	0x79
 1292 00ac 05       		.uleb128 0x5
 1293 00ad 91000000 		.4byte	0x91
 1294 00b1 BC000000 		.4byte	0xbc
 1295 00b5 09       		.uleb128 0x9
 1296 00b6 8A000000 		.4byte	0x8a
 1297 00ba 03       		.byte	0x3
 1298 00bb 00       		.byte	0
 1299 00bc 08       		.uleb128 0x8
 1300 00bd 18010000 		.4byte	.LASF13
 1301 00c1 03       		.byte	0x3
 1302 00c2 BA       		.byte	0xba
 1303 00c3 CD000000 		.4byte	0xcd
 1304 00c7 05       		.uleb128 0x5
 1305 00c8 03       		.byte	0x3
 1306 00c9 00000000 		.4byte	cy_meta_custnvl
 1307 00cd 07       		.uleb128 0x7
ARM GAS  C:\Users\adamh\AppData\Local\Temp\ccMOf6zN.s 			page 24


 1308 00ce AC000000 		.4byte	0xac
 1309 00d2 08       		.uleb128 0x8
 1310 00d3 7B010000 		.4byte	.LASF14
 1311 00d7 03       		.byte	0x3
 1312 00d8 C8       		.byte	0xc8
 1313 00d9 E3000000 		.4byte	0xe3
 1314 00dd 05       		.uleb128 0x5
 1315 00de 03       		.byte	0x3
 1316 00df 00000000 		.4byte	cy_meta_wonvl
 1317 00e3 07       		.uleb128 0x7
 1318 00e4 AC000000 		.4byte	0xac
 1319 00e8 05       		.uleb128 0x5
 1320 00e9 91000000 		.4byte	0x91
 1321 00ed F8000000 		.4byte	0xf8
 1322 00f1 09       		.uleb128 0x9
 1323 00f2 8A000000 		.4byte	0x8a
 1324 00f6 FF       		.byte	0xff
 1325 00f7 00       		.byte	0
 1326 00f8 08       		.uleb128 0x8
 1327 00f9 66010000 		.4byte	.LASF15
 1328 00fd 03       		.byte	0x3
 1329 00fe D6       		.byte	0xd6
 1330 00ff 09010000 		.4byte	0x109
 1331 0103 05       		.uleb128 0x5
 1332 0104 03       		.byte	0x3
 1333 0105 00000000 		.4byte	cy_meta_flashprotect
 1334 0109 07       		.uleb128 0x7
 1335 010a E8000000 		.4byte	0xe8
 1336 010e 05       		.uleb128 0x5
 1337 010f 91000000 		.4byte	0x91
 1338 0113 1E010000 		.4byte	0x11e
 1339 0117 09       		.uleb128 0x9
 1340 0118 8A000000 		.4byte	0x8a
 1341 011c 0B       		.byte	0xb
 1342 011d 00       		.byte	0
 1343 011e 0A       		.uleb128 0xa
 1344 011f 4B000000 		.4byte	.LASF16
 1345 0123 03       		.byte	0x3
 1346 0124 0301     		.2byte	0x103
 1347 0126 30010000 		.4byte	0x130
 1348 012a 05       		.uleb128 0x5
 1349 012b 03       		.byte	0x3
 1350 012c 00000000 		.4byte	cy_metadata
 1351 0130 07       		.uleb128 0x7
 1352 0131 0E010000 		.4byte	0x10e
 1353 0135 00       		.byte	0
 1354              		.section	.debug_abbrev,"",%progbits
 1355              	.Ldebug_abbrev0:
 1356 0000 01       		.uleb128 0x1
 1357 0001 11       		.uleb128 0x11
 1358 0002 01       		.byte	0x1
 1359 0003 25       		.uleb128 0x25
 1360 0004 0E       		.uleb128 0xe
 1361 0005 13       		.uleb128 0x13
 1362 0006 0B       		.uleb128 0xb
 1363 0007 03       		.uleb128 0x3
 1364 0008 0E       		.uleb128 0xe
ARM GAS  C:\Users\adamh\AppData\Local\Temp\ccMOf6zN.s 			page 25


 1365 0009 1B       		.uleb128 0x1b
 1366 000a 0E       		.uleb128 0xe
 1367 000b 10       		.uleb128 0x10
 1368 000c 17       		.uleb128 0x17
 1369 000d 00       		.byte	0
 1370 000e 00       		.byte	0
 1371 000f 02       		.uleb128 0x2
 1372 0010 24       		.uleb128 0x24
 1373 0011 00       		.byte	0
 1374 0012 0B       		.uleb128 0xb
 1375 0013 0B       		.uleb128 0xb
 1376 0014 3E       		.uleb128 0x3e
 1377 0015 0B       		.uleb128 0xb
 1378 0016 03       		.uleb128 0x3
 1379 0017 0E       		.uleb128 0xe
 1380 0018 00       		.byte	0
 1381 0019 00       		.byte	0
 1382 001a 03       		.uleb128 0x3
 1383 001b 16       		.uleb128 0x16
 1384 001c 00       		.byte	0
 1385 001d 03       		.uleb128 0x3
 1386 001e 0E       		.uleb128 0xe
 1387 001f 3A       		.uleb128 0x3a
 1388 0020 0B       		.uleb128 0xb
 1389 0021 3B       		.uleb128 0x3b
 1390 0022 0B       		.uleb128 0xb
 1391 0023 49       		.uleb128 0x49
 1392 0024 13       		.uleb128 0x13
 1393 0025 00       		.byte	0
 1394 0026 00       		.byte	0
 1395 0027 04       		.uleb128 0x4
 1396 0028 24       		.uleb128 0x24
 1397 0029 00       		.byte	0
 1398 002a 0B       		.uleb128 0xb
 1399 002b 0B       		.uleb128 0xb
 1400 002c 3E       		.uleb128 0x3e
 1401 002d 0B       		.uleb128 0xb
 1402 002e 03       		.uleb128 0x3
 1403 002f 08       		.uleb128 0x8
 1404 0030 00       		.byte	0
 1405 0031 00       		.byte	0
 1406 0032 05       		.uleb128 0x5
 1407 0033 01       		.uleb128 0x1
 1408 0034 01       		.byte	0x1
 1409 0035 49       		.uleb128 0x49
 1410 0036 13       		.uleb128 0x13
 1411 0037 01       		.uleb128 0x1
 1412 0038 13       		.uleb128 0x13
 1413 0039 00       		.byte	0
 1414 003a 00       		.byte	0
 1415 003b 06       		.uleb128 0x6
 1416 003c 21       		.uleb128 0x21
 1417 003d 00       		.byte	0
 1418 003e 49       		.uleb128 0x49
 1419 003f 13       		.uleb128 0x13
 1420 0040 2F       		.uleb128 0x2f
 1421 0041 05       		.uleb128 0x5
ARM GAS  C:\Users\adamh\AppData\Local\Temp\ccMOf6zN.s 			page 26


 1422 0042 00       		.byte	0
 1423 0043 00       		.byte	0
 1424 0044 07       		.uleb128 0x7
 1425 0045 26       		.uleb128 0x26
 1426 0046 00       		.byte	0
 1427 0047 49       		.uleb128 0x49
 1428 0048 13       		.uleb128 0x13
 1429 0049 00       		.byte	0
 1430 004a 00       		.byte	0
 1431 004b 08       		.uleb128 0x8
 1432 004c 34       		.uleb128 0x34
 1433 004d 00       		.byte	0
 1434 004e 03       		.uleb128 0x3
 1435 004f 0E       		.uleb128 0xe
 1436 0050 3A       		.uleb128 0x3a
 1437 0051 0B       		.uleb128 0xb
 1438 0052 3B       		.uleb128 0x3b
 1439 0053 0B       		.uleb128 0xb
 1440 0054 49       		.uleb128 0x49
 1441 0055 13       		.uleb128 0x13
 1442 0056 3F       		.uleb128 0x3f
 1443 0057 19       		.uleb128 0x19
 1444 0058 02       		.uleb128 0x2
 1445 0059 18       		.uleb128 0x18
 1446 005a 00       		.byte	0
 1447 005b 00       		.byte	0
 1448 005c 09       		.uleb128 0x9
 1449 005d 21       		.uleb128 0x21
 1450 005e 00       		.byte	0
 1451 005f 49       		.uleb128 0x49
 1452 0060 13       		.uleb128 0x13
 1453 0061 2F       		.uleb128 0x2f
 1454 0062 0B       		.uleb128 0xb
 1455 0063 00       		.byte	0
 1456 0064 00       		.byte	0
 1457 0065 0A       		.uleb128 0xa
 1458 0066 34       		.uleb128 0x34
 1459 0067 00       		.byte	0
 1460 0068 03       		.uleb128 0x3
 1461 0069 0E       		.uleb128 0xe
 1462 006a 3A       		.uleb128 0x3a
 1463 006b 0B       		.uleb128 0xb
 1464 006c 3B       		.uleb128 0x3b
 1465 006d 05       		.uleb128 0x5
 1466 006e 49       		.uleb128 0x49
 1467 006f 13       		.uleb128 0x13
 1468 0070 3F       		.uleb128 0x3f
 1469 0071 19       		.uleb128 0x19
 1470 0072 02       		.uleb128 0x2
 1471 0073 18       		.uleb128 0x18
 1472 0074 00       		.byte	0
 1473 0075 00       		.byte	0
 1474 0076 00       		.byte	0
 1475              		.section	.debug_aranges,"",%progbits
 1476 0000 14000000 		.4byte	0x14
 1477 0004 0200     		.2byte	0x2
 1478 0006 00000000 		.4byte	.Ldebug_info0
ARM GAS  C:\Users\adamh\AppData\Local\Temp\ccMOf6zN.s 			page 27


 1479 000a 04       		.byte	0x4
 1480 000b 00       		.byte	0
 1481 000c 0000     		.2byte	0
 1482 000e 0000     		.2byte	0
 1483 0010 00000000 		.4byte	0
 1484 0014 00000000 		.4byte	0
 1485              		.section	.debug_line,"",%progbits
 1486              	.Ldebug_line0:
 1487 0000 3D010000 		.section	.debug_str,"MS",%progbits,1
 1487      02003701 
 1487      00000201 
 1487      FB0E0D00 
 1487      01010101 
 1488              	.LASF9:
 1489 0000 5F5F7569 		.ascii	"__uint8_t\000"
 1489      6E74385F 
 1489      7400
 1490              	.LASF19:
 1491 000a 433A5C45 		.ascii	"C:\\E3PRJ3\\Software\\Styringsenhed\\ADC\\ADC MK II"
 1491      3350524A 
 1491      335C536F 
 1491      66747761 
 1491      72655C53 
 1492 0038 495C4144 		.ascii	"I\\ADC MK III.cydsn\000"
 1492      43204D4B 
 1492      20494949 
 1492      2E637964 
 1492      736E00
 1493              	.LASF16:
 1494 004b 63795F6D 		.ascii	"cy_metadata\000"
 1494      65746164 
 1494      61746100 
 1495              	.LASF1:
 1496 0057 756E7369 		.ascii	"unsigned char\000"
 1496      676E6564 
 1496      20636861 
 1496      7200
 1497              	.LASF17:
 1498 0065 474E5520 		.ascii	"GNU C11 5.4.1 20160609 (release) [ARM/embedded-5-br"
 1498      43313120 
 1498      352E342E 
 1498      31203230 
 1498      31363036 
 1499 0098 616E6368 		.ascii	"anch revision 237715] -mcpu=cortex-m3 -mthumb -g -O"
 1499      20726576 
 1499      6973696F 
 1499      6E203233 
 1499      37373135 
 1500 00cb 67202D66 		.ascii	"g -ffunction-sections -ffat-lto-objects\000"
 1500      66756E63 
 1500      74696F6E 
 1500      2D736563 
 1500      74696F6E 
 1501              	.LASF5:
 1502 00f3 6C6F6E67 		.ascii	"long unsigned int\000"
 1502      20756E73 
 1502      69676E65 
ARM GAS  C:\Users\adamh\AppData\Local\Temp\ccMOf6zN.s 			page 28


 1502      6420696E 
 1502      7400
 1503              	.LASF3:
 1504 0105 73686F72 		.ascii	"short unsigned int\000"
 1504      7420756E 
 1504      7369676E 
 1504      65642069 
 1504      6E7400
 1505              	.LASF13:
 1506 0118 63795F6D 		.ascii	"cy_meta_custnvl\000"
 1506      6574615F 
 1506      63757374 
 1506      6E766C00 
 1507              	.LASF12:
 1508 0128 63795F6D 		.ascii	"cy_meta_configecc\000"
 1508      6574615F 
 1508      636F6E66 
 1508      69676563 
 1508      6300
 1509              	.LASF8:
 1510 013a 756E7369 		.ascii	"unsigned int\000"
 1510      676E6564 
 1510      20696E74 
 1510      00
 1511              	.LASF7:
 1512 0147 6C6F6E67 		.ascii	"long long unsigned int\000"
 1512      206C6F6E 
 1512      6720756E 
 1512      7369676E 
 1512      65642069 
 1513              	.LASF10:
 1514 015e 75696E74 		.ascii	"uint8_t\000"
 1514      385F7400 
 1515              	.LASF15:
 1516 0166 63795F6D 		.ascii	"cy_meta_flashprotect\000"
 1516      6574615F 
 1516      666C6173 
 1516      6870726F 
 1516      74656374 
 1517              	.LASF14:
 1518 017b 63795F6D 		.ascii	"cy_meta_wonvl\000"
 1518      6574615F 
 1518      776F6E76 
 1518      6C00
 1519              	.LASF11:
 1520 0189 73697A65 		.ascii	"sizetype\000"
 1520      74797065 
 1520      00
 1521              	.LASF6:
 1522 0192 6C6F6E67 		.ascii	"long long int\000"
 1522      206C6F6E 
 1522      6720696E 
 1522      7400
 1523              	.LASF2:
 1524 01a0 73686F72 		.ascii	"short int\000"
 1524      7420696E 
 1524      7400
ARM GAS  C:\Users\adamh\AppData\Local\Temp\ccMOf6zN.s 			page 29


 1525              	.LASF4:
 1526 01aa 6C6F6E67 		.ascii	"long int\000"
 1526      20696E74 
 1526      00
 1527              	.LASF0:
 1528 01b3 7369676E 		.ascii	"signed char\000"
 1528      65642063 
 1528      68617200 
 1529              	.LASF18:
 1530 01bf 47656E65 		.ascii	"Generated_Source\\PSoC5\\cymetadata.c\000"
 1530      72617465 
 1530      645F536F 
 1530      75726365 
 1530      5C50536F 
 1531              		.ident	"GCC: (GNU Tools for ARM Embedded Processors) 5.4.1 20160609 (release) [ARM/embedded-5-bran
