ARM GAS  C:\Users\adamh\AppData\Local\Temp\cckCLK6x.s 			page 1


   1              		.syntax unified
   2              		.cpu cortex-m3
   3              		.fpu softvfp
   4              		.eabi_attribute 20, 1
   5              		.eabi_attribute 21, 1
   6              		.eabi_attribute 23, 3
   7              		.eabi_attribute 24, 1
   8              		.eabi_attribute 25, 1
   9              		.eabi_attribute 26, 1
  10              		.eabi_attribute 30, 1
  11              		.eabi_attribute 34, 1
  12              		.eabi_attribute 18, 4
  13              		.thumb
  14              		.syntax unified
  15              		.file	"main.c"
  16              		.text
  17              	.Ltext0:
  18              		.cfi_sections	.debug_frame
  19              		.section	.text.main,"ax",%progbits
  20              		.align	2
  21              		.global	main
  22              		.thumb
  23              		.thumb_func
  24              		.type	main, %function
  25              	main:
  26              	.LFB64:
  27              		.file 1 "main.c"
   1:main.c        **** /* ========================================
   2:main.c        ****  *
   3:main.c        ****  * Copyright YOUR COMPANY, THE YEAR
   4:main.c        ****  * All Rights Reserved
   5:main.c        ****  * UNPUBLISHED, LICENSED SOFTWARE.
   6:main.c        ****  *
   7:main.c        ****  * CONFIDENTIAL AND PROPRIETARY INFORMATION
   8:main.c        ****  * WHICH IS THE PROPERTY OF your company.
   9:main.c        ****  *
  10:main.c        ****  * ========================================
  11:main.c        ****  */
  12:main.c        **** #include "project.h"
  13:main.c        **** #include <complex.h>
  14:main.c        **** #include <stdio.h>
  15:main.c        **** #include <tgmath.h>
  16:main.c        **** #include <stdlib.h>
  17:main.c        **** #include "fft.h"
  18:main.c        **** 
  19:main.c        **** #define NO_OF_SAMPLES2 64
  20:main.c        **** #define n (NO_OF_SAMPLES / 2)
  21:main.c        **** 
  22:main.c        **** 
  23:main.c        **** #define TRANSFER_COUNT1 NO_OF_SAMPLES1 * 2
  24:main.c        **** #define TRANSFER_COUNT2 NO_OF_SAMPLES2 * 2
  25:main.c        **** 
  26:main.c        **** /* Defines for DMA_1 */
  27:main.c        **** #define DMA_1_BYTES_PER_BURST 2
  28:main.c        **** #define DMA_1_REQUEST_PER_BURST 1
  29:main.c        **** #define DMA_1_SRC_BASE (CYDEV_PERIPH_BASE)
  30:main.c        **** #define DMA_1_DST_BASE (CYDEV_SRAM_BASE)
ARM GAS  C:\Users\adamh\AppData\Local\Temp\cckCLK6x.s 			page 2


  31:main.c        **** 
  32:main.c        **** /* Variable declarations for DMA_1 */
  33:main.c        **** /* Move these variable declarations to the top of the function */
  34:main.c        **** 
  35:main.c        **** CY_ISR_PROTO(ISR_UART_rx_handler);
  36:main.c        **** void
  37:main.c        **** handleByteReceived(uint8 byteReceived);
  38:main.c        **** 
  39:main.c        **** 
  40:main.c        **** CY_ISR_PROTO(ISR_DMA_Done);
  41:main.c        **** 
  42:main.c        **** char uartBuffer[256];
  43:main.c        **** uint16 ADCToFFT[NO_OF_SAMPLES] = {0};
  44:main.c        **** uint16 FFTMagnitude[NO_OF_SAMPLES/2];
  45:main.c        **** uint16 ADC_Sample[NO_OF_SAMPLES] = { 0 };
  46:main.c        **** 
  47:main.c        **** int
  48:main.c        **** main(void)
  49:main.c        **** {
  28              		.loc 1 49 0
  29              		.cfi_startproc
  30              		@ args = 0, pretend = 0, frame = 0
  31              		@ frame_needed = 0, uses_anonymous_args = 0
  32 0000 38B5     		push	{r3, r4, r5, lr}
  33              		.cfi_def_cfa_offset 16
  34              		.cfi_offset 3, -16
  35              		.cfi_offset 4, -12
  36              		.cfi_offset 5, -8
  37              		.cfi_offset 14, -4
  50:main.c        ****   CyGlobalIntEnable; /* Enable global interrupts. */
  38              		.loc 1 50 0
  39              		.syntax unified
  40              	@ 50 "main.c" 1
  41 0002 62B6     		CPSIE   i
  42              	@ 0 "" 2
  51:main.c        **** 
  52:main.c        ****     
  53:main.c        ****     ADC_DelSig_Start(); 
  43              		.loc 1 53 0
  44              		.thumb
  45              		.syntax unified
  46 0004 FFF7FEFF 		bl	ADC_DelSig_Start
  47              	.LVL0:
  54:main.c        ****     ADC_DelSig_StartConvert(); 
  48              		.loc 1 54 0
  49 0008 FFF7FEFF 		bl	ADC_DelSig_StartConvert
  50              	.LVL1:
  55:main.c        ****   isr_uart_rx_StartEx(ISR_UART_rx_handler);
  51              		.loc 1 55 0
  52 000c 1448     		ldr	r0, .L4
  53 000e FFF7FEFF 		bl	isr_uart_rx_StartEx
  54              	.LVL2:
  56:main.c        ****   UART_1_Start();
  55              		.loc 1 56 0
  56 0012 FFF7FEFF 		bl	UART_1_Start
  57              	.LVL3:
  57:main.c        ****   uint8 DMA_1_Chan;
ARM GAS  C:\Users\adamh\AppData\Local\Temp\cckCLK6x.s 			page 3


  58:main.c        ****   uint8 DMA_1_TD[1];
  59:main.c        **** 
  60:main.c        ****   /* DMA Configuration for DMA_1 */
  61:main.c        ****   DMA_1_Chan = DMA_1_DmaInitialize(DMA_1_BYTES_PER_BURST,
  58              		.loc 1 61 0
  59 0016 41F6FF73 		movw	r3, #8191
  60 001a 4FF48042 		mov	r2, #16384
  61 001e 0121     		movs	r1, #1
  62 0020 0220     		movs	r0, #2
  63 0022 FFF7FEFF 		bl	DMA_1_DmaInitialize
  64              	.LVL4:
  65 0026 0546     		mov	r5, r0
  66              	.LVL5:
  62:main.c        ****                                    DMA_1_REQUEST_PER_BURST,
  63:main.c        ****                                    HI16(DMA_1_SRC_BASE),
  64:main.c        ****                                    HI16(DMA_1_DST_BASE));
  65:main.c        ****   DMA_1_TD[0] = CyDmaTdAllocate();
  67              		.loc 1 65 0
  68 0028 FFF7FEFF 		bl	CyDmaTdAllocate
  69              	.LVL6:
  70 002c 0446     		mov	r4, r0
  66:main.c        ****   CyDmaTdSetConfiguration(DMA_1_TD[0],
  71              		.loc 1 66 0
  72 002e 0623     		movs	r3, #6
  73 0030 0246     		mov	r2, r0
  74 0032 1021     		movs	r1, #16
  75 0034 FFF7FEFF 		bl	CyDmaTdSetConfiguration
  76              	.LVL7:
  67:main.c        ****                           2 * NO_OF_SAMPLES,
  68:main.c        ****                           DMA_1_TD[0],
  69:main.c        ****                            DMA_1__TD_TERMOUT_EN |
  70:main.c        ****                             CY_DMA_TD_INC_DST_ADR);
  71:main.c        ****   CyDmaTdSetAddress(DMA_1_TD[0],
  77              		.loc 1 71 0
  78 0038 0A4A     		ldr	r2, .L4+4
  79 003a 92B2     		uxth	r2, r2
  80 003c 44F61061 		movw	r1, #19984
  81 0040 2046     		mov	r0, r4
  82 0042 FFF7FEFF 		bl	CyDmaTdSetAddress
  83              	.LVL8:
  72:main.c        ****                     LO16((uint32)ADC_DelSig_DEC_SAMP_PTR),
  73:main.c        ****                     LO16((uint32)&ADC_Sample[0]));
  74:main.c        ****   CyDmaChSetInitialTd(DMA_1_Chan, DMA_1_TD[0]);
  84              		.loc 1 74 0
  85 0046 2146     		mov	r1, r4
  86 0048 2846     		mov	r0, r5
  87 004a FFF7FEFF 		bl	CyDmaChSetInitialTd
  88              	.LVL9:
  75:main.c        ****   CyDmaChEnable(DMA_1_Chan, 1);
  89              		.loc 1 75 0
  90 004e 0121     		movs	r1, #1
  91 0050 2846     		mov	r0, r5
  92 0052 FFF7FEFF 		bl	CyDmaChEnable
  93              	.LVL10:
  76:main.c        **** 
  77:main.c        **** 
  78:main.c        ****   /* Place your initialization/startup code here (e.g. MyInst_Start()) */
ARM GAS  C:\Users\adamh\AppData\Local\Temp\cckCLK6x.s 			page 4


  79:main.c        ****   UART_1_PutString("Starting...\n");
  94              		.loc 1 79 0
  95 0056 0448     		ldr	r0, .L4+8
  96 0058 FFF7FEFF 		bl	UART_1_PutString
  97              	.LVL11:
  98              	.L2:
  99 005c FEE7     		b	.L2
 100              	.L5:
 101 005e 00BF     		.align	2
 102              	.L4:
 103 0060 00000000 		.word	ISR_UART_rx_handler
 104 0064 00000000 		.word	.LANCHOR0
 105 0068 00000000 		.word	.LC0
 106              		.cfi_endproc
 107              	.LFE64:
 108              		.size	main, .-main
 109              		.section	.text.handleByteReceived,"ax",%progbits
 110              		.align	2
 111              		.global	handleByteReceived
 112              		.thumb
 113              		.thumb_func
 114              		.type	handleByteReceived, %function
 115              	handleByteReceived:
 116              	.LFB66:
  80:main.c        **** 
  81:main.c        **** 
  82:main.c        **** 
  83:main.c        **** 
  84:main.c        **** 
  85:main.c        ****   for (;;) {
  86:main.c        **** //    CyDelay(100);     
  87:main.c        ****     /* Place your application code here. */
  88:main.c        ****   }
  89:main.c        **** }
  90:main.c        **** 
  91:main.c        ****         
  92:main.c        ****     
  93:main.c        **** CY_ISR(ISR_UART_rx_handler)
  94:main.c        **** {
  95:main.c        ****   uint8 bytesToRead = UART_1_GetRxBufferSize();
  96:main.c        ****   while (bytesToRead > 0) {
  97:main.c        ****     uint8 byteReceived = UART_1_ReadRxData();
  98:main.c        ****     UART_1_WriteTxData(byteReceived); // echo back
  99:main.c        **** 
 100:main.c        ****     handleByteReceived(byteReceived);
 101:main.c        **** 
 102:main.c        ****     bytesToRead--;
 103:main.c        ****   }
 104:main.c        **** }
 105:main.c        **** 
 106:main.c        **** void
 107:main.c        **** handleByteReceived(uint8 byteReceived)
 108:main.c        **** {
 117              		.loc 1 108 0
 118              		.cfi_startproc
 119              		@ args = 0, pretend = 0, frame = 0
 120              		@ frame_needed = 0, uses_anonymous_args = 0
ARM GAS  C:\Users\adamh\AppData\Local\Temp\cckCLK6x.s 			page 5


 121              	.LVL12:
 122 0000 08B5     		push	{r3, lr}
 123              		.cfi_def_cfa_offset 8
 124              		.cfi_offset 3, -8
 125              		.cfi_offset 14, -4
 109:main.c        ****   switch (byteReceived) {
 126              		.loc 1 109 0
 127 0002 7128     		cmp	r0, #113
 128 0004 02D0     		beq	.L8
 129 0006 7728     		cmp	r0, #119
 130 0008 04D0     		beq	.L9
 131 000a 08BD     		pop	{r3, pc}
 132              	.L8:
 110:main.c        ****     case 'q': {
 111:main.c        ****       UART_1_PutString("q pressed! \n");
 133              		.loc 1 111 0
 134 000c 0348     		ldr	r0, .L11
 135              	.LVL13:
 136 000e FFF7FEFF 		bl	UART_1_PutString
 137              	.LVL14:
 112:main.c        ****     } break;
 138              		.loc 1 112 0
 139 0012 08BD     		pop	{r3, pc}
 140              	.LVL15:
 141              	.L9:
 113:main.c        ****     case 'w': {
 114:main.c        ****       UART_1_PutString("w pressed! \n");
 142              		.loc 1 114 0
 143 0014 0248     		ldr	r0, .L11+4
 144              	.LVL16:
 145 0016 FFF7FEFF 		bl	UART_1_PutString
 146              	.LVL17:
 147 001a 08BD     		pop	{r3, pc}
 148              	.L12:
 149              		.align	2
 150              	.L11:
 151 001c 10000000 		.word	.LC1
 152 0020 20000000 		.word	.LC2
 153              		.cfi_endproc
 154              	.LFE66:
 155              		.size	handleByteReceived, .-handleByteReceived
 156              		.section	.text.ISR_UART_rx_handler,"ax",%progbits
 157              		.align	2
 158              		.global	ISR_UART_rx_handler
 159              		.thumb
 160              		.thumb_func
 161              		.type	ISR_UART_rx_handler, %function
 162              	ISR_UART_rx_handler:
 163              	.LFB65:
  94:main.c        ****   uint8 bytesToRead = UART_1_GetRxBufferSize();
 164              		.loc 1 94 0
 165              		.cfi_startproc
 166              		@ args = 0, pretend = 0, frame = 0
 167              		@ frame_needed = 0, uses_anonymous_args = 0
 168 0000 38B5     		push	{r3, r4, r5, lr}
 169              		.cfi_def_cfa_offset 16
 170              		.cfi_offset 3, -16
ARM GAS  C:\Users\adamh\AppData\Local\Temp\cckCLK6x.s 			page 6


 171              		.cfi_offset 4, -12
 172              		.cfi_offset 5, -8
 173              		.cfi_offset 14, -4
  95:main.c        ****   while (bytesToRead > 0) {
 174              		.loc 1 95 0
 175 0002 FFF7FEFF 		bl	UART_1_GetRxBufferSize
 176              	.LVL18:
 177 0006 0446     		mov	r4, r0
 178              	.LVL19:
  96:main.c        ****     uint8 byteReceived = UART_1_ReadRxData();
 179              		.loc 1 96 0
 180 0008 09E0     		b	.L14
 181              	.L15:
 182              	.LBB2:
  97:main.c        ****     UART_1_WriteTxData(byteReceived); // echo back
 183              		.loc 1 97 0
 184 000a FFF7FEFF 		bl	UART_1_ReadRxData
 185              	.LVL20:
 186 000e 0546     		mov	r5, r0
 187              	.LVL21:
  98:main.c        **** 
 188              		.loc 1 98 0
 189 0010 FFF7FEFF 		bl	UART_1_WriteTxData
 190              	.LVL22:
 100:main.c        **** 
 191              		.loc 1 100 0
 192 0014 2846     		mov	r0, r5
 193 0016 FFF7FEFF 		bl	handleByteReceived
 194              	.LVL23:
 102:main.c        ****   }
 195              		.loc 1 102 0
 196 001a 013C     		subs	r4, r4, #1
 197              	.LVL24:
 198 001c E4B2     		uxtb	r4, r4
 199              	.LVL25:
 200              	.L14:
 201              	.LBE2:
  96:main.c        ****     uint8 byteReceived = UART_1_ReadRxData();
 202              		.loc 1 96 0
 203 001e 002C     		cmp	r4, #0
 204 0020 F3D1     		bne	.L15
 104:main.c        **** 
 205              		.loc 1 104 0
 206 0022 38BD     		pop	{r3, r4, r5, pc}
 207              		.cfi_endproc
 208              	.LFE65:
 209              		.size	ISR_UART_rx_handler, .-ISR_UART_rx_handler
 210              		.section	.text.ISR_DMA_Done,"ax",%progbits
 211              		.align	2
 212              		.global	ISR_DMA_Done
 213              		.thumb
 214              		.thumb_func
 215              		.type	ISR_DMA_Done, %function
 216              	ISR_DMA_Done:
 217              	.LFB67:
 115:main.c        ****     } break;
 116:main.c        ****     default: {
ARM GAS  C:\Users\adamh\AppData\Local\Temp\cckCLK6x.s 			page 7


 117:main.c        ****       // nothing
 118:main.c        ****     } break;
 119:main.c        ****   }
 120:main.c        **** }
 121:main.c        **** 
 122:main.c        **** 
 123:main.c        **** CY_ISR(ISR_DMA_Done)
 124:main.c        **** {
 218              		.loc 1 124 0
 219              		.cfi_startproc
 220              		@ args = 0, pretend = 0, frame = 0
 221              		@ frame_needed = 0, uses_anonymous_args = 0
 222 0000 08B5     		push	{r3, lr}
 223              		.cfi_def_cfa_offset 8
 224              		.cfi_offset 3, -8
 225              		.cfi_offset 14, -4
 125:main.c        ****     dma_done_test_Write(1);
 226              		.loc 1 125 0
 227 0002 0120     		movs	r0, #1
 228 0004 FFF7FEFF 		bl	dma_done_test_Write
 229              	.LVL26:
 230              	.LBB3:
 126:main.c        **** //        snprintf(uartBuffer,sizeof(uartBuffer),"\nPackage of %d samples \n\n",NO_OF_SAMPLES);
 127:main.c        **** ////        UART_1_PutString(uartBuffer);
 128:main.c        ****           for (size_t i = 0; i < NO_OF_SAMPLES; i++) {
 231              		.loc 1 128 0
 232 0008 0023     		movs	r3, #0
 233 000a 06E0     		b	.L18
 234              	.LVL27:
 235              	.L19:
 129:main.c        ****             ADCToFFT[i]=ADC_Sample[i];        
 236              		.loc 1 129 0 discriminator 3
 237 000c 074A     		ldr	r2, .L21
 238 000e 32F81310 		ldrh	r1, [r2, r3, lsl #1]
 239 0012 02EB4302 		add	r2, r2, r3, lsl #1
 240 0016 1182     		strh	r1, [r2, #16]	@ movhi
 128:main.c        ****             ADCToFFT[i]=ADC_Sample[i];        
 241              		.loc 1 128 0 discriminator 3
 242 0018 0133     		adds	r3, r3, #1
 243              	.LVL28:
 244              	.L18:
 128:main.c        ****             ADCToFFT[i]=ADC_Sample[i];        
 245              		.loc 1 128 0 is_stmt 0 discriminator 1
 246 001a 072B     		cmp	r3, #7
 247 001c F6D9     		bls	.L19
 248              	.LBE3:
 130:main.c        ****       }
 131:main.c        ****         DoFFT(ADCToFFT);
 249              		.loc 1 131 0 is_stmt 1
 250 001e 0448     		ldr	r0, .L21+4
 251 0020 FFF7FEFF 		bl	DoFFT
 252              	.LVL29:
 132:main.c        ****      dma_done_test_Write(0);
 253              		.loc 1 132 0
 254 0024 0020     		movs	r0, #0
 255 0026 FFF7FEFF 		bl	dma_done_test_Write
 256              	.LVL30:
ARM GAS  C:\Users\adamh\AppData\Local\Temp\cckCLK6x.s 			page 8


 257 002a 08BD     		pop	{r3, pc}
 258              	.L22:
 259              		.align	2
 260              	.L21:
 261 002c 00000000 		.word	.LANCHOR0
 262 0030 10000000 		.word	.LANCHOR0+16
 263              		.cfi_endproc
 264              	.LFE67:
 265              		.size	ISR_DMA_Done, .-ISR_DMA_Done
 266              		.global	ADC_Sample
 267              		.comm	FFTMagnitude,8,4
 268              		.global	ADCToFFT
 269              		.comm	uartBuffer,256,4
 270              		.section	.rodata.str1.4,"aMS",%progbits,1
 271              		.align	2
 272              	.LC0:
 273 0000 53746172 		.ascii	"Starting...\012\000"
 273      74696E67 
 273      2E2E2E0A 
 273      00
 274 000d 000000   		.space	3
 275              	.LC1:
 276 0010 71207072 		.ascii	"q pressed! \012\000"
 276      65737365 
 276      6421200A 
 276      00
 277 001d 000000   		.space	3
 278              	.LC2:
 279 0020 77207072 		.ascii	"w pressed! \012\000"
 279      65737365 
 279      6421200A 
 279      00
 280              		.bss
 281              		.align	2
 282              		.set	.LANCHOR0,. + 0
 283              		.type	ADC_Sample, %object
 284              		.size	ADC_Sample, 16
 285              	ADC_Sample:
 286 0000 00000000 		.space	16
 286      00000000 
 286      00000000 
 286      00000000 
 287              		.type	ADCToFFT, %object
 288              		.size	ADCToFFT, 16
 289              	ADCToFFT:
 290 0010 00000000 		.space	16
 290      00000000 
 290      00000000 
 290      00000000 
 291              		.text
 292              	.Letext0:
 293              		.file 2 "c:\\program files (x86)\\cypress\\psoc creator\\4.3\\psoc creator\\import\\gnu\\arm\\5.4.
 294              		.file 3 "c:\\program files (x86)\\cypress\\psoc creator\\4.3\\psoc creator\\import\\gnu\\arm\\5.4.
 295              		.file 4 "Generated_Source\\PSoC5/cytypes.h"
 296              		.file 5 "c:\\program files (x86)\\cypress\\psoc creator\\4.3\\psoc creator\\import\\gnu\\arm\\5.4.
 297              		.file 6 "Generated_Source\\PSoC5/core_cm3.h"
 298              		.file 7 "Generated_Source\\PSoC5/ADC_DelSig.h"
ARM GAS  C:\Users\adamh\AppData\Local\Temp\cckCLK6x.s 			page 9


 299              		.file 8 "Generated_Source\\PSoC5/isr_uart_rx.h"
 300              		.file 9 "Generated_Source\\PSoC5/UART_1.h"
 301              		.file 10 "Generated_Source\\PSoC5/DMA_1_dma.h"
 302              		.file 11 "Generated_Source\\PSoC5/CYDMAC.H"
 303              		.file 12 "Generated_Source\\PSoC5/dma_done_test.h"
 304              		.file 13 "fft.h"
 305              		.section	.debug_info,"",%progbits
 306              	.Ldebug_info0:
 307 0000 78040000 		.4byte	0x478
 308 0004 0400     		.2byte	0x4
 309 0006 00000000 		.4byte	.Ldebug_abbrev0
 310 000a 04       		.byte	0x4
 311 000b 01       		.uleb128 0x1
 312 000c CF000000 		.4byte	.LASF48
 313 0010 0C       		.byte	0xc
 314 0011 C4020000 		.4byte	.LASF49
 315 0015 D0020000 		.4byte	.LASF50
 316 0019 00000000 		.4byte	.Ldebug_ranges0+0
 317 001d 00000000 		.4byte	0
 318 0021 00000000 		.4byte	.Ldebug_line0
 319 0025 02       		.uleb128 0x2
 320 0026 01       		.byte	0x1
 321 0027 06       		.byte	0x6
 322 0028 39030000 		.4byte	.LASF0
 323 002c 02       		.uleb128 0x2
 324 002d 01       		.byte	0x1
 325 002e 08       		.byte	0x8
 326 002f C1000000 		.4byte	.LASF1
 327 0033 02       		.uleb128 0x2
 328 0034 02       		.byte	0x2
 329 0035 05       		.byte	0x5
 330 0036 01030000 		.4byte	.LASF2
 331 003a 02       		.uleb128 0x2
 332 003b 02       		.byte	0x2
 333 003c 07       		.byte	0x7
 334 003d 65000000 		.4byte	.LASF3
 335 0041 03       		.uleb128 0x3
 336 0042 3E000000 		.4byte	.LASF9
 337 0046 02       		.byte	0x2
 338 0047 3F       		.byte	0x3f
 339 0048 4C000000 		.4byte	0x4c
 340 004c 02       		.uleb128 0x2
 341 004d 04       		.byte	0x4
 342 004e 05       		.byte	0x5
 343 004f 1E030000 		.4byte	.LASF4
 344 0053 02       		.uleb128 0x2
 345 0054 04       		.byte	0x4
 346 0055 07       		.byte	0x7
 347 0056 8E010000 		.4byte	.LASF5
 348 005a 02       		.uleb128 0x2
 349 005b 08       		.byte	0x8
 350 005c 05       		.byte	0x5
 351 005d B6020000 		.4byte	.LASF6
 352 0061 02       		.uleb128 0x2
 353 0062 08       		.byte	0x8
 354 0063 07       		.byte	0x7
 355 0064 52020000 		.4byte	.LASF7
ARM GAS  C:\Users\adamh\AppData\Local\Temp\cckCLK6x.s 			page 10


 356 0068 04       		.uleb128 0x4
 357 0069 04       		.byte	0x4
 358 006a 05       		.byte	0x5
 359 006b 696E7400 		.ascii	"int\000"
 360 006f 02       		.uleb128 0x2
 361 0070 04       		.byte	0x4
 362 0071 07       		.byte	0x7
 363 0072 45020000 		.4byte	.LASF8
 364 0076 03       		.uleb128 0x3
 365 0077 A5020000 		.4byte	.LASF10
 366 007b 03       		.byte	0x3
 367 007c 2C       		.byte	0x2c
 368 007d 41000000 		.4byte	0x41
 369 0081 05       		.uleb128 0x5
 370 0082 0B030000 		.4byte	.LASF11
 371 0086 04       		.byte	0x4
 372 0087 E801     		.2byte	0x1e8
 373 0089 2C000000 		.4byte	0x2c
 374 008d 05       		.uleb128 0x5
 375 008e 37020000 		.4byte	.LASF12
 376 0092 04       		.byte	0x4
 377 0093 E901     		.2byte	0x1e9
 378 0095 3A000000 		.4byte	0x3a
 379 0099 05       		.uleb128 0x5
 380 009a 3E020000 		.4byte	.LASF13
 381 009e 04       		.byte	0x4
 382 009f EA01     		.2byte	0x1ea
 383 00a1 53000000 		.4byte	0x53
 384 00a5 02       		.uleb128 0x2
 385 00a6 04       		.byte	0x4
 386 00a7 04       		.byte	0x4
 387 00a8 BB000000 		.4byte	.LASF14
 388 00ac 02       		.uleb128 0x2
 389 00ad 08       		.byte	0x8
 390 00ae 04       		.byte	0x4
 391 00af 03020000 		.4byte	.LASF15
 392 00b3 02       		.uleb128 0x2
 393 00b4 01       		.byte	0x1
 394 00b5 08       		.byte	0x8
 395 00b6 CB020000 		.4byte	.LASF16
 396 00ba 05       		.uleb128 0x5
 397 00bb 5D010000 		.4byte	.LASF17
 398 00bf 04       		.byte	0x4
 399 00c0 9202     		.2byte	0x292
 400 00c2 C6000000 		.4byte	0xc6
 401 00c6 06       		.uleb128 0x6
 402 00c7 81000000 		.4byte	0x81
 403 00cb 03       		.uleb128 0x3
 404 00cc 21000000 		.4byte	.LASF18
 405 00d0 05       		.byte	0x5
 406 00d1 D8       		.byte	0xd8
 407 00d2 6F000000 		.4byte	0x6f
 408 00d6 02       		.uleb128 0x2
 409 00d7 08       		.byte	0x8
 410 00d8 04       		.byte	0x4
 411 00d9 27030000 		.4byte	.LASF19
 412 00dd 02       		.uleb128 0x2
ARM GAS  C:\Users\adamh\AppData\Local\Temp\cckCLK6x.s 			page 11


 413 00de 04       		.byte	0x4
 414 00df 07       		.byte	0x7
 415 00e0 AD020000 		.4byte	.LASF20
 416 00e4 07       		.uleb128 0x7
 417 00e5 24020000 		.4byte	.LASF51
 418 00e9 01       		.byte	0x1
 419 00ea 30       		.byte	0x30
 420 00eb 68000000 		.4byte	0x68
 421 00ef 00000000 		.4byte	.LFB64
 422 00f3 6C000000 		.4byte	.LFE64-.LFB64
 423 00f7 01       		.uleb128 0x1
 424 00f8 9C       		.byte	0x9c
 425 00f9 05020000 		.4byte	0x205
 426 00fd 08       		.uleb128 0x8
 427 00fe 28000000 		.4byte	.LASF23
 428 0102 01       		.byte	0x1
 429 0103 39       		.byte	0x39
 430 0104 81000000 		.4byte	0x81
 431 0108 01       		.uleb128 0x1
 432 0109 55       		.byte	0x55
 433 010a 09       		.uleb128 0x9
 434 010b C5010000 		.4byte	.LASF52
 435 010f 01       		.byte	0x1
 436 0110 3A       		.byte	0x3a
 437 0111 05020000 		.4byte	0x205
 438 0115 0A       		.uleb128 0xa
 439 0116 08000000 		.4byte	.LVL0
 440 011a CB030000 		.4byte	0x3cb
 441 011e 0A       		.uleb128 0xa
 442 011f 0C000000 		.4byte	.LVL1
 443 0123 D6030000 		.4byte	0x3d6
 444 0127 0B       		.uleb128 0xb
 445 0128 12000000 		.4byte	.LVL2
 446 012c E1030000 		.4byte	0x3e1
 447 0130 3E010000 		.4byte	0x13e
 448 0134 0C       		.uleb128 0xc
 449 0135 01       		.uleb128 0x1
 450 0136 50       		.byte	0x50
 451 0137 05       		.uleb128 0x5
 452 0138 03       		.byte	0x3
 453 0139 00000000 		.4byte	ISR_UART_rx_handler
 454 013d 00       		.byte	0
 455 013e 0A       		.uleb128 0xa
 456 013f 16000000 		.4byte	.LVL3
 457 0143 EC030000 		.4byte	0x3ec
 458 0147 0B       		.uleb128 0xb
 459 0148 26000000 		.4byte	.LVL4
 460 014c F7030000 		.4byte	0x3f7
 461 0150 6D010000 		.4byte	0x16d
 462 0154 0C       		.uleb128 0xc
 463 0155 01       		.uleb128 0x1
 464 0156 50       		.byte	0x50
 465 0157 01       		.uleb128 0x1
 466 0158 32       		.byte	0x32
 467 0159 0C       		.uleb128 0xc
 468 015a 01       		.uleb128 0x1
 469 015b 51       		.byte	0x51
ARM GAS  C:\Users\adamh\AppData\Local\Temp\cckCLK6x.s 			page 12


 470 015c 01       		.uleb128 0x1
 471 015d 31       		.byte	0x31
 472 015e 0C       		.uleb128 0xc
 473 015f 01       		.uleb128 0x1
 474 0160 52       		.byte	0x52
 475 0161 03       		.uleb128 0x3
 476 0162 0A       		.byte	0xa
 477 0163 0040     		.2byte	0x4000
 478 0165 0C       		.uleb128 0xc
 479 0166 01       		.uleb128 0x1
 480 0167 53       		.byte	0x53
 481 0168 03       		.uleb128 0x3
 482 0169 0A       		.byte	0xa
 483 016a FF1F     		.2byte	0x1fff
 484 016c 00       		.byte	0
 485 016d 0A       		.uleb128 0xa
 486 016e 2C000000 		.4byte	.LVL6
 487 0172 02040000 		.4byte	0x402
 488 0176 0B       		.uleb128 0xb
 489 0177 38000000 		.4byte	.LVL7
 490 017b 0D040000 		.4byte	0x40d
 491 017f 9A010000 		.4byte	0x19a
 492 0183 0C       		.uleb128 0xc
 493 0184 01       		.uleb128 0x1
 494 0185 50       		.byte	0x50
 495 0186 02       		.uleb128 0x2
 496 0187 74       		.byte	0x74
 497 0188 00       		.sleb128 0
 498 0189 0C       		.uleb128 0xc
 499 018a 01       		.uleb128 0x1
 500 018b 51       		.byte	0x51
 501 018c 01       		.uleb128 0x1
 502 018d 40       		.byte	0x40
 503 018e 0C       		.uleb128 0xc
 504 018f 01       		.uleb128 0x1
 505 0190 52       		.byte	0x52
 506 0191 02       		.uleb128 0x2
 507 0192 74       		.byte	0x74
 508 0193 00       		.sleb128 0
 509 0194 0C       		.uleb128 0xc
 510 0195 01       		.uleb128 0x1
 511 0196 53       		.byte	0x53
 512 0197 01       		.uleb128 0x1
 513 0198 36       		.byte	0x36
 514 0199 00       		.byte	0
 515 019a 0B       		.uleb128 0xb
 516 019b 46000000 		.4byte	.LVL8
 517 019f 18040000 		.4byte	0x418
 518 01a3 BE010000 		.4byte	0x1be
 519 01a7 0C       		.uleb128 0xc
 520 01a8 01       		.uleb128 0x1
 521 01a9 50       		.byte	0x50
 522 01aa 02       		.uleb128 0x2
 523 01ab 74       		.byte	0x74
 524 01ac 00       		.sleb128 0
 525 01ad 0C       		.uleb128 0xc
 526 01ae 01       		.uleb128 0x1
ARM GAS  C:\Users\adamh\AppData\Local\Temp\cckCLK6x.s 			page 13


 527 01af 51       		.byte	0x51
 528 01b0 03       		.uleb128 0x3
 529 01b1 0A       		.byte	0xa
 530 01b2 104E     		.2byte	0x4e10
 531 01b4 0C       		.uleb128 0xc
 532 01b5 01       		.uleb128 0x1
 533 01b6 52       		.byte	0x52
 534 01b7 05       		.uleb128 0x5
 535 01b8 03       		.byte	0x3
 536 01b9 00000000 		.4byte	.LANCHOR0
 537 01bd 00       		.byte	0
 538 01be 0B       		.uleb128 0xb
 539 01bf 4E000000 		.4byte	.LVL9
 540 01c3 23040000 		.4byte	0x423
 541 01c7 D8010000 		.4byte	0x1d8
 542 01cb 0C       		.uleb128 0xc
 543 01cc 01       		.uleb128 0x1
 544 01cd 50       		.byte	0x50
 545 01ce 02       		.uleb128 0x2
 546 01cf 75       		.byte	0x75
 547 01d0 00       		.sleb128 0
 548 01d1 0C       		.uleb128 0xc
 549 01d2 01       		.uleb128 0x1
 550 01d3 51       		.byte	0x51
 551 01d4 02       		.uleb128 0x2
 552 01d5 74       		.byte	0x74
 553 01d6 00       		.sleb128 0
 554 01d7 00       		.byte	0
 555 01d8 0B       		.uleb128 0xb
 556 01d9 56000000 		.4byte	.LVL10
 557 01dd 2E040000 		.4byte	0x42e
 558 01e1 F1010000 		.4byte	0x1f1
 559 01e5 0C       		.uleb128 0xc
 560 01e6 01       		.uleb128 0x1
 561 01e7 50       		.byte	0x50
 562 01e8 02       		.uleb128 0x2
 563 01e9 75       		.byte	0x75
 564 01ea 00       		.sleb128 0
 565 01eb 0C       		.uleb128 0xc
 566 01ec 01       		.uleb128 0x1
 567 01ed 51       		.byte	0x51
 568 01ee 01       		.uleb128 0x1
 569 01ef 31       		.byte	0x31
 570 01f0 00       		.byte	0
 571 01f1 0D       		.uleb128 0xd
 572 01f2 5C000000 		.4byte	.LVL11
 573 01f6 39040000 		.4byte	0x439
 574 01fa 0C       		.uleb128 0xc
 575 01fb 01       		.uleb128 0x1
 576 01fc 50       		.byte	0x50
 577 01fd 05       		.uleb128 0x5
 578 01fe 03       		.byte	0x3
 579 01ff 00000000 		.4byte	.LC0
 580 0203 00       		.byte	0
 581 0204 00       		.byte	0
 582 0205 0E       		.uleb128 0xe
 583 0206 81000000 		.4byte	0x81
ARM GAS  C:\Users\adamh\AppData\Local\Temp\cckCLK6x.s 			page 14


 584 020a 15020000 		.4byte	0x215
 585 020e 0F       		.uleb128 0xf
 586 020f DD000000 		.4byte	0xdd
 587 0213 00       		.byte	0
 588 0214 00       		.byte	0
 589 0215 10       		.uleb128 0x10
 590 0216 B2010000 		.4byte	.LASF21
 591 021a 01       		.byte	0x1
 592 021b 6B       		.byte	0x6b
 593 021c 00000000 		.4byte	.LFB66
 594 0220 24000000 		.4byte	.LFE66-.LFB66
 595 0224 01       		.uleb128 0x1
 596 0225 9C       		.byte	0x9c
 597 0226 64020000 		.4byte	0x264
 598 022a 11       		.uleb128 0x11
 599 022b 56030000 		.4byte	.LASF25
 600 022f 01       		.byte	0x1
 601 0230 6B       		.byte	0x6b
 602 0231 81000000 		.4byte	0x81
 603 0235 00000000 		.4byte	.LLST0
 604 0239 0B       		.uleb128 0xb
 605 023a 12000000 		.4byte	.LVL14
 606 023e 39040000 		.4byte	0x439
 607 0242 50020000 		.4byte	0x250
 608 0246 0C       		.uleb128 0xc
 609 0247 01       		.uleb128 0x1
 610 0248 50       		.byte	0x50
 611 0249 05       		.uleb128 0x5
 612 024a 03       		.byte	0x3
 613 024b 10000000 		.4byte	.LC1
 614 024f 00       		.byte	0
 615 0250 0D       		.uleb128 0xd
 616 0251 1A000000 		.4byte	.LVL17
 617 0255 39040000 		.4byte	0x439
 618 0259 0C       		.uleb128 0xc
 619 025a 01       		.uleb128 0x1
 620 025b 50       		.byte	0x50
 621 025c 05       		.uleb128 0x5
 622 025d 03       		.byte	0x3
 623 025e 20000000 		.4byte	.LC2
 624 0262 00       		.byte	0
 625 0263 00       		.byte	0
 626 0264 10       		.uleb128 0x10
 627 0265 62010000 		.4byte	.LASF22
 628 0269 01       		.byte	0x1
 629 026a 5D       		.byte	0x5d
 630 026b 00000000 		.4byte	.LFB65
 631 026f 24000000 		.4byte	.LFE65-.LFB65
 632 0273 01       		.uleb128 0x1
 633 0274 9C       		.byte	0x9c
 634 0275 DC020000 		.4byte	0x2dc
 635 0279 12       		.uleb128 0x12
 636 027a 8C000000 		.4byte	.LASF24
 637 027e 01       		.byte	0x1
 638 027f 5F       		.byte	0x5f
 639 0280 81000000 		.4byte	0x81
 640 0284 3A000000 		.4byte	.LLST1
ARM GAS  C:\Users\adamh\AppData\Local\Temp\cckCLK6x.s 			page 15


 641 0288 13       		.uleb128 0x13
 642 0289 0A000000 		.4byte	.LBB2
 643 028d 14000000 		.4byte	.LBE2-.LBB2
 644 0291 D2020000 		.4byte	0x2d2
 645 0295 12       		.uleb128 0x12
 646 0296 56030000 		.4byte	.LASF25
 647 029a 01       		.byte	0x1
 648 029b 61       		.byte	0x61
 649 029c 81000000 		.4byte	0x81
 650 02a0 58000000 		.4byte	.LLST2
 651 02a4 0A       		.uleb128 0xa
 652 02a5 0E000000 		.4byte	.LVL20
 653 02a9 44040000 		.4byte	0x444
 654 02ad 0B       		.uleb128 0xb
 655 02ae 14000000 		.4byte	.LVL22
 656 02b2 4F040000 		.4byte	0x44f
 657 02b6 C1020000 		.4byte	0x2c1
 658 02ba 0C       		.uleb128 0xc
 659 02bb 01       		.uleb128 0x1
 660 02bc 50       		.byte	0x50
 661 02bd 02       		.uleb128 0x2
 662 02be 75       		.byte	0x75
 663 02bf 00       		.sleb128 0
 664 02c0 00       		.byte	0
 665 02c1 0D       		.uleb128 0xd
 666 02c2 1A000000 		.4byte	.LVL23
 667 02c6 15020000 		.4byte	0x215
 668 02ca 0C       		.uleb128 0xc
 669 02cb 01       		.uleb128 0x1
 670 02cc 50       		.byte	0x50
 671 02cd 02       		.uleb128 0x2
 672 02ce 75       		.byte	0x75
 673 02cf 00       		.sleb128 0
 674 02d0 00       		.byte	0
 675 02d1 00       		.byte	0
 676 02d2 0A       		.uleb128 0xa
 677 02d3 06000000 		.4byte	.LVL18
 678 02d7 5A040000 		.4byte	0x45a
 679 02db 00       		.byte	0
 680 02dc 10       		.uleb128 0x10
 681 02dd 11030000 		.4byte	.LASF26
 682 02e1 01       		.byte	0x1
 683 02e2 7B       		.byte	0x7b
 684 02e3 00000000 		.4byte	.LFB67
 685 02e7 34000000 		.4byte	.LFE67-.LFB67
 686 02eb 01       		.uleb128 0x1
 687 02ec 9C       		.byte	0x9c
 688 02ed 46030000 		.4byte	0x346
 689 02f1 13       		.uleb128 0x13
 690 02f2 08000000 		.4byte	.LBB3
 691 02f6 16000000 		.4byte	.LBE3-.LBB3
 692 02fa 0C030000 		.4byte	0x30c
 693 02fe 14       		.uleb128 0x14
 694 02ff 6900     		.ascii	"i\000"
 695 0301 01       		.byte	0x1
 696 0302 80       		.byte	0x80
 697 0303 CB000000 		.4byte	0xcb
ARM GAS  C:\Users\adamh\AppData\Local\Temp\cckCLK6x.s 			page 16


 698 0307 6B000000 		.4byte	.LLST3
 699 030b 00       		.byte	0
 700 030c 0B       		.uleb128 0xb
 701 030d 08000000 		.4byte	.LVL26
 702 0311 65040000 		.4byte	0x465
 703 0315 1F030000 		.4byte	0x31f
 704 0319 0C       		.uleb128 0xc
 705 031a 01       		.uleb128 0x1
 706 031b 50       		.byte	0x50
 707 031c 01       		.uleb128 0x1
 708 031d 31       		.byte	0x31
 709 031e 00       		.byte	0
 710 031f 0B       		.uleb128 0xb
 711 0320 24000000 		.4byte	.LVL29
 712 0324 70040000 		.4byte	0x470
 713 0328 36030000 		.4byte	0x336
 714 032c 0C       		.uleb128 0xc
 715 032d 01       		.uleb128 0x1
 716 032e 50       		.byte	0x50
 717 032f 05       		.uleb128 0x5
 718 0330 03       		.byte	0x3
 719 0331 10000000 		.4byte	.LANCHOR0+16
 720 0335 00       		.byte	0
 721 0336 0D       		.uleb128 0xd
 722 0337 2A000000 		.4byte	.LVL30
 723 033b 65040000 		.4byte	0x465
 724 033f 0C       		.uleb128 0xc
 725 0340 01       		.uleb128 0x1
 726 0341 50       		.byte	0x50
 727 0342 01       		.uleb128 0x1
 728 0343 30       		.byte	0x30
 729 0344 00       		.byte	0
 730 0345 00       		.byte	0
 731 0346 15       		.uleb128 0x15
 732 0347 CE010000 		.4byte	.LASF27
 733 034b 06       		.byte	0x6
 734 034c 1207     		.2byte	0x712
 735 034e 52030000 		.4byte	0x352
 736 0352 06       		.uleb128 0x6
 737 0353 76000000 		.4byte	0x76
 738 0357 0E       		.uleb128 0xe
 739 0358 B3000000 		.4byte	0xb3
 740 035c 67030000 		.4byte	0x367
 741 0360 0F       		.uleb128 0xf
 742 0361 DD000000 		.4byte	0xdd
 743 0365 FF       		.byte	0xff
 744 0366 00       		.byte	0
 745 0367 16       		.uleb128 0x16
 746 0368 33000000 		.4byte	.LASF28
 747 036c 01       		.byte	0x1
 748 036d 2A       		.byte	0x2a
 749 036e 57030000 		.4byte	0x357
 750 0372 05       		.uleb128 0x5
 751 0373 03       		.byte	0x3
 752 0374 00000000 		.4byte	uartBuffer
 753 0378 0E       		.uleb128 0xe
 754 0379 8D000000 		.4byte	0x8d
ARM GAS  C:\Users\adamh\AppData\Local\Temp\cckCLK6x.s 			page 17


 755 037d 88030000 		.4byte	0x388
 756 0381 0F       		.uleb128 0xf
 757 0382 DD000000 		.4byte	0xdd
 758 0386 07       		.byte	0x7
 759 0387 00       		.byte	0
 760 0388 16       		.uleb128 0x16
 761 0389 0A020000 		.4byte	.LASF29
 762 038d 01       		.byte	0x1
 763 038e 2B       		.byte	0x2b
 764 038f 78030000 		.4byte	0x378
 765 0393 05       		.uleb128 0x5
 766 0394 03       		.byte	0x3
 767 0395 00000000 		.4byte	ADCToFFT
 768 0399 0E       		.uleb128 0xe
 769 039a 8D000000 		.4byte	0x8d
 770 039e A9030000 		.4byte	0x3a9
 771 03a2 0F       		.uleb128 0xf
 772 03a3 DD000000 		.4byte	0xdd
 773 03a7 03       		.byte	0x3
 774 03a8 00       		.byte	0
 775 03a9 16       		.uleb128 0x16
 776 03aa 80020000 		.4byte	.LASF30
 777 03ae 01       		.byte	0x1
 778 03af 2C       		.byte	0x2c
 779 03b0 99030000 		.4byte	0x399
 780 03b4 05       		.uleb128 0x5
 781 03b5 03       		.byte	0x3
 782 03b6 00000000 		.4byte	FFTMagnitude
 783 03ba 16       		.uleb128 0x16
 784 03bb 5A000000 		.4byte	.LASF31
 785 03bf 01       		.byte	0x1
 786 03c0 2D       		.byte	0x2d
 787 03c1 78030000 		.4byte	0x378
 788 03c5 05       		.uleb128 0x5
 789 03c6 03       		.byte	0x3
 790 03c7 00000000 		.4byte	ADC_Sample
 791 03cb 17       		.uleb128 0x17
 792 03cc 13020000 		.4byte	.LASF32
 793 03d0 13020000 		.4byte	.LASF32
 794 03d4 07       		.byte	0x7
 795 03d5 3A       		.byte	0x3a
 796 03d6 17       		.uleb128 0x17
 797 03d7 8D020000 		.4byte	.LASF33
 798 03db 8D020000 		.4byte	.LASF33
 799 03df 07       		.byte	0x7
 800 03e0 3D       		.byte	0x3d
 801 03e1 17       		.uleb128 0x17
 802 03e2 00000000 		.4byte	.LASF34
 803 03e6 00000000 		.4byte	.LASF34
 804 03ea 08       		.byte	0x8
 805 03eb 18       		.byte	0x18
 806 03ec 17       		.uleb128 0x17
 807 03ed 14000000 		.4byte	.LASF35
 808 03f1 14000000 		.4byte	.LASF35
 809 03f5 09       		.byte	0x9
 810 03f6 54       		.byte	0x54
 811 03f7 17       		.uleb128 0x17
ARM GAS  C:\Users\adamh\AppData\Local\Temp\cckCLK6x.s 			page 18


 812 03f8 EF010000 		.4byte	.LASF36
 813 03fc EF010000 		.4byte	.LASF36
 814 0400 0A       		.byte	0xa
 815 0401 1E       		.byte	0x1e
 816 0402 17       		.uleb128 0x17
 817 0403 AB000000 		.4byte	.LASF37
 818 0407 AB000000 		.4byte	.LASF37
 819 040b 0B       		.byte	0xb
 820 040c 38       		.byte	0x38
 821 040d 17       		.uleb128 0x17
 822 040e 76010000 		.4byte	.LASF38
 823 0412 76010000 		.4byte	.LASF38
 824 0416 0B       		.byte	0xb
 825 0417 3B       		.byte	0x3b
 826 0418 17       		.uleb128 0x17
 827 0419 48000000 		.4byte	.LASF39
 828 041d 48000000 		.4byte	.LASF39
 829 0421 0B       		.byte	0xb
 830 0422 3F       		.byte	0x3f
 831 0423 17       		.uleb128 0x17
 832 0424 78000000 		.4byte	.LASF40
 833 0428 78000000 		.4byte	.LASF40
 834 042c 0B       		.byte	0xb
 835 042d 2F       		.byte	0x2f
 836 042e 17       		.uleb128 0x17
 837 042f 29020000 		.4byte	.LASF41
 838 0433 29020000 		.4byte	.LASF41
 839 0437 0B       		.byte	0xb
 840 0438 29       		.byte	0x29
 841 0439 17       		.uleb128 0x17
 842 043a 45030000 		.4byte	.LASF42
 843 043e 45030000 		.4byte	.LASF42
 844 0442 09       		.byte	0x9
 845 0443 8B       		.byte	0x8b
 846 0444 17       		.uleb128 0x17
 847 0445 A0010000 		.4byte	.LASF43
 848 0449 A0010000 		.4byte	.LASF43
 849 044d 09       		.byte	0x9
 850 044e 6F       		.byte	0x6f
 851 044f 17       		.uleb128 0x17
 852 0450 98000000 		.4byte	.LASF44
 853 0454 98000000 		.4byte	.LASF44
 854 0458 09       		.byte	0x9
 855 0459 88       		.byte	0x88
 856 045a 17       		.uleb128 0x17
 857 045b 69020000 		.4byte	.LASF45
 858 045f 69020000 		.4byte	.LASF45
 859 0463 09       		.byte	0x9
 860 0464 73       		.byte	0x73
 861 0465 17       		.uleb128 0x17
 862 0466 DB010000 		.4byte	.LASF46
 863 046a DB010000 		.4byte	.LASF46
 864 046e 0C       		.byte	0xc
 865 046f 26       		.byte	0x26
 866 0470 17       		.uleb128 0x17
 867 0471 33030000 		.4byte	.LASF47
 868 0475 33030000 		.4byte	.LASF47
ARM GAS  C:\Users\adamh\AppData\Local\Temp\cckCLK6x.s 			page 19


 869 0479 0D       		.byte	0xd
 870 047a 0A       		.byte	0xa
 871 047b 00       		.byte	0
 872              		.section	.debug_abbrev,"",%progbits
 873              	.Ldebug_abbrev0:
 874 0000 01       		.uleb128 0x1
 875 0001 11       		.uleb128 0x11
 876 0002 01       		.byte	0x1
 877 0003 25       		.uleb128 0x25
 878 0004 0E       		.uleb128 0xe
 879 0005 13       		.uleb128 0x13
 880 0006 0B       		.uleb128 0xb
 881 0007 03       		.uleb128 0x3
 882 0008 0E       		.uleb128 0xe
 883 0009 1B       		.uleb128 0x1b
 884 000a 0E       		.uleb128 0xe
 885 000b 55       		.uleb128 0x55
 886 000c 17       		.uleb128 0x17
 887 000d 11       		.uleb128 0x11
 888 000e 01       		.uleb128 0x1
 889 000f 10       		.uleb128 0x10
 890 0010 17       		.uleb128 0x17
 891 0011 00       		.byte	0
 892 0012 00       		.byte	0
 893 0013 02       		.uleb128 0x2
 894 0014 24       		.uleb128 0x24
 895 0015 00       		.byte	0
 896 0016 0B       		.uleb128 0xb
 897 0017 0B       		.uleb128 0xb
 898 0018 3E       		.uleb128 0x3e
 899 0019 0B       		.uleb128 0xb
 900 001a 03       		.uleb128 0x3
 901 001b 0E       		.uleb128 0xe
 902 001c 00       		.byte	0
 903 001d 00       		.byte	0
 904 001e 03       		.uleb128 0x3
 905 001f 16       		.uleb128 0x16
 906 0020 00       		.byte	0
 907 0021 03       		.uleb128 0x3
 908 0022 0E       		.uleb128 0xe
 909 0023 3A       		.uleb128 0x3a
 910 0024 0B       		.uleb128 0xb
 911 0025 3B       		.uleb128 0x3b
 912 0026 0B       		.uleb128 0xb
 913 0027 49       		.uleb128 0x49
 914 0028 13       		.uleb128 0x13
 915 0029 00       		.byte	0
 916 002a 00       		.byte	0
 917 002b 04       		.uleb128 0x4
 918 002c 24       		.uleb128 0x24
 919 002d 00       		.byte	0
 920 002e 0B       		.uleb128 0xb
 921 002f 0B       		.uleb128 0xb
 922 0030 3E       		.uleb128 0x3e
 923 0031 0B       		.uleb128 0xb
 924 0032 03       		.uleb128 0x3
 925 0033 08       		.uleb128 0x8
ARM GAS  C:\Users\adamh\AppData\Local\Temp\cckCLK6x.s 			page 20


 926 0034 00       		.byte	0
 927 0035 00       		.byte	0
 928 0036 05       		.uleb128 0x5
 929 0037 16       		.uleb128 0x16
 930 0038 00       		.byte	0
 931 0039 03       		.uleb128 0x3
 932 003a 0E       		.uleb128 0xe
 933 003b 3A       		.uleb128 0x3a
 934 003c 0B       		.uleb128 0xb
 935 003d 3B       		.uleb128 0x3b
 936 003e 05       		.uleb128 0x5
 937 003f 49       		.uleb128 0x49
 938 0040 13       		.uleb128 0x13
 939 0041 00       		.byte	0
 940 0042 00       		.byte	0
 941 0043 06       		.uleb128 0x6
 942 0044 35       		.uleb128 0x35
 943 0045 00       		.byte	0
 944 0046 49       		.uleb128 0x49
 945 0047 13       		.uleb128 0x13
 946 0048 00       		.byte	0
 947 0049 00       		.byte	0
 948 004a 07       		.uleb128 0x7
 949 004b 2E       		.uleb128 0x2e
 950 004c 01       		.byte	0x1
 951 004d 3F       		.uleb128 0x3f
 952 004e 19       		.uleb128 0x19
 953 004f 03       		.uleb128 0x3
 954 0050 0E       		.uleb128 0xe
 955 0051 3A       		.uleb128 0x3a
 956 0052 0B       		.uleb128 0xb
 957 0053 3B       		.uleb128 0x3b
 958 0054 0B       		.uleb128 0xb
 959 0055 27       		.uleb128 0x27
 960 0056 19       		.uleb128 0x19
 961 0057 49       		.uleb128 0x49
 962 0058 13       		.uleb128 0x13
 963 0059 8701     		.uleb128 0x87
 964 005b 19       		.uleb128 0x19
 965 005c 11       		.uleb128 0x11
 966 005d 01       		.uleb128 0x1
 967 005e 12       		.uleb128 0x12
 968 005f 06       		.uleb128 0x6
 969 0060 40       		.uleb128 0x40
 970 0061 18       		.uleb128 0x18
 971 0062 9742     		.uleb128 0x2117
 972 0064 19       		.uleb128 0x19
 973 0065 01       		.uleb128 0x1
 974 0066 13       		.uleb128 0x13
 975 0067 00       		.byte	0
 976 0068 00       		.byte	0
 977 0069 08       		.uleb128 0x8
 978 006a 34       		.uleb128 0x34
 979 006b 00       		.byte	0
 980 006c 03       		.uleb128 0x3
 981 006d 0E       		.uleb128 0xe
 982 006e 3A       		.uleb128 0x3a
ARM GAS  C:\Users\adamh\AppData\Local\Temp\cckCLK6x.s 			page 21


 983 006f 0B       		.uleb128 0xb
 984 0070 3B       		.uleb128 0x3b
 985 0071 0B       		.uleb128 0xb
 986 0072 49       		.uleb128 0x49
 987 0073 13       		.uleb128 0x13
 988 0074 02       		.uleb128 0x2
 989 0075 18       		.uleb128 0x18
 990 0076 00       		.byte	0
 991 0077 00       		.byte	0
 992 0078 09       		.uleb128 0x9
 993 0079 34       		.uleb128 0x34
 994 007a 00       		.byte	0
 995 007b 03       		.uleb128 0x3
 996 007c 0E       		.uleb128 0xe
 997 007d 3A       		.uleb128 0x3a
 998 007e 0B       		.uleb128 0xb
 999 007f 3B       		.uleb128 0x3b
 1000 0080 0B       		.uleb128 0xb
 1001 0081 49       		.uleb128 0x49
 1002 0082 13       		.uleb128 0x13
 1003 0083 00       		.byte	0
 1004 0084 00       		.byte	0
 1005 0085 0A       		.uleb128 0xa
 1006 0086 898201   		.uleb128 0x4109
 1007 0089 00       		.byte	0
 1008 008a 11       		.uleb128 0x11
 1009 008b 01       		.uleb128 0x1
 1010 008c 31       		.uleb128 0x31
 1011 008d 13       		.uleb128 0x13
 1012 008e 00       		.byte	0
 1013 008f 00       		.byte	0
 1014 0090 0B       		.uleb128 0xb
 1015 0091 898201   		.uleb128 0x4109
 1016 0094 01       		.byte	0x1
 1017 0095 11       		.uleb128 0x11
 1018 0096 01       		.uleb128 0x1
 1019 0097 31       		.uleb128 0x31
 1020 0098 13       		.uleb128 0x13
 1021 0099 01       		.uleb128 0x1
 1022 009a 13       		.uleb128 0x13
 1023 009b 00       		.byte	0
 1024 009c 00       		.byte	0
 1025 009d 0C       		.uleb128 0xc
 1026 009e 8A8201   		.uleb128 0x410a
 1027 00a1 00       		.byte	0
 1028 00a2 02       		.uleb128 0x2
 1029 00a3 18       		.uleb128 0x18
 1030 00a4 9142     		.uleb128 0x2111
 1031 00a6 18       		.uleb128 0x18
 1032 00a7 00       		.byte	0
 1033 00a8 00       		.byte	0
 1034 00a9 0D       		.uleb128 0xd
 1035 00aa 898201   		.uleb128 0x4109
 1036 00ad 01       		.byte	0x1
 1037 00ae 11       		.uleb128 0x11
 1038 00af 01       		.uleb128 0x1
 1039 00b0 31       		.uleb128 0x31
ARM GAS  C:\Users\adamh\AppData\Local\Temp\cckCLK6x.s 			page 22


 1040 00b1 13       		.uleb128 0x13
 1041 00b2 00       		.byte	0
 1042 00b3 00       		.byte	0
 1043 00b4 0E       		.uleb128 0xe
 1044 00b5 01       		.uleb128 0x1
 1045 00b6 01       		.byte	0x1
 1046 00b7 49       		.uleb128 0x49
 1047 00b8 13       		.uleb128 0x13
 1048 00b9 01       		.uleb128 0x1
 1049 00ba 13       		.uleb128 0x13
 1050 00bb 00       		.byte	0
 1051 00bc 00       		.byte	0
 1052 00bd 0F       		.uleb128 0xf
 1053 00be 21       		.uleb128 0x21
 1054 00bf 00       		.byte	0
 1055 00c0 49       		.uleb128 0x49
 1056 00c1 13       		.uleb128 0x13
 1057 00c2 2F       		.uleb128 0x2f
 1058 00c3 0B       		.uleb128 0xb
 1059 00c4 00       		.byte	0
 1060 00c5 00       		.byte	0
 1061 00c6 10       		.uleb128 0x10
 1062 00c7 2E       		.uleb128 0x2e
 1063 00c8 01       		.byte	0x1
 1064 00c9 3F       		.uleb128 0x3f
 1065 00ca 19       		.uleb128 0x19
 1066 00cb 03       		.uleb128 0x3
 1067 00cc 0E       		.uleb128 0xe
 1068 00cd 3A       		.uleb128 0x3a
 1069 00ce 0B       		.uleb128 0xb
 1070 00cf 3B       		.uleb128 0x3b
 1071 00d0 0B       		.uleb128 0xb
 1072 00d1 27       		.uleb128 0x27
 1073 00d2 19       		.uleb128 0x19
 1074 00d3 11       		.uleb128 0x11
 1075 00d4 01       		.uleb128 0x1
 1076 00d5 12       		.uleb128 0x12
 1077 00d6 06       		.uleb128 0x6
 1078 00d7 40       		.uleb128 0x40
 1079 00d8 18       		.uleb128 0x18
 1080 00d9 9742     		.uleb128 0x2117
 1081 00db 19       		.uleb128 0x19
 1082 00dc 01       		.uleb128 0x1
 1083 00dd 13       		.uleb128 0x13
 1084 00de 00       		.byte	0
 1085 00df 00       		.byte	0
 1086 00e0 11       		.uleb128 0x11
 1087 00e1 05       		.uleb128 0x5
 1088 00e2 00       		.byte	0
 1089 00e3 03       		.uleb128 0x3
 1090 00e4 0E       		.uleb128 0xe
 1091 00e5 3A       		.uleb128 0x3a
 1092 00e6 0B       		.uleb128 0xb
 1093 00e7 3B       		.uleb128 0x3b
 1094 00e8 0B       		.uleb128 0xb
 1095 00e9 49       		.uleb128 0x49
 1096 00ea 13       		.uleb128 0x13
ARM GAS  C:\Users\adamh\AppData\Local\Temp\cckCLK6x.s 			page 23


 1097 00eb 02       		.uleb128 0x2
 1098 00ec 17       		.uleb128 0x17
 1099 00ed 00       		.byte	0
 1100 00ee 00       		.byte	0
 1101 00ef 12       		.uleb128 0x12
 1102 00f0 34       		.uleb128 0x34
 1103 00f1 00       		.byte	0
 1104 00f2 03       		.uleb128 0x3
 1105 00f3 0E       		.uleb128 0xe
 1106 00f4 3A       		.uleb128 0x3a
 1107 00f5 0B       		.uleb128 0xb
 1108 00f6 3B       		.uleb128 0x3b
 1109 00f7 0B       		.uleb128 0xb
 1110 00f8 49       		.uleb128 0x49
 1111 00f9 13       		.uleb128 0x13
 1112 00fa 02       		.uleb128 0x2
 1113 00fb 17       		.uleb128 0x17
 1114 00fc 00       		.byte	0
 1115 00fd 00       		.byte	0
 1116 00fe 13       		.uleb128 0x13
 1117 00ff 0B       		.uleb128 0xb
 1118 0100 01       		.byte	0x1
 1119 0101 11       		.uleb128 0x11
 1120 0102 01       		.uleb128 0x1
 1121 0103 12       		.uleb128 0x12
 1122 0104 06       		.uleb128 0x6
 1123 0105 01       		.uleb128 0x1
 1124 0106 13       		.uleb128 0x13
 1125 0107 00       		.byte	0
 1126 0108 00       		.byte	0
 1127 0109 14       		.uleb128 0x14
 1128 010a 34       		.uleb128 0x34
 1129 010b 00       		.byte	0
 1130 010c 03       		.uleb128 0x3
 1131 010d 08       		.uleb128 0x8
 1132 010e 3A       		.uleb128 0x3a
 1133 010f 0B       		.uleb128 0xb
 1134 0110 3B       		.uleb128 0x3b
 1135 0111 0B       		.uleb128 0xb
 1136 0112 49       		.uleb128 0x49
 1137 0113 13       		.uleb128 0x13
 1138 0114 02       		.uleb128 0x2
 1139 0115 17       		.uleb128 0x17
 1140 0116 00       		.byte	0
 1141 0117 00       		.byte	0
 1142 0118 15       		.uleb128 0x15
 1143 0119 34       		.uleb128 0x34
 1144 011a 00       		.byte	0
 1145 011b 03       		.uleb128 0x3
 1146 011c 0E       		.uleb128 0xe
 1147 011d 3A       		.uleb128 0x3a
 1148 011e 0B       		.uleb128 0xb
 1149 011f 3B       		.uleb128 0x3b
 1150 0120 05       		.uleb128 0x5
 1151 0121 49       		.uleb128 0x49
 1152 0122 13       		.uleb128 0x13
 1153 0123 3F       		.uleb128 0x3f
ARM GAS  C:\Users\adamh\AppData\Local\Temp\cckCLK6x.s 			page 24


 1154 0124 19       		.uleb128 0x19
 1155 0125 3C       		.uleb128 0x3c
 1156 0126 19       		.uleb128 0x19
 1157 0127 00       		.byte	0
 1158 0128 00       		.byte	0
 1159 0129 16       		.uleb128 0x16
 1160 012a 34       		.uleb128 0x34
 1161 012b 00       		.byte	0
 1162 012c 03       		.uleb128 0x3
 1163 012d 0E       		.uleb128 0xe
 1164 012e 3A       		.uleb128 0x3a
 1165 012f 0B       		.uleb128 0xb
 1166 0130 3B       		.uleb128 0x3b
 1167 0131 0B       		.uleb128 0xb
 1168 0132 49       		.uleb128 0x49
 1169 0133 13       		.uleb128 0x13
 1170 0134 3F       		.uleb128 0x3f
 1171 0135 19       		.uleb128 0x19
 1172 0136 02       		.uleb128 0x2
 1173 0137 18       		.uleb128 0x18
 1174 0138 00       		.byte	0
 1175 0139 00       		.byte	0
 1176 013a 17       		.uleb128 0x17
 1177 013b 2E       		.uleb128 0x2e
 1178 013c 00       		.byte	0
 1179 013d 3F       		.uleb128 0x3f
 1180 013e 19       		.uleb128 0x19
 1181 013f 3C       		.uleb128 0x3c
 1182 0140 19       		.uleb128 0x19
 1183 0141 6E       		.uleb128 0x6e
 1184 0142 0E       		.uleb128 0xe
 1185 0143 03       		.uleb128 0x3
 1186 0144 0E       		.uleb128 0xe
 1187 0145 3A       		.uleb128 0x3a
 1188 0146 0B       		.uleb128 0xb
 1189 0147 3B       		.uleb128 0x3b
 1190 0148 0B       		.uleb128 0xb
 1191 0149 00       		.byte	0
 1192 014a 00       		.byte	0
 1193 014b 00       		.byte	0
 1194              		.section	.debug_loc,"",%progbits
 1195              	.Ldebug_loc0:
 1196              	.LLST0:
 1197 0000 00000000 		.4byte	.LVL12
 1198 0004 0E000000 		.4byte	.LVL13
 1199 0008 0100     		.2byte	0x1
 1200 000a 50       		.byte	0x50
 1201 000b 0E000000 		.4byte	.LVL13
 1202 000f 14000000 		.4byte	.LVL15
 1203 0013 0400     		.2byte	0x4
 1204 0015 F3       		.byte	0xf3
 1205 0016 01       		.uleb128 0x1
 1206 0017 50       		.byte	0x50
 1207 0018 9F       		.byte	0x9f
 1208 0019 14000000 		.4byte	.LVL15
 1209 001d 16000000 		.4byte	.LVL16
 1210 0021 0100     		.2byte	0x1
ARM GAS  C:\Users\adamh\AppData\Local\Temp\cckCLK6x.s 			page 25


 1211 0023 50       		.byte	0x50
 1212 0024 16000000 		.4byte	.LVL16
 1213 0028 24000000 		.4byte	.LFE66
 1214 002c 0400     		.2byte	0x4
 1215 002e F3       		.byte	0xf3
 1216 002f 01       		.uleb128 0x1
 1217 0030 50       		.byte	0x50
 1218 0031 9F       		.byte	0x9f
 1219 0032 00000000 		.4byte	0
 1220 0036 00000000 		.4byte	0
 1221              	.LLST1:
 1222 003a 08000000 		.4byte	.LVL19
 1223 003e 1C000000 		.4byte	.LVL24
 1224 0042 0100     		.2byte	0x1
 1225 0044 54       		.byte	0x54
 1226 0045 1E000000 		.4byte	.LVL25
 1227 0049 24000000 		.4byte	.LFE65
 1228 004d 0100     		.2byte	0x1
 1229 004f 54       		.byte	0x54
 1230 0050 00000000 		.4byte	0
 1231 0054 00000000 		.4byte	0
 1232              	.LLST2:
 1233 0058 10000000 		.4byte	.LVL21
 1234 005c 1E000000 		.4byte	.LVL25
 1235 0060 0100     		.2byte	0x1
 1236 0062 55       		.byte	0x55
 1237 0063 00000000 		.4byte	0
 1238 0067 00000000 		.4byte	0
 1239              	.LLST3:
 1240 006b 08000000 		.4byte	.LVL26
 1241 006f 0C000000 		.4byte	.LVL27
 1242 0073 0200     		.2byte	0x2
 1243 0075 30       		.byte	0x30
 1244 0076 9F       		.byte	0x9f
 1245 0077 0C000000 		.4byte	.LVL27
 1246 007b 23000000 		.4byte	.LVL29-1
 1247 007f 0100     		.2byte	0x1
 1248 0081 53       		.byte	0x53
 1249 0082 00000000 		.4byte	0
 1250 0086 00000000 		.4byte	0
 1251              		.section	.debug_aranges,"",%progbits
 1252 0000 34000000 		.4byte	0x34
 1253 0004 0200     		.2byte	0x2
 1254 0006 00000000 		.4byte	.Ldebug_info0
 1255 000a 04       		.byte	0x4
 1256 000b 00       		.byte	0
 1257 000c 0000     		.2byte	0
 1258 000e 0000     		.2byte	0
 1259 0010 00000000 		.4byte	.LFB64
 1260 0014 6C000000 		.4byte	.LFE64-.LFB64
 1261 0018 00000000 		.4byte	.LFB66
 1262 001c 24000000 		.4byte	.LFE66-.LFB66
 1263 0020 00000000 		.4byte	.LFB65
 1264 0024 24000000 		.4byte	.LFE65-.LFB65
 1265 0028 00000000 		.4byte	.LFB67
 1266 002c 34000000 		.4byte	.LFE67-.LFB67
 1267 0030 00000000 		.4byte	0
ARM GAS  C:\Users\adamh\AppData\Local\Temp\cckCLK6x.s 			page 26


 1268 0034 00000000 		.4byte	0
 1269              		.section	.debug_ranges,"",%progbits
 1270              	.Ldebug_ranges0:
 1271 0000 00000000 		.4byte	.LFB64
 1272 0004 6C000000 		.4byte	.LFE64
 1273 0008 00000000 		.4byte	.LFB66
 1274 000c 24000000 		.4byte	.LFE66
 1275 0010 00000000 		.4byte	.LFB65
 1276 0014 24000000 		.4byte	.LFE65
 1277 0018 00000000 		.4byte	.LFB67
 1278 001c 34000000 		.4byte	.LFE67
 1279 0020 00000000 		.4byte	0
 1280 0024 00000000 		.4byte	0
 1281              		.section	.debug_line,"",%progbits
 1282              	.Ldebug_line0:
 1283 0000 A6020000 		.section	.debug_str,"MS",%progbits,1
 1283      02003202 
 1283      00000201 
 1283      FB0E0D00 
 1283      01010101 
 1284              	.LASF34:
 1285 0000 6973725F 		.ascii	"isr_uart_rx_StartEx\000"
 1285      75617274 
 1285      5F72785F 
 1285      53746172 
 1285      74457800 
 1286              	.LASF35:
 1287 0014 55415254 		.ascii	"UART_1_Start\000"
 1287      5F315F53 
 1287      74617274 
 1287      00
 1288              	.LASF18:
 1289 0021 73697A65 		.ascii	"size_t\000"
 1289      5F7400
 1290              	.LASF23:
 1291 0028 444D415F 		.ascii	"DMA_1_Chan\000"
 1291      315F4368 
 1291      616E00
 1292              	.LASF28:
 1293 0033 75617274 		.ascii	"uartBuffer\000"
 1293      42756666 
 1293      657200
 1294              	.LASF9:
 1295 003e 5F5F696E 		.ascii	"__int32_t\000"
 1295      7433325F 
 1295      7400
 1296              	.LASF39:
 1297 0048 4379446D 		.ascii	"CyDmaTdSetAddress\000"
 1297      61546453 
 1297      65744164 
 1297      64726573 
 1297      7300
 1298              	.LASF31:
 1299 005a 4144435F 		.ascii	"ADC_Sample\000"
 1299      53616D70 
 1299      6C6500
 1300              	.LASF3:
ARM GAS  C:\Users\adamh\AppData\Local\Temp\cckCLK6x.s 			page 27


 1301 0065 73686F72 		.ascii	"short unsigned int\000"
 1301      7420756E 
 1301      7369676E 
 1301      65642069 
 1301      6E7400
 1302              	.LASF40:
 1303 0078 4379446D 		.ascii	"CyDmaChSetInitialTd\000"
 1303      61436853 
 1303      6574496E 
 1303      69746961 
 1303      6C546400 
 1304              	.LASF24:
 1305 008c 62797465 		.ascii	"bytesToRead\000"
 1305      73546F52 
 1305      65616400 
 1306              	.LASF44:
 1307 0098 55415254 		.ascii	"UART_1_WriteTxData\000"
 1307      5F315F57 
 1307      72697465 
 1307      54784461 
 1307      746100
 1308              	.LASF37:
 1309 00ab 4379446D 		.ascii	"CyDmaTdAllocate\000"
 1309      61546441 
 1309      6C6C6F63 
 1309      61746500 
 1310              	.LASF14:
 1311 00bb 666C6F61 		.ascii	"float\000"
 1311      7400
 1312              	.LASF1:
 1313 00c1 756E7369 		.ascii	"unsigned char\000"
 1313      676E6564 
 1313      20636861 
 1313      7200
 1314              	.LASF48:
 1315 00cf 474E5520 		.ascii	"GNU C11 5.4.1 20160609 (release) [ARM/embedded-5-br"
 1315      43313120 
 1315      352E342E 
 1315      31203230 
 1315      31363036 
 1316 0102 616E6368 		.ascii	"anch revision 237715] -mcpu=cortex-m3 -mthumb -g -O"
 1316      20726576 
 1316      6973696F 
 1316      6E203233 
 1316      37373135 
 1317 0135 67202D66 		.ascii	"g -ffunction-sections -ffat-lto-objects\000"
 1317      66756E63 
 1317      74696F6E 
 1317      2D736563 
 1317      74696F6E 
 1318              	.LASF17:
 1319 015d 72656738 		.ascii	"reg8\000"
 1319      00
 1320              	.LASF22:
 1321 0162 4953525F 		.ascii	"ISR_UART_rx_handler\000"
 1321      55415254 
 1321      5F72785F 
ARM GAS  C:\Users\adamh\AppData\Local\Temp\cckCLK6x.s 			page 28


 1321      68616E64 
 1321      6C657200 
 1322              	.LASF38:
 1323 0176 4379446D 		.ascii	"CyDmaTdSetConfiguration\000"
 1323      61546453 
 1323      6574436F 
 1323      6E666967 
 1323      75726174 
 1324              	.LASF5:
 1325 018e 6C6F6E67 		.ascii	"long unsigned int\000"
 1325      20756E73 
 1325      69676E65 
 1325      6420696E 
 1325      7400
 1326              	.LASF43:
 1327 01a0 55415254 		.ascii	"UART_1_ReadRxData\000"
 1327      5F315F52 
 1327      65616452 
 1327      78446174 
 1327      6100
 1328              	.LASF21:
 1329 01b2 68616E64 		.ascii	"handleByteReceived\000"
 1329      6C654279 
 1329      74655265 
 1329      63656976 
 1329      656400
 1330              	.LASF52:
 1331 01c5 444D415F 		.ascii	"DMA_1_TD\000"
 1331      315F5444 
 1331      00
 1332              	.LASF27:
 1333 01ce 49544D5F 		.ascii	"ITM_RxBuffer\000"
 1333      52784275 
 1333      66666572 
 1333      00
 1334              	.LASF46:
 1335 01db 646D615F 		.ascii	"dma_done_test_Write\000"
 1335      646F6E65 
 1335      5F746573 
 1335      745F5772 
 1335      69746500 
 1336              	.LASF36:
 1337 01ef 444D415F 		.ascii	"DMA_1_DmaInitialize\000"
 1337      315F446D 
 1337      61496E69 
 1337      7469616C 
 1337      697A6500 
 1338              	.LASF15:
 1339 0203 646F7562 		.ascii	"double\000"
 1339      6C6500
 1340              	.LASF29:
 1341 020a 41444354 		.ascii	"ADCToFFT\000"
 1341      6F464654 
 1341      00
 1342              	.LASF32:
 1343 0213 4144435F 		.ascii	"ADC_DelSig_Start\000"
 1343      44656C53 
ARM GAS  C:\Users\adamh\AppData\Local\Temp\cckCLK6x.s 			page 29


 1343      69675F53 
 1343      74617274 
 1343      00
 1344              	.LASF51:
 1345 0224 6D61696E 		.ascii	"main\000"
 1345      00
 1346              	.LASF41:
 1347 0229 4379446D 		.ascii	"CyDmaChEnable\000"
 1347      61436845 
 1347      6E61626C 
 1347      6500
 1348              	.LASF12:
 1349 0237 75696E74 		.ascii	"uint16\000"
 1349      313600
 1350              	.LASF13:
 1351 023e 75696E74 		.ascii	"uint32\000"
 1351      333200
 1352              	.LASF8:
 1353 0245 756E7369 		.ascii	"unsigned int\000"
 1353      676E6564 
 1353      20696E74 
 1353      00
 1354              	.LASF7:
 1355 0252 6C6F6E67 		.ascii	"long long unsigned int\000"
 1355      206C6F6E 
 1355      6720756E 
 1355      7369676E 
 1355      65642069 
 1356              	.LASF45:
 1357 0269 55415254 		.ascii	"UART_1_GetRxBufferSize\000"
 1357      5F315F47 
 1357      65745278 
 1357      42756666 
 1357      65725369 
 1358              	.LASF30:
 1359 0280 4646544D 		.ascii	"FFTMagnitude\000"
 1359      61676E69 
 1359      74756465 
 1359      00
 1360              	.LASF33:
 1361 028d 4144435F 		.ascii	"ADC_DelSig_StartConvert\000"
 1361      44656C53 
 1361      69675F53 
 1361      74617274 
 1361      436F6E76 
 1362              	.LASF10:
 1363 02a5 696E7433 		.ascii	"int32_t\000"
 1363      325F7400 
 1364              	.LASF20:
 1365 02ad 73697A65 		.ascii	"sizetype\000"
 1365      74797065 
 1365      00
 1366              	.LASF6:
 1367 02b6 6C6F6E67 		.ascii	"long long int\000"
 1367      206C6F6E 
 1367      6720696E 
 1367      7400
ARM GAS  C:\Users\adamh\AppData\Local\Temp\cckCLK6x.s 			page 30


 1368              	.LASF49:
 1369 02c4 6D61696E 		.ascii	"main.c\000"
 1369      2E6300
 1370              	.LASF16:
 1371 02cb 63686172 		.ascii	"char\000"
 1371      00
 1372              	.LASF50:
 1373 02d0 433A5C50 		.ascii	"C:\\PRJ3\\FFT\\ADCmkIII\\ADC MK III\\ADC MK III.cyd"
 1373      524A335C 
 1373      4646545C 
 1373      4144436D 
 1373      6B494949 
 1374 02fe 736E00   		.ascii	"sn\000"
 1375              	.LASF2:
 1376 0301 73686F72 		.ascii	"short int\000"
 1376      7420696E 
 1376      7400
 1377              	.LASF11:
 1378 030b 75696E74 		.ascii	"uint8\000"
 1378      3800
 1379              	.LASF26:
 1380 0311 4953525F 		.ascii	"ISR_DMA_Done\000"
 1380      444D415F 
 1380      446F6E65 
 1380      00
 1381              	.LASF4:
 1382 031e 6C6F6E67 		.ascii	"long int\000"
 1382      20696E74 
 1382      00
 1383              	.LASF19:
 1384 0327 6C6F6E67 		.ascii	"long double\000"
 1384      20646F75 
 1384      626C6500 
 1385              	.LASF47:
 1386 0333 446F4646 		.ascii	"DoFFT\000"
 1386      5400
 1387              	.LASF0:
 1388 0339 7369676E 		.ascii	"signed char\000"
 1388      65642063 
 1388      68617200 
 1389              	.LASF42:
 1390 0345 55415254 		.ascii	"UART_1_PutString\000"
 1390      5F315F50 
 1390      75745374 
 1390      72696E67 
 1390      00
 1391              	.LASF25:
 1392 0356 62797465 		.ascii	"byteReceived\000"
 1392      52656365 
 1392      69766564 
 1392      00
 1393              		.ident	"GCC: (GNU Tools for ARM Embedded Processors) 5.4.1 20160609 (release) [ARM/embedded-5-bran
