ARM GAS  C:\Users\frede\AppData\Local\Temp\cckp86RM.s 			page 1


   1              		.syntax unified
   2              		.cpu cortex-m3
   3              		.fpu softvfp
   4              		.eabi_attribute 20, 1
   5              		.eabi_attribute 21, 1
   6              		.eabi_attribute 23, 3
   7              		.eabi_attribute 24, 1
   8              		.eabi_attribute 25, 1
   9              		.eabi_attribute 26, 1
  10              		.eabi_attribute 30, 1
  11              		.eabi_attribute 34, 1
  12              		.eabi_attribute 18, 4
  13              		.thumb
  14              		.syntax unified
  15              		.file	"cymetadata.c"
  16              		.text
  17              	.Ltext0:
  18              		.cfi_sections	.debug_frame
  19              		.global	cy_metadata
  20              		.global	cy_meta_flashprotect
  21              		.global	cy_meta_wonvl
  22              		.global	cy_meta_custnvl
  23              		.global	cy_meta_configecc
  24              		.section	.cyconfigecc,"a",%progbits
  25              		.align	2
  26              		.type	cy_meta_configecc, %object
  27              		.size	cy_meta_configecc, 1088
  28              	cy_meta_configecc:
  29 0000 01       		.byte	1
  30 0001 4F       		.byte	79
  31 0002 00       		.byte	0
  32 0003 40       		.byte	64
  33 0004 04       		.byte	4
  34 0005 52       		.byte	82
  35 0006 00       		.byte	0
  36 0007 40       		.byte	64
  37 0008 01       		.byte	1
  38 0009 64       		.byte	100
  39 000a 00       		.byte	0
  40 000b 40       		.byte	64
  41 000c 02       		.byte	2
  42 000d 65       		.byte	101
  43 000e 00       		.byte	0
  44 000f 40       		.byte	64
  45 0010 04       		.byte	4
  46 0011 06       		.byte	6
  47 0012 01       		.byte	1
  48 0013 40       		.byte	64
  49 0014 04       		.byte	4
  50 0015 07       		.byte	7
  51 0016 01       		.byte	1
  52 0017 40       		.byte	64
  53 0018 55       		.byte	85
  54 0019 08       		.byte	8
  55 001a 01       		.byte	1
  56 001b 40       		.byte	64
  57 001c 35       		.byte	53
ARM GAS  C:\Users\frede\AppData\Local\Temp\cckp86RM.s 			page 2


  58 001d 09       		.byte	9
  59 001e 01       		.byte	1
  60 001f 40       		.byte	64
  61 0020 47       		.byte	71
  62 0021 18       		.byte	24
  63 0022 01       		.byte	1
  64 0023 40       		.byte	64
  65 0024 3C       		.byte	60
  66 0025 19       		.byte	25
  67 0026 01       		.byte	1
  68 0027 40       		.byte	64
  69 0028 59       		.byte	89
  70 0029 1A       		.byte	26
  71 002a 01       		.byte	1
  72 002b 40       		.byte	64
  73 002c 40       		.byte	64
  74 002d 1B       		.byte	27
  75 002e 01       		.byte	1
  76 002f 40       		.byte	64
  77 0030 02       		.byte	2
  78 0031 40       		.byte	64
  79 0032 01       		.byte	1
  80 0033 40       		.byte	64
  81 0034 03       		.byte	3
  82 0035 41       		.byte	65
  83 0036 01       		.byte	1
  84 0037 40       		.byte	64
  85 0038 02       		.byte	2
  86 0039 42       		.byte	66
  87 003a 01       		.byte	1
  88 003b 40       		.byte	64
  89 003c 0D       		.byte	13
  90 003d 43       		.byte	67
  91 003e 01       		.byte	1
  92 003f 40       		.byte	64
  93 0040 02       		.byte	2
  94 0041 45       		.byte	69
  95 0042 01       		.byte	1
  96 0043 40       		.byte	64
  97 0044 01       		.byte	1
  98 0045 46       		.byte	70
  99 0046 01       		.byte	1
 100 0047 40       		.byte	64
 101 0048 03       		.byte	3
 102 0049 47       		.byte	71
 103 004a 01       		.byte	1
 104 004b 40       		.byte	64
 105 004c 02       		.byte	2
 106 004d 4C       		.byte	76
 107 004e 01       		.byte	1
 108 004f 40       		.byte	64
 109 0050 07       		.byte	7
 110 0051 4D       		.byte	77
 111 0052 01       		.byte	1
 112 0053 40       		.byte	64
 113 0054 04       		.byte	4
 114 0055 50       		.byte	80
ARM GAS  C:\Users\frede\AppData\Local\Temp\cckp86RM.s 			page 3


 115 0056 01       		.byte	1
 116 0057 40       		.byte	64
 117 0058 01       		.byte	1
 118 0059 51       		.byte	81
 119 005a 01       		.byte	1
 120 005b 40       		.byte	64
 121 005c 0A       		.byte	10
 122 005d 2D       		.byte	45
 123 005e 00       		.byte	0
 124 005f 01       		.byte	1
 125 0060 14       		.byte	20
 126 0061 04       		.byte	4
 127 0062 61       		.byte	97
 128 0063 80       		.byte	-128
 129 0064 64       		.byte	100
 130 0065 40       		.byte	64
 131 0066 89       		.byte	-119
 132 0067 38       		.byte	56
 133 0068 89       		.byte	-119
 134 0069 72       		.byte	114
 135 006a 8B       		.byte	-117
 136 006b 0F       		.byte	15
 137 006c B8       		.byte	-72
 138 006d 02       		.byte	2
 139 006e BE       		.byte	-66
 140 006f 01       		.byte	1
 141 0070 D8       		.byte	-40
 142 0071 04       		.byte	4
 143 0072 DF       		.byte	-33
 144 0073 01       		.byte	1
 145 0074 1A       		.byte	26
 146 0075 80       		.byte	-128
 147 0076 82       		.byte	-126
 148 0077 40       		.byte	64
 149 0078 E2       		.byte	-30
 150 0079 04       		.byte	4
 151 007a E6       		.byte	-26
 152 007b 02       		.byte	2
 153 007c 01       		.byte	1
 154 007d 10       		.byte	16
 155 007e 08       		.byte	8
 156 007f 01       		.byte	1
 157 0080 0A       		.byte	10
 158 0081 0E       		.byte	14
 159 0082 0B       		.byte	11
 160 0083 20       		.byte	32
 161 0084 13       		.byte	19
 162 0085 03       		.byte	3
 163 0086 15       		.byte	21
 164 0087 6C       		.byte	108
 165 0088 16       		.byte	22
 166 0089 03       		.byte	3
 167 008a 17       		.byte	23
 168 008b 11       		.byte	17
 169 008c 19       		.byte	25
 170 008d 70       		.byte	112
 171 008e 1A       		.byte	26
ARM GAS  C:\Users\frede\AppData\Local\Temp\cckp86RM.s 			page 4


 172 008f 0C       		.byte	12
 173 0090 1B       		.byte	27
 174 0091 0C       		.byte	12
 175 0092 1E       		.byte	30
 176 0093 08       		.byte	8
 177 0094 21       		.byte	33
 178 0095 5C       		.byte	92
 179 0096 23       		.byte	35
 180 0097 02       		.byte	2
 181 0098 25       		.byte	37
 182 0099 09       		.byte	9
 183 009a 27       		.byte	39
 184 009b 10       		.byte	16
 185 009c 28       		.byte	40
 186 009d 01       		.byte	1
 187 009e 29       		.byte	41
 188 009f 14       		.byte	20
 189 00a0 2A       		.byte	42
 190 00a1 06       		.byte	6
 191 00a2 2C       		.byte	44
 192 00a3 0C       		.byte	12
 193 00a4 2E       		.byte	46
 194 00a5 03       		.byte	3
 195 00a6 33       		.byte	51
 196 00a7 60       		.byte	96
 197 00a8 36       		.byte	54
 198 00a9 0F       		.byte	15
 199 00aa 37       		.byte	55
 200 00ab 1F       		.byte	31
 201 00ac 39       		.byte	57
 202 00ad 08       		.byte	8
 203 00ae 3A       		.byte	58
 204 00af 80       		.byte	-128
 205 00b0 3F       		.byte	63
 206 00b1 04       		.byte	4
 207 00b2 40       		.byte	64
 208 00b3 02       		.byte	2
 209 00b4 45       		.byte	69
 210 00b5 40       		.byte	64
 211 00b6 49       		.byte	73
 212 00b7 FF       		.byte	-1
 213 00b8 4A       		.byte	74
 214 00b9 07       		.byte	7
 215 00ba 4B       		.byte	75
 216 00bb FF       		.byte	-1
 217 00bc 4C       		.byte	76
 218 00bd 40       		.byte	64
 219 00be 4D       		.byte	77
 220 00bf 20       		.byte	32
 221 00c0 4E       		.byte	78
 222 00c1 F0       		.byte	-16
 223 00c2 4F       		.byte	79
 224 00c3 05       		.byte	5
 225 00c4 50       		.byte	80
 226 00c5 08       		.byte	8
 227 00c6 58       		.byte	88
 228 00c7 04       		.byte	4
ARM GAS  C:\Users\frede\AppData\Local\Temp\cckp86RM.s 			page 5


 229 00c8 59       		.byte	89
 230 00c9 04       		.byte	4
 231 00ca 5A       		.byte	90
 232 00cb 04       		.byte	4
 233 00cc 5C       		.byte	92
 234 00cd 11       		.byte	17
 235 00ce 5D       		.byte	93
 236 00cf 01       		.byte	1
 237 00d0 5F       		.byte	95
 238 00d1 01       		.byte	1
 239 00d2 60       		.byte	96
 240 00d3 40       		.byte	64
 241 00d4 61       		.byte	97
 242 00d5 A8       		.byte	-88
 243 00d6 62       		.byte	98
 244 00d7 40       		.byte	64
 245 00d8 63       		.byte	99
 246 00d9 20       		.byte	32
 247 00da 81       		.byte	-127
 248 00db 01       		.byte	1
 249 00dc 84       		.byte	-124
 250 00dd 0C       		.byte	12
 251 00de 87       		.byte	-121
 252 00df 02       		.byte	2
 253 00e0 88       		.byte	-120
 254 00e1 01       		.byte	1
 255 00e2 8B       		.byte	-117
 256 00e3 02       		.byte	2
 257 00e4 8C       		.byte	-116
 258 00e5 01       		.byte	1
 259 00e6 8F       		.byte	-113
 260 00e7 01       		.byte	1
 261 00e8 90       		.byte	-112
 262 00e9 01       		.byte	1
 263 00ea 94       		.byte	-108
 264 00eb 08       		.byte	8
 265 00ec 96       		.byte	-106
 266 00ed 04       		.byte	4
 267 00ee 98       		.byte	-104
 268 00ef 01       		.byte	1
 269 00f0 9B       		.byte	-101
 270 00f1 01       		.byte	1
 271 00f2 9C       		.byte	-100
 272 00f3 02       		.byte	2
 273 00f4 9F       		.byte	-97
 274 00f5 04       		.byte	4
 275 00f6 A0       		.byte	-96
 276 00f7 10       		.byte	16
 277 00f8 A3       		.byte	-93
 278 00f9 04       		.byte	4
 279 00fa A4       		.byte	-92
 280 00fb 0C       		.byte	12
 281 00fc A9       		.byte	-87
 282 00fd 01       		.byte	1
 283 00fe AC       		.byte	-84
 284 00ff 04       		.byte	4
 285 0100 AE       		.byte	-82
ARM GAS  C:\Users\frede\AppData\Local\Temp\cckp86RM.s 			page 6


 286 0101 08       		.byte	8
 287 0102 B0       		.byte	-80
 288 0103 02       		.byte	2
 289 0104 B2       		.byte	-78
 290 0105 0C       		.byte	12
 291 0106 B3       		.byte	-77
 292 0107 01       		.byte	1
 293 0108 B4       		.byte	-76
 294 0109 01       		.byte	1
 295 010a B5       		.byte	-75
 296 010b 02       		.byte	2
 297 010c B6       		.byte	-74
 298 010d 10       		.byte	16
 299 010e B7       		.byte	-73
 300 010f 04       		.byte	4
 301 0110 B9       		.byte	-71
 302 0111 08       		.byte	8
 303 0112 BE       		.byte	-66
 304 0113 51       		.byte	81
 305 0114 BF       		.byte	-65
 306 0115 50       		.byte	80
 307 0116 D4       		.byte	-44
 308 0117 18       		.byte	24
 309 0118 D6       		.byte	-42
 310 0119 04       		.byte	4
 311 011a D8       		.byte	-40
 312 011b 04       		.byte	4
 313 011c D9       		.byte	-39
 314 011d 04       		.byte	4
 315 011e DB       		.byte	-37
 316 011f 04       		.byte	4
 317 0120 DC       		.byte	-36
 318 0121 11       		.byte	17
 319 0122 DD       		.byte	-35
 320 0123 10       		.byte	16
 321 0124 DF       		.byte	-33
 322 0125 01       		.byte	1
 323 0126 00       		.byte	0
 324 0127 48       		.byte	72
 325 0128 01       		.byte	1
 326 0129 20       		.byte	32
 327 012a 02       		.byte	2
 328 012b 01       		.byte	1
 329 012c 07       		.byte	7
 330 012d 04       		.byte	4
 331 012e 08       		.byte	8
 332 012f 80       		.byte	-128
 333 0130 0A       		.byte	10
 334 0131 54       		.byte	84
 335 0132 0B       		.byte	11
 336 0133 80       		.byte	-128
 337 0134 0C       		.byte	12
 338 0135 20       		.byte	32
 339 0136 0E       		.byte	14
 340 0137 08       		.byte	8
 341 0138 0F       		.byte	15
 342 0139 22       		.byte	34
ARM GAS  C:\Users\frede\AppData\Local\Temp\cckp86RM.s 			page 7


 343 013a 10       		.byte	16
 344 013b 02       		.byte	2
 345 013c 11       		.byte	17
 346 013d 04       		.byte	4
 347 013e 12       		.byte	18
 348 013f 80       		.byte	-128
 349 0140 16       		.byte	22
 350 0141 02       		.byte	2
 351 0142 17       		.byte	23
 352 0143 10       		.byte	16
 353 0144 19       		.byte	25
 354 0145 11       		.byte	17
 355 0146 1A       		.byte	26
 356 0147 11       		.byte	17
 357 0148 1E       		.byte	30
 358 0149 02       		.byte	2
 359 014a 1F       		.byte	31
 360 014b 80       		.byte	-128
 361 014c 20       		.byte	32
 362 014d 04       		.byte	4
 363 014e 21       		.byte	33
 364 014f 80       		.byte	-128
 365 0150 23       		.byte	35
 366 0151 10       		.byte	16
 367 0152 26       		.byte	38
 368 0153 80       		.byte	-128
 369 0154 27       		.byte	39
 370 0155 21       		.byte	33
 371 0156 29       		.byte	41
 372 0157 22       		.byte	34
 373 0158 2C       		.byte	44
 374 0159 20       		.byte	32
 375 015a 2E       		.byte	46
 376 015b 02       		.byte	2
 377 015c 2F       		.byte	47
 378 015d 88       		.byte	-120
 379 015e 30       		.byte	48
 380 015f 10       		.byte	16
 381 0160 31       		.byte	49
 382 0161 40       		.byte	64
 383 0162 37       		.byte	55
 384 0163 15       		.byte	21
 385 0164 3A       		.byte	58
 386 0165 01       		.byte	1
 387 0166 3B       		.byte	59
 388 0167 98       		.byte	-104
 389 0168 3F       		.byte	63
 390 0169 22       		.byte	34
 391 016a 47       		.byte	71
 392 016b 20       		.byte	32
 393 016c 4F       		.byte	79
 394 016d 02       		.byte	2
 395 016e 57       		.byte	87
 396 016f 10       		.byte	16
 397 0170 5A       		.byte	90
 398 0171 02       		.byte	2
 399 0172 60       		.byte	96
ARM GAS  C:\Users\frede\AppData\Local\Temp\cckp86RM.s 			page 8


 400 0173 04       		.byte	4
 401 0174 61       		.byte	97
 402 0175 80       		.byte	-128
 403 0176 63       		.byte	99
 404 0177 40       		.byte	64
 405 0178 81       		.byte	-127
 406 0179 01       		.byte	1
 407 017a 87       		.byte	-121
 408 017b 40       		.byte	64
 409 017c 8A       		.byte	-118
 410 017d 01       		.byte	1
 411 017e C0       		.byte	-64
 412 017f 47       		.byte	71
 413 0180 C2       		.byte	-62
 414 0181 EF       		.byte	-17
 415 0182 C4       		.byte	-60
 416 0183 CD       		.byte	-51
 417 0184 CA       		.byte	-54
 418 0185 E5       		.byte	-27
 419 0186 CC       		.byte	-52
 420 0187 EC       		.byte	-20
 421 0188 CE       		.byte	-50
 422 0189 AF       		.byte	-81
 423 018a D0       		.byte	-48
 424 018b 20       		.byte	32
 425 018c D6       		.byte	-42
 426 018d 01       		.byte	1
 427 018e D8       		.byte	-40
 428 018f 0D       		.byte	13
 429 0190 03       		.byte	3
 430 0191 02       		.byte	2
 431 0192 07       		.byte	7
 432 0193 06       		.byte	6
 433 0194 09       		.byte	9
 434 0195 10       		.byte	16
 435 0196 0B       		.byte	11
 436 0197 01       		.byte	1
 437 0198 15       		.byte	21
 438 0199 08       		.byte	8
 439 019a 17       		.byte	23
 440 019b 03       		.byte	3
 441 019c 19       		.byte	25
 442 019d 08       		.byte	8
 443 019e 1B       		.byte	27
 444 019f 05       		.byte	5
 445 01a0 21       		.byte	33
 446 01a1 06       		.byte	6
 447 01a2 23       		.byte	35
 448 01a3 09       		.byte	9
 449 01a4 33       		.byte	51
 450 01a5 18       		.byte	24
 451 01a6 35       		.byte	53
 452 01a7 07       		.byte	7
 453 01a8 39       		.byte	57
 454 01a9 08       		.byte	8
 455 01aa 3B       		.byte	59
 456 01ab 20       		.byte	32
ARM GAS  C:\Users\frede\AppData\Local\Temp\cckp86RM.s 			page 9


 457 01ac 40       		.byte	64
 458 01ad 26       		.byte	38
 459 01ae 41       		.byte	65
 460 01af 03       		.byte	3
 461 01b0 45       		.byte	69
 462 01b1 0C       		.byte	12
 463 01b2 47       		.byte	71
 464 01b3 EB       		.byte	-21
 465 01b4 48       		.byte	72
 466 01b5 31       		.byte	49
 467 01b6 49       		.byte	73
 468 01b7 FF       		.byte	-1
 469 01b8 4A       		.byte	74
 470 01b9 FF       		.byte	-1
 471 01ba 4B       		.byte	75
 472 01bb FF       		.byte	-1
 473 01bc 4E       		.byte	78
 474 01bd F0       		.byte	-16
 475 01be 4F       		.byte	79
 476 01bf 44       		.byte	68
 477 01c0 50       		.byte	80
 478 01c1 0C       		.byte	12
 479 01c2 59       		.byte	89
 480 01c3 04       		.byte	4
 481 01c4 5A       		.byte	90
 482 01c5 04       		.byte	4
 483 01c6 5C       		.byte	92
 484 01c7 10       		.byte	16
 485 01c8 5D       		.byte	93
 486 01c9 01       		.byte	1
 487 01ca 5F       		.byte	95
 488 01cb 01       		.byte	1
 489 01cc 66       		.byte	102
 490 01cd C0       		.byte	-64
 491 01ce 6A       		.byte	106
 492 01cf 40       		.byte	64
 493 01d0 6B       		.byte	107
 494 01d1 02       		.byte	2
 495 01d2 83       		.byte	-125
 496 01d3 03       		.byte	3
 497 01d4 85       		.byte	-123
 498 01d5 04       		.byte	4
 499 01d6 86       		.byte	-122
 500 01d7 13       		.byte	19
 501 01d8 88       		.byte	-120
 502 01d9 1F       		.byte	31
 503 01da 89       		.byte	-119
 504 01db 04       		.byte	4
 505 01dc 8C       		.byte	-116
 506 01dd 13       		.byte	19
 507 01de 8D       		.byte	-115
 508 01df 04       		.byte	4
 509 01e0 8E       		.byte	-114
 510 01e1 0C       		.byte	12
 511 01e2 90       		.byte	-112
 512 01e3 0F       		.byte	15
 513 01e4 91       		.byte	-111
ARM GAS  C:\Users\frede\AppData\Local\Temp\cckp86RM.s 			page 10


 514 01e5 01       		.byte	1
 515 01e6 92       		.byte	-110
 516 01e7 10       		.byte	16
 517 01e8 94       		.byte	-108
 518 01e9 02       		.byte	2
 519 01ea 95       		.byte	-107
 520 01eb 03       		.byte	3
 521 01ec 98       		.byte	-104
 522 01ed 1C       		.byte	28
 523 01ee 9A       		.byte	-102
 524 01ef 03       		.byte	3
 525 01f0 9B       		.byte	-101
 526 01f1 03       		.byte	3
 527 01f2 9C       		.byte	-100
 528 01f3 03       		.byte	3
 529 01f4 9D       		.byte	-99
 530 01f5 03       		.byte	3
 531 01f6 A0       		.byte	-96
 532 01f7 08       		.byte	8
 533 01f8 A1       		.byte	-95
 534 01f9 03       		.byte	3
 535 01fa A4       		.byte	-92
 536 01fb 04       		.byte	4
 537 01fc A7       		.byte	-89
 538 01fd 03       		.byte	3
 539 01fe A8       		.byte	-88
 540 01ff 0C       		.byte	12
 541 0200 A9       		.byte	-87
 542 0201 02       		.byte	2
 543 0202 AC       		.byte	-84
 544 0203 01       		.byte	1
 545 0204 B0       		.byte	-80
 546 0205 0F       		.byte	15
 547 0206 B1       		.byte	-79
 548 0207 03       		.byte	3
 549 0208 B5       		.byte	-75
 550 0209 04       		.byte	4
 551 020a B6       		.byte	-74
 552 020b 1C       		.byte	28
 553 020c BA       		.byte	-70
 554 020d 22       		.byte	34
 555 020e D6       		.byte	-42
 556 020f 02       		.byte	2
 557 0210 D7       		.byte	-41
 558 0211 11       		.byte	17
 559 0212 D8       		.byte	-40
 560 0213 04       		.byte	4
 561 0214 D9       		.byte	-39
 562 0215 04       		.byte	4
 563 0216 DB       		.byte	-37
 564 0217 04       		.byte	4
 565 0218 DC       		.byte	-36
 566 0219 11       		.byte	17
 567 021a DD       		.byte	-35
 568 021b 10       		.byte	16
 569 021c DF       		.byte	-33
 570 021d 01       		.byte	1
ARM GAS  C:\Users\frede\AppData\Local\Temp\cckp86RM.s 			page 11


 571 021e 00       		.byte	0
 572 021f 44       		.byte	68
 573 0220 01       		.byte	1
 574 0221 20       		.byte	32
 575 0222 08       		.byte	8
 576 0223 10       		.byte	16
 577 0224 09       		.byte	9
 578 0225 80       		.byte	-128
 579 0226 0A       		.byte	10
 580 0227 54       		.byte	84
 581 0228 10       		.byte	16
 582 0229 AA       		.byte	-86
 583 022a 18       		.byte	24
 584 022b 40       		.byte	64
 585 022c 19       		.byte	25
 586 022d 61       		.byte	97
 587 022e 1A       		.byte	26
 588 022f 08       		.byte	8
 589 0230 20       		.byte	32
 590 0231 04       		.byte	4
 591 0232 21       		.byte	33
 592 0233 20       		.byte	32
 593 0234 22       		.byte	34
 594 0235 01       		.byte	1
 595 0236 25       		.byte	37
 596 0237 04       		.byte	4
 597 0238 26       		.byte	38
 598 0239 04       		.byte	4
 599 023a 27       		.byte	39
 600 023b 04       		.byte	4
 601 023c 28       		.byte	40
 602 023d 18       		.byte	24
 603 023e 29       		.byte	41
 604 023f 01       		.byte	1
 605 0240 2E       		.byte	46
 606 0241 40       		.byte	64
 607 0242 2F       		.byte	47
 608 0243 81       		.byte	-127
 609 0244 30       		.byte	48
 610 0245 02       		.byte	2
 611 0246 31       		.byte	49
 612 0247 A0       		.byte	-96
 613 0248 32       		.byte	50
 614 0249 04       		.byte	4
 615 024a 37       		.byte	55
 616 024b 14       		.byte	20
 617 024c 39       		.byte	57
 618 024d 54       		.byte	84
 619 024e 3B       		.byte	59
 620 024f 02       		.byte	2
 621 0250 3D       		.byte	61
 622 0251 08       		.byte	8
 623 0252 3F       		.byte	63
 624 0253 22       		.byte	34
 625 0254 47       		.byte	71
 626 0255 14       		.byte	20
 627 0256 4F       		.byte	79
ARM GAS  C:\Users\frede\AppData\Local\Temp\cckp86RM.s 			page 12


 628 0257 24       		.byte	36
 629 0258 55       		.byte	85
 630 0259 01       		.byte	1
 631 025a 57       		.byte	87
 632 025b 08       		.byte	8
 633 025c 59       		.byte	89
 634 025d 10       		.byte	16
 635 025e 68       		.byte	104
 636 025f 04       		.byte	4
 637 0260 69       		.byte	105
 638 0261 5C       		.byte	92
 639 0262 70       		.byte	112
 640 0263 A8       		.byte	-88
 641 0264 92       		.byte	-110
 642 0265 10       		.byte	16
 643 0266 94       		.byte	-108
 644 0267 40       		.byte	64
 645 0268 95       		.byte	-107
 646 0269 04       		.byte	4
 647 026a 96       		.byte	-106
 648 026b 46       		.byte	70
 649 026c 97       		.byte	-105
 650 026d 08       		.byte	8
 651 026e 99       		.byte	-103
 652 026f 10       		.byte	16
 653 0270 9C       		.byte	-100
 654 0271 10       		.byte	16
 655 0272 9D       		.byte	-99
 656 0273 62       		.byte	98
 657 0274 9F       		.byte	-97
 658 0275 14       		.byte	20
 659 0276 A2       		.byte	-94
 660 0277 01       		.byte	1
 661 0278 A3       		.byte	-93
 662 0279 91       		.byte	-111
 663 027a A4       		.byte	-92
 664 027b 06       		.byte	6
 665 027c A6       		.byte	-90
 666 027d 04       		.byte	4
 667 027e A7       		.byte	-89
 668 027f 08       		.byte	8
 669 0280 AC       		.byte	-84
 670 0281 80       		.byte	-128
 671 0282 C0       		.byte	-64
 672 0283 07       		.byte	7
 673 0284 C2       		.byte	-62
 674 0285 0F       		.byte	15
 675 0286 C4       		.byte	-60
 676 0287 0F       		.byte	15
 677 0288 CA       		.byte	-54
 678 0289 87       		.byte	-121
 679 028a CC       		.byte	-52
 680 028b 6F       		.byte	111
 681 028c CE       		.byte	-50
 682 028d EF       		.byte	-17
 683 028e D0       		.byte	-48
 684 028f 60       		.byte	96
ARM GAS  C:\Users\frede\AppData\Local\Temp\cckp86RM.s 			page 13


 685 0290 D2       		.byte	-46
 686 0291 20       		.byte	32
 687 0292 D6       		.byte	-42
 688 0293 04       		.byte	4
 689 0294 EE       		.byte	-18
 690 0295 02       		.byte	2
 691 0296 00       		.byte	0
 692 0297 1C       		.byte	28
 693 0298 02       		.byte	2
 694 0299 22       		.byte	34
 695 029a 05       		.byte	5
 696 029b 0E       		.byte	14
 697 029c 06       		.byte	6
 698 029d 23       		.byte	35
 699 029e 08       		.byte	8
 700 029f 3F       		.byte	63
 701 02a0 09       		.byte	9
 702 02a1 0E       		.byte	14
 703 02a2 0C       		.byte	12
 704 02a3 27       		.byte	39
 705 02a4 0E       		.byte	14
 706 02a5 18       		.byte	24
 707 02a6 10       		.byte	16
 708 02a7 1C       		.byte	28
 709 02a8 11       		.byte	17
 710 02a9 04       		.byte	4
 711 02aa 12       		.byte	18
 712 02ab 21       		.byte	33
 713 02ac 13       		.byte	19
 714 02ad 03       		.byte	3
 715 02ae 16       		.byte	22
 716 02af 80       		.byte	-128
 717 02b0 1A       		.byte	26
 718 02b1 04       		.byte	4
 719 02b2 1D       		.byte	29
 720 02b3 02       		.byte	2
 721 02b4 1E       		.byte	30
 722 02b5 40       		.byte	64
 723 02b6 1F       		.byte	31
 724 02b7 0C       		.byte	12
 725 02b8 20       		.byte	32
 726 02b9 10       		.byte	16
 727 02ba 24       		.byte	36
 728 02bb 08       		.byte	8
 729 02bc 28       		.byte	40
 730 02bd 18       		.byte	24
 731 02be 29       		.byte	41
 732 02bf 08       		.byte	8
 733 02c0 2B       		.byte	43
 734 02c1 02       		.byte	2
 735 02c2 2C       		.byte	44
 736 02c3 04       		.byte	4
 737 02c4 2E       		.byte	46
 738 02c5 80       		.byte	-128
 739 02c6 30       		.byte	48
 740 02c7 38       		.byte	56
 741 02c8 33       		.byte	51
ARM GAS  C:\Users\frede\AppData\Local\Temp\cckp86RM.s 			page 14


 742 02c9 01       		.byte	1
 743 02ca 34       		.byte	52
 744 02cb 1F       		.byte	31
 745 02cc 36       		.byte	54
 746 02cd C0       		.byte	-64
 747 02ce 37       		.byte	55
 748 02cf 0E       		.byte	14
 749 02d0 3A       		.byte	58
 750 02d1 22       		.byte	34
 751 02d2 3E       		.byte	62
 752 02d3 40       		.byte	64
 753 02d4 40       		.byte	64
 754 02d5 42       		.byte	66
 755 02d6 41       		.byte	65
 756 02d7 06       		.byte	6
 757 02d8 42       		.byte	66
 758 02d9 05       		.byte	5
 759 02da 44       		.byte	68
 760 02db 01       		.byte	1
 761 02dc 45       		.byte	69
 762 02dd C0       		.byte	-64
 763 02de 47       		.byte	71
 764 02df 0E       		.byte	14
 765 02e0 48       		.byte	72
 766 02e1 12       		.byte	18
 767 02e2 49       		.byte	73
 768 02e3 FF       		.byte	-1
 769 02e4 4A       		.byte	74
 770 02e5 FF       		.byte	-1
 771 02e6 4B       		.byte	75
 772 02e7 FF       		.byte	-1
 773 02e8 4C       		.byte	76
 774 02e9 62       		.byte	98
 775 02ea 4D       		.byte	77
 776 02eb A0       		.byte	-96
 777 02ec 4E       		.byte	78
 778 02ed F0       		.byte	-16
 779 02ee 4F       		.byte	79
 780 02ef 41       		.byte	65
 781 02f0 50       		.byte	80
 782 02f1 0C       		.byte	12
 783 02f2 58       		.byte	88
 784 02f3 04       		.byte	4
 785 02f4 59       		.byte	89
 786 02f5 04       		.byte	4
 787 02f6 5A       		.byte	90
 788 02f7 04       		.byte	4
 789 02f8 5C       		.byte	92
 790 02f9 11       		.byte	17
 791 02fa 5D       		.byte	93
 792 02fb 01       		.byte	1
 793 02fc 5F       		.byte	95
 794 02fd 01       		.byte	1
 795 02fe 66       		.byte	102
 796 02ff 40       		.byte	64
 797 0300 67       		.byte	103
 798 0301 02       		.byte	2
ARM GAS  C:\Users\frede\AppData\Local\Temp\cckp86RM.s 			page 15


 799 0302 69       		.byte	105
 800 0303 10       		.byte	16
 801 0304 6A       		.byte	106
 802 0305 30       		.byte	48
 803 0306 6B       		.byte	107
 804 0307 10       		.byte	16
 805 0308 6D       		.byte	109
 806 0309 10       		.byte	16
 807 030a 6E       		.byte	110
 808 030b 10       		.byte	16
 809 030c 6F       		.byte	111
 810 030d 12       		.byte	18
 811 030e 81       		.byte	-127
 812 030f 10       		.byte	16
 813 0310 84       		.byte	-124
 814 0311 01       		.byte	1
 815 0312 87       		.byte	-121
 816 0313 08       		.byte	8
 817 0314 88       		.byte	-120
 818 0315 01       		.byte	1
 819 0316 8B       		.byte	-117
 820 0317 05       		.byte	5
 821 0318 95       		.byte	-107
 822 0319 03       		.byte	3
 823 031a 96       		.byte	-106
 824 031b 01       		.byte	1
 825 031c 97       		.byte	-105
 826 031d 04       		.byte	4
 827 031e 99       		.byte	-103
 828 031f 03       		.byte	3
 829 0320 9A       		.byte	-102
 830 0321 01       		.byte	1
 831 0322 9B       		.byte	-101
 832 0323 0C       		.byte	12
 833 0324 9E       		.byte	-98
 834 0325 01       		.byte	1
 835 0326 A1       		.byte	-95
 836 0327 0A       		.byte	10
 837 0328 A3       		.byte	-93
 838 0329 04       		.byte	4
 839 032a A5       		.byte	-91
 840 032b 03       		.byte	3
 841 032c A7       		.byte	-89
 842 032d 04       		.byte	4
 843 032e B0       		.byte	-80
 844 032f 01       		.byte	1
 845 0330 B3       		.byte	-77
 846 0331 0F       		.byte	15
 847 0332 B5       		.byte	-75
 848 0333 10       		.byte	16
 849 0334 BB       		.byte	-69
 850 0335 08       		.byte	8
 851 0336 BE       		.byte	-66
 852 0337 01       		.byte	1
 853 0338 BF       		.byte	-65
 854 0339 10       		.byte	16
 855 033a D4       		.byte	-44
ARM GAS  C:\Users\frede\AppData\Local\Temp\cckp86RM.s 			page 16


 856 033b 01       		.byte	1
 857 033c D8       		.byte	-40
 858 033d 04       		.byte	4
 859 033e D9       		.byte	-39
 860 033f 04       		.byte	4
 861 0340 DB       		.byte	-37
 862 0341 04       		.byte	4
 863 0342 DC       		.byte	-36
 864 0343 10       		.byte	16
 865 0344 DD       		.byte	-35
 866 0345 10       		.byte	16
 867 0346 DF       		.byte	-33
 868 0347 01       		.byte	1
 869 0348 00       		.byte	0
 870 0349 44       		.byte	68
 871 034a 01       		.byte	1
 872 034b 20       		.byte	32
 873 034c 02       		.byte	2
 874 034d 80       		.byte	-128
 875 034e 07       		.byte	7
 876 034f 14       		.byte	20
 877 0350 08       		.byte	8
 878 0351 08       		.byte	8
 879 0352 09       		.byte	9
 880 0353 80       		.byte	-128
 881 0354 0A       		.byte	10
 882 0355 58       		.byte	88
 883 0356 0C       		.byte	12
 884 0357 10       		.byte	16
 885 0358 0E       		.byte	14
 886 0359 03       		.byte	3
 887 035a 0F       		.byte	15
 888 035b 24       		.byte	36
 889 035c 10       		.byte	16
 890 035d AA       		.byte	-86
 891 035e 18       		.byte	24
 892 035f 01       		.byte	1
 893 0360 19       		.byte	25
 894 0361 10       		.byte	16
 895 0362 1A       		.byte	26
 896 0363 44       		.byte	68
 897 0364 1E       		.byte	30
 898 0365 80       		.byte	-128
 899 0366 21       		.byte	33
 900 0367 80       		.byte	-128
 901 0368 22       		.byte	34
 902 0369 04       		.byte	4
 903 036a 27       		.byte	39
 904 036b 18       		.byte	24
 905 036c 28       		.byte	40
 906 036d 08       		.byte	8
 907 036e 2C       		.byte	44
 908 036f 10       		.byte	16
 909 0370 2E       		.byte	46
 910 0371 01       		.byte	1
 911 0372 30       		.byte	48
 912 0373 02       		.byte	2
ARM GAS  C:\Users\frede\AppData\Local\Temp\cckp86RM.s 			page 17


 913 0374 31       		.byte	49
 914 0375 80       		.byte	-128
 915 0376 37       		.byte	55
 916 0377 14       		.byte	20
 917 0378 39       		.byte	57
 918 0379 18       		.byte	24
 919 037a 3D       		.byte	61
 920 037b 0B       		.byte	11
 921 037c 3F       		.byte	63
 922 037d 20       		.byte	32
 923 037e 40       		.byte	64
 924 037f 45       		.byte	69
 925 0380 44       		.byte	68
 926 0381 30       		.byte	48
 927 0382 49       		.byte	73
 928 0383 62       		.byte	98
 929 0384 53       		.byte	83
 930 0385 04       		.byte	4
 931 0386 5C       		.byte	92
 932 0387 20       		.byte	32
 933 0388 5D       		.byte	93
 934 0389 01       		.byte	1
 935 038a 5E       		.byte	94
 936 038b 80       		.byte	-128
 937 038c 5F       		.byte	95
 938 038d 08       		.byte	8
 939 038e 81       		.byte	-127
 940 038f 10       		.byte	16
 941 0390 82       		.byte	-126
 942 0391 80       		.byte	-128
 943 0392 88       		.byte	-120
 944 0393 02       		.byte	2
 945 0394 90       		.byte	-112
 946 0395 44       		.byte	68
 947 0396 91       		.byte	-111
 948 0397 18       		.byte	24
 949 0398 92       		.byte	-110
 950 0399 10       		.byte	16
 951 039a 93       		.byte	-109
 952 039b 04       		.byte	4
 953 039c 96       		.byte	-106
 954 039d 44       		.byte	68
 955 039e 97       		.byte	-105
 956 039f 08       		.byte	8
 957 03a0 99       		.byte	-103
 958 03a1 60       		.byte	96
 959 03a2 9B       		.byte	-101
 960 03a3 04       		.byte	4
 961 03a4 9C       		.byte	-100
 962 03a5 08       		.byte	8
 963 03a6 9D       		.byte	-99
 964 03a7 02       		.byte	2
 965 03a8 9F       		.byte	-97
 966 03a9 10       		.byte	16
 967 03aa A0       		.byte	-96
 968 03ab A8       		.byte	-88
 969 03ac A1       		.byte	-95
ARM GAS  C:\Users\frede\AppData\Local\Temp\cckp86RM.s 			page 18


 970 03ad 05       		.byte	5
 971 03ae A2       		.byte	-94
 972 03af 01       		.byte	1
 973 03b0 A3       		.byte	-93
 974 03b1 10       		.byte	16
 975 03b2 A4       		.byte	-92
 976 03b3 02       		.byte	2
 977 03b4 A5       		.byte	-91
 978 03b5 80       		.byte	-128
 979 03b6 C0       		.byte	-64
 980 03b7 6F       		.byte	111
 981 03b8 C2       		.byte	-62
 982 03b9 EF       		.byte	-17
 983 03ba C4       		.byte	-60
 984 03bb 0F       		.byte	15
 985 03bc CA       		.byte	-54
 986 03bd C4       		.byte	-60
 987 03be CC       		.byte	-52
 988 03bf 69       		.byte	105
 989 03c0 CE       		.byte	-50
 990 03c1 E6       		.byte	-26
 991 03c2 D0       		.byte	-48
 992 03c3 0D       		.byte	13
 993 03c4 D2       		.byte	-46
 994 03c5 0C       		.byte	12
 995 03c6 D6       		.byte	-42
 996 03c7 F0       		.byte	-16
 997 03c8 32       		.byte	50
 998 03c9 20       		.byte	32
 999 03ca CC       		.byte	-52
 1000 03cb 10       		.byte	16
 1001 03cc 57       		.byte	87
 1002 03cd 08       		.byte	8
 1003 03ce A6       		.byte	-90
 1004 03cf 20       		.byte	32
 1005 03d0 D4       		.byte	-44
 1006 03d1 40       		.byte	64
 1007 03d2 A6       		.byte	-90
 1008 03d3 20       		.byte	32
 1009 03d4 A7       		.byte	-89
 1010 03d5 08       		.byte	8
 1011 03d6 1B       		.byte	27
 1012 03d7 08       		.byte	8
 1013 03d8 61       		.byte	97
 1014 03d9 01       		.byte	1
 1015 03da 6B       		.byte	107
 1016 03db 40       		.byte	64
 1017 03dc 81       		.byte	-127
 1018 03dd 01       		.byte	1
 1019 03de 83       		.byte	-125
 1020 03df 40       		.byte	64
 1021 03e0 86       		.byte	-122
 1022 03e1 20       		.byte	32
 1023 03e2 A6       		.byte	-90
 1024 03e3 20       		.byte	32
 1025 03e4 A7       		.byte	-89
 1026 03e5 08       		.byte	8
ARM GAS  C:\Users\frede\AppData\Local\Temp\cckp86RM.s 			page 19


 1027 03e6 C6       		.byte	-58
 1028 03e7 10       		.byte	16
 1029 03e8 D8       		.byte	-40
 1030 03e9 40       		.byte	64
 1031 03ea DC       		.byte	-36
 1032 03eb 20       		.byte	32
 1033 03ec E2       		.byte	-30
 1034 03ed 20       		.byte	32
 1035 03ee E6       		.byte	-26
 1036 03ef C0       		.byte	-64
 1037 03f0 03       		.byte	3
 1038 03f1 08       		.byte	8
 1039 03f2 C0       		.byte	-64
 1040 03f3 02       		.byte	2
 1041 03f4 A3       		.byte	-93
 1042 03f5 08       		.byte	8
 1043 03f6 8B       		.byte	-117
 1044 03f7 10       		.byte	16
 1045 03f8 A3       		.byte	-93
 1046 03f9 08       		.byte	8
 1047 03fa E4       		.byte	-28
 1048 03fb 01       		.byte	1
 1049 03fc 93       		.byte	-109
 1050 03fd 10       		.byte	16
 1051 03fe AF       		.byte	-81
 1052 03ff 08       		.byte	8
 1053 0400 10       		.byte	16
 1054 0401 80       		.byte	-128
 1055 0402 73       		.byte	115
 1056 0403 10       		.byte	16
 1057 0404 88       		.byte	-120
 1058 0405 80       		.byte	-128
 1059 0406 93       		.byte	-109
 1060 0407 10       		.byte	16
 1061 0408 C4       		.byte	-60
 1062 0409 08       		.byte	8
 1063 040a DC       		.byte	-36
 1064 040b 01       		.byte	1
 1065 040c E6       		.byte	-26
 1066 040d 01       		.byte	1
 1067 040e 00       		.byte	0
 1068 040f 02       		.byte	2
 1069 0410 0C       		.byte	12
 1070 0411 02       		.byte	2
 1071 0412 10       		.byte	16
 1072 0413 02       		.byte	2
 1073 0414 1C       		.byte	28
 1074 0415 02       		.byte	2
 1075 0416 00       		.byte	0
 1076 0417 03       		.byte	3
 1077 0418 00       		.byte	0
 1078 0419 07       		.byte	7
 1079 041a 07       		.byte	7
 1080 041b 00       		.byte	0
 1081 041c 01       		.byte	1
 1082 041d 00       		.byte	0
 1083 041e 00       		.byte	0
ARM GAS  C:\Users\frede\AppData\Local\Temp\cckp86RM.s 			page 20


 1084 041f 00       		.byte	0
 1085 0420 80       		.byte	-128
 1086 0421 00       		.byte	0
 1087 0422 40       		.byte	64
 1088 0423 80       		.byte	-128
 1089 0424 80       		.byte	-128
 1090 0425 00       		.byte	0
 1091 0426 80       		.byte	-128
 1092 0427 00       		.byte	0
 1093 0428 00       		.byte	0
 1094 0429 00       		.byte	0
 1095 042a 00       		.byte	0
 1096 042b 00       		.byte	0
 1097 042c 00       		.byte	0
 1098 042d 0B       		.byte	11
 1099 042e 0B       		.byte	11
 1100 042f 00       		.byte	0
 1101 0430 00       		.byte	0
 1102 0431 00       		.byte	0
 1103 0432 00       		.byte	0
 1104 0433 00       		.byte	0
 1105 0434 04       		.byte	4
 1106 0435 00       		.byte	0
 1107 0436 00       		.byte	0
 1108 0437 04       		.byte	4
 1109 0438 00       		.byte	0
 1110 0439 00       		.byte	0
 1111 043a 00       		.byte	0
 1112 043b 00       		.byte	0
 1113 043c 00       		.byte	0
 1114 043d 00       		.byte	0
 1115 043e 00       		.byte	0
 1116 043f 00       		.byte	0
 1117              		.section	.cywolatch,"a",%progbits
 1118              		.align	2
 1119              		.type	cy_meta_wonvl, %object
 1120              		.size	cy_meta_wonvl, 4
 1121              	cy_meta_wonvl:
 1122 0000 BC       		.byte	-68
 1123 0001 90       		.byte	-112
 1124 0002 AC       		.byte	-84
 1125 0003 AF       		.byte	-81
 1126              		.section	.cycustnvl,"a",%progbits
 1127              		.align	2
 1128              		.type	cy_meta_custnvl, %object
 1129              		.size	cy_meta_custnvl, 4
 1130              	cy_meta_custnvl:
 1131 0000 00       		.byte	0
 1132 0001 00       		.byte	0
 1133 0002 40       		.byte	64
 1134 0003 05       		.byte	5
 1135              		.section	.cymeta,"a",%progbits
 1136              		.align	2
 1137              		.type	cy_metadata, %object
 1138              		.size	cy_metadata, 12
 1139              	cy_metadata:
 1140 0000 00       		.byte	0
ARM GAS  C:\Users\frede\AppData\Local\Temp\cckp86RM.s 			page 21


 1141 0001 01       		.byte	1
 1142 0002 2E       		.byte	46
 1143 0003 16       		.byte	22
 1144 0004 10       		.byte	16
 1145 0005 69       		.byte	105
 1146 0006 00       		.byte	0
 1147 0007 01       		.byte	1
 1148 0008 00       		.byte	0
 1149 0009 00       		.byte	0
 1150 000a 00       		.byte	0
 1151 000b 00       		.byte	0
 1152              		.section	.cyflashprotect,"a",%progbits
 1153              		.align	2
 1154              		.type	cy_meta_flashprotect, %object
 1155              		.size	cy_meta_flashprotect, 256
 1156              	cy_meta_flashprotect:
 1157 0000 00000000 		.space	256
 1157      00000000 
 1157      00000000 
 1157      00000000 
 1157      00000000 
 1158              		.text
 1159              	.Letext0:
 1160              		.file 1 "c:\\program files (x86)\\cypress\\psoc creator\\4.3\\psoc creator\\import\\gnu\\arm\\5.4.
 1161              		.file 2 "c:\\program files (x86)\\cypress\\psoc creator\\4.3\\psoc creator\\import\\gnu\\arm\\5.4.
 1162              		.file 3 "Generated_Source\\PSoC5\\cymetadata.c"
 1163              		.section	.debug_info,"",%progbits
 1164              	.Ldebug_info0:
 1165 0000 31010000 		.4byte	0x131
 1166 0004 0400     		.2byte	0x4
 1167 0006 00000000 		.4byte	.Ldebug_abbrev0
 1168 000a 04       		.byte	0x4
 1169 000b 01       		.uleb128 0x1
 1170 000c 73000000 		.4byte	.LASF17
 1171 0010 0C       		.byte	0xc
 1172 0011 CD010000 		.4byte	.LASF18
 1173 0015 0A000000 		.4byte	.LASF19
 1174 0019 00000000 		.4byte	.Ldebug_line0
 1175 001d 02       		.uleb128 0x2
 1176 001e 01       		.byte	0x1
 1177 001f 06       		.byte	0x6
 1178 0020 C1010000 		.4byte	.LASF0
 1179 0024 03       		.uleb128 0x3
 1180 0025 00000000 		.4byte	.LASF9
 1181 0029 01       		.byte	0x1
 1182 002a 1D       		.byte	0x1d
 1183 002b 2F000000 		.4byte	0x2f
 1184 002f 02       		.uleb128 0x2
 1185 0030 01       		.byte	0x1
 1186 0031 08       		.byte	0x8
 1187 0032 65000000 		.4byte	.LASF1
 1188 0036 02       		.uleb128 0x2
 1189 0037 02       		.byte	0x2
 1190 0038 05       		.byte	0x5
 1191 0039 AE010000 		.4byte	.LASF2
 1192 003d 02       		.uleb128 0x2
 1193 003e 02       		.byte	0x2
ARM GAS  C:\Users\frede\AppData\Local\Temp\cckp86RM.s 			page 22


 1194 003f 07       		.byte	0x7
 1195 0040 13010000 		.4byte	.LASF3
 1196 0044 02       		.uleb128 0x2
 1197 0045 04       		.byte	0x4
 1198 0046 05       		.byte	0x5
 1199 0047 B8010000 		.4byte	.LASF4
 1200 004b 02       		.uleb128 0x2
 1201 004c 04       		.byte	0x4
 1202 004d 07       		.byte	0x7
 1203 004e 01010000 		.4byte	.LASF5
 1204 0052 02       		.uleb128 0x2
 1205 0053 08       		.byte	0x8
 1206 0054 05       		.byte	0x5
 1207 0055 A0010000 		.4byte	.LASF6
 1208 0059 02       		.uleb128 0x2
 1209 005a 08       		.byte	0x8
 1210 005b 07       		.byte	0x7
 1211 005c 55010000 		.4byte	.LASF7
 1212 0060 04       		.uleb128 0x4
 1213 0061 04       		.byte	0x4
 1214 0062 05       		.byte	0x5
 1215 0063 696E7400 		.ascii	"int\000"
 1216 0067 02       		.uleb128 0x2
 1217 0068 04       		.byte	0x4
 1218 0069 07       		.byte	0x7
 1219 006a 48010000 		.4byte	.LASF8
 1220 006e 03       		.uleb128 0x3
 1221 006f 6C010000 		.4byte	.LASF10
 1222 0073 02       		.byte	0x2
 1223 0074 18       		.byte	0x18
 1224 0075 24000000 		.4byte	0x24
 1225 0079 05       		.uleb128 0x5
 1226 007a 91000000 		.4byte	0x91
 1227 007e 8A000000 		.4byte	0x8a
 1228 0082 06       		.uleb128 0x6
 1229 0083 8A000000 		.4byte	0x8a
 1230 0087 3F04     		.2byte	0x43f
 1231 0089 00       		.byte	0
 1232 008a 02       		.uleb128 0x2
 1233 008b 04       		.byte	0x4
 1234 008c 07       		.byte	0x7
 1235 008d 97010000 		.4byte	.LASF11
 1236 0091 07       		.uleb128 0x7
 1237 0092 6E000000 		.4byte	0x6e
 1238 0096 08       		.uleb128 0x8
 1239 0097 36010000 		.4byte	.LASF12
 1240 009b 03       		.byte	0x3
 1241 009c 1F       		.byte	0x1f
 1242 009d A7000000 		.4byte	0xa7
 1243 00a1 05       		.uleb128 0x5
 1244 00a2 03       		.byte	0x3
 1245 00a3 00000000 		.4byte	cy_meta_configecc
 1246 00a7 07       		.uleb128 0x7
 1247 00a8 79000000 		.4byte	0x79
 1248 00ac 05       		.uleb128 0x5
 1249 00ad 91000000 		.4byte	0x91
 1250 00b1 BC000000 		.4byte	0xbc
ARM GAS  C:\Users\frede\AppData\Local\Temp\cckp86RM.s 			page 23


 1251 00b5 09       		.uleb128 0x9
 1252 00b6 8A000000 		.4byte	0x8a
 1253 00ba 03       		.byte	0x3
 1254 00bb 00       		.byte	0
 1255 00bc 08       		.uleb128 0x8
 1256 00bd 26010000 		.4byte	.LASF13
 1257 00c1 03       		.byte	0x3
 1258 00c2 B4       		.byte	0xb4
 1259 00c3 CD000000 		.4byte	0xcd
 1260 00c7 05       		.uleb128 0x5
 1261 00c8 03       		.byte	0x3
 1262 00c9 00000000 		.4byte	cy_meta_custnvl
 1263 00cd 07       		.uleb128 0x7
 1264 00ce AC000000 		.4byte	0xac
 1265 00d2 08       		.uleb128 0x8
 1266 00d3 89010000 		.4byte	.LASF14
 1267 00d7 03       		.byte	0x3
 1268 00d8 C2       		.byte	0xc2
 1269 00d9 E3000000 		.4byte	0xe3
 1270 00dd 05       		.uleb128 0x5
 1271 00de 03       		.byte	0x3
 1272 00df 00000000 		.4byte	cy_meta_wonvl
 1273 00e3 07       		.uleb128 0x7
 1274 00e4 AC000000 		.4byte	0xac
 1275 00e8 05       		.uleb128 0x5
 1276 00e9 91000000 		.4byte	0x91
 1277 00ed F8000000 		.4byte	0xf8
 1278 00f1 09       		.uleb128 0x9
 1279 00f2 8A000000 		.4byte	0x8a
 1280 00f6 FF       		.byte	0xff
 1281 00f7 00       		.byte	0
 1282 00f8 08       		.uleb128 0x8
 1283 00f9 74010000 		.4byte	.LASF15
 1284 00fd 03       		.byte	0x3
 1285 00fe D0       		.byte	0xd0
 1286 00ff 09010000 		.4byte	0x109
 1287 0103 05       		.uleb128 0x5
 1288 0104 03       		.byte	0x3
 1289 0105 00000000 		.4byte	cy_meta_flashprotect
 1290 0109 07       		.uleb128 0x7
 1291 010a E8000000 		.4byte	0xe8
 1292 010e 05       		.uleb128 0x5
 1293 010f 91000000 		.4byte	0x91
 1294 0113 1E010000 		.4byte	0x11e
 1295 0117 09       		.uleb128 0x9
 1296 0118 8A000000 		.4byte	0x8a
 1297 011c 0B       		.byte	0xb
 1298 011d 00       		.byte	0
 1299 011e 08       		.uleb128 0x8
 1300 011f 59000000 		.4byte	.LASF16
 1301 0123 03       		.byte	0x3
 1302 0124 FD       		.byte	0xfd
 1303 0125 2F010000 		.4byte	0x12f
 1304 0129 05       		.uleb128 0x5
 1305 012a 03       		.byte	0x3
 1306 012b 00000000 		.4byte	cy_metadata
 1307 012f 07       		.uleb128 0x7
ARM GAS  C:\Users\frede\AppData\Local\Temp\cckp86RM.s 			page 24


 1308 0130 0E010000 		.4byte	0x10e
 1309 0134 00       		.byte	0
 1310              		.section	.debug_abbrev,"",%progbits
 1311              	.Ldebug_abbrev0:
 1312 0000 01       		.uleb128 0x1
 1313 0001 11       		.uleb128 0x11
 1314 0002 01       		.byte	0x1
 1315 0003 25       		.uleb128 0x25
 1316 0004 0E       		.uleb128 0xe
 1317 0005 13       		.uleb128 0x13
 1318 0006 0B       		.uleb128 0xb
 1319 0007 03       		.uleb128 0x3
 1320 0008 0E       		.uleb128 0xe
 1321 0009 1B       		.uleb128 0x1b
 1322 000a 0E       		.uleb128 0xe
 1323 000b 10       		.uleb128 0x10
 1324 000c 17       		.uleb128 0x17
 1325 000d 00       		.byte	0
 1326 000e 00       		.byte	0
 1327 000f 02       		.uleb128 0x2
 1328 0010 24       		.uleb128 0x24
 1329 0011 00       		.byte	0
 1330 0012 0B       		.uleb128 0xb
 1331 0013 0B       		.uleb128 0xb
 1332 0014 3E       		.uleb128 0x3e
 1333 0015 0B       		.uleb128 0xb
 1334 0016 03       		.uleb128 0x3
 1335 0017 0E       		.uleb128 0xe
 1336 0018 00       		.byte	0
 1337 0019 00       		.byte	0
 1338 001a 03       		.uleb128 0x3
 1339 001b 16       		.uleb128 0x16
 1340 001c 00       		.byte	0
 1341 001d 03       		.uleb128 0x3
 1342 001e 0E       		.uleb128 0xe
 1343 001f 3A       		.uleb128 0x3a
 1344 0020 0B       		.uleb128 0xb
 1345 0021 3B       		.uleb128 0x3b
 1346 0022 0B       		.uleb128 0xb
 1347 0023 49       		.uleb128 0x49
 1348 0024 13       		.uleb128 0x13
 1349 0025 00       		.byte	0
 1350 0026 00       		.byte	0
 1351 0027 04       		.uleb128 0x4
 1352 0028 24       		.uleb128 0x24
 1353 0029 00       		.byte	0
 1354 002a 0B       		.uleb128 0xb
 1355 002b 0B       		.uleb128 0xb
 1356 002c 3E       		.uleb128 0x3e
 1357 002d 0B       		.uleb128 0xb
 1358 002e 03       		.uleb128 0x3
 1359 002f 08       		.uleb128 0x8
 1360 0030 00       		.byte	0
 1361 0031 00       		.byte	0
 1362 0032 05       		.uleb128 0x5
 1363 0033 01       		.uleb128 0x1
 1364 0034 01       		.byte	0x1
ARM GAS  C:\Users\frede\AppData\Local\Temp\cckp86RM.s 			page 25


 1365 0035 49       		.uleb128 0x49
 1366 0036 13       		.uleb128 0x13
 1367 0037 01       		.uleb128 0x1
 1368 0038 13       		.uleb128 0x13
 1369 0039 00       		.byte	0
 1370 003a 00       		.byte	0
 1371 003b 06       		.uleb128 0x6
 1372 003c 21       		.uleb128 0x21
 1373 003d 00       		.byte	0
 1374 003e 49       		.uleb128 0x49
 1375 003f 13       		.uleb128 0x13
 1376 0040 2F       		.uleb128 0x2f
 1377 0041 05       		.uleb128 0x5
 1378 0042 00       		.byte	0
 1379 0043 00       		.byte	0
 1380 0044 07       		.uleb128 0x7
 1381 0045 26       		.uleb128 0x26
 1382 0046 00       		.byte	0
 1383 0047 49       		.uleb128 0x49
 1384 0048 13       		.uleb128 0x13
 1385 0049 00       		.byte	0
 1386 004a 00       		.byte	0
 1387 004b 08       		.uleb128 0x8
 1388 004c 34       		.uleb128 0x34
 1389 004d 00       		.byte	0
 1390 004e 03       		.uleb128 0x3
 1391 004f 0E       		.uleb128 0xe
 1392 0050 3A       		.uleb128 0x3a
 1393 0051 0B       		.uleb128 0xb
 1394 0052 3B       		.uleb128 0x3b
 1395 0053 0B       		.uleb128 0xb
 1396 0054 49       		.uleb128 0x49
 1397 0055 13       		.uleb128 0x13
 1398 0056 3F       		.uleb128 0x3f
 1399 0057 19       		.uleb128 0x19
 1400 0058 02       		.uleb128 0x2
 1401 0059 18       		.uleb128 0x18
 1402 005a 00       		.byte	0
 1403 005b 00       		.byte	0
 1404 005c 09       		.uleb128 0x9
 1405 005d 21       		.uleb128 0x21
 1406 005e 00       		.byte	0
 1407 005f 49       		.uleb128 0x49
 1408 0060 13       		.uleb128 0x13
 1409 0061 2F       		.uleb128 0x2f
 1410 0062 0B       		.uleb128 0xb
 1411 0063 00       		.byte	0
 1412 0064 00       		.byte	0
 1413 0065 00       		.byte	0
 1414              		.section	.debug_aranges,"",%progbits
 1415 0000 14000000 		.4byte	0x14
 1416 0004 0200     		.2byte	0x2
 1417 0006 00000000 		.4byte	.Ldebug_info0
 1418 000a 04       		.byte	0x4
 1419 000b 00       		.byte	0
 1420 000c 0000     		.2byte	0
 1421 000e 0000     		.2byte	0
ARM GAS  C:\Users\frede\AppData\Local\Temp\cckp86RM.s 			page 26


 1422 0010 00000000 		.4byte	0
 1423 0014 00000000 		.4byte	0
 1424              		.section	.debug_line,"",%progbits
 1425              	.Ldebug_line0:
 1426 0000 3D010000 		.section	.debug_str,"MS",%progbits,1
 1426      02003701 
 1426      00000201 
 1426      FB0E0D00 
 1426      01010101 
 1427              	.LASF9:
 1428 0000 5F5F7569 		.ascii	"__uint8_t\000"
 1428      6E74385F 
 1428      7400
 1429              	.LASF19:
 1430 000a 453A5C55 		.ascii	"E:\\UNI\\3 semester\\Github\\E3PRJ3\\Software\\Sumo"
 1430      4E495C33 
 1430      2073656D 
 1430      65737465 
 1430      725C4769 
 1431 0037 426F7420 		.ascii	"Bot Microcontroller\\DCMotor.cydsn\000"
 1431      4D696372 
 1431      6F636F6E 
 1431      74726F6C 
 1431      6C65725C 
 1432              	.LASF16:
 1433 0059 63795F6D 		.ascii	"cy_metadata\000"
 1433      65746164 
 1433      61746100 
 1434              	.LASF1:
 1435 0065 756E7369 		.ascii	"unsigned char\000"
 1435      676E6564 
 1435      20636861 
 1435      7200
 1436              	.LASF17:
 1437 0073 474E5520 		.ascii	"GNU C11 5.4.1 20160609 (release) [ARM/embedded-5-br"
 1437      43313120 
 1437      352E342E 
 1437      31203230 
 1437      31363036 
 1438 00a6 616E6368 		.ascii	"anch revision 237715] -mcpu=cortex-m3 -mthumb -g -O"
 1438      20726576 
 1438      6973696F 
 1438      6E203233 
 1438      37373135 
 1439 00d9 67202D66 		.ascii	"g -ffunction-sections -ffat-lto-objects\000"
 1439      66756E63 
 1439      74696F6E 
 1439      2D736563 
 1439      74696F6E 
 1440              	.LASF5:
 1441 0101 6C6F6E67 		.ascii	"long unsigned int\000"
 1441      20756E73 
 1441      69676E65 
 1441      6420696E 
 1441      7400
 1442              	.LASF3:
 1443 0113 73686F72 		.ascii	"short unsigned int\000"
ARM GAS  C:\Users\frede\AppData\Local\Temp\cckp86RM.s 			page 27


 1443      7420756E 
 1443      7369676E 
 1443      65642069 
 1443      6E7400
 1444              	.LASF13:
 1445 0126 63795F6D 		.ascii	"cy_meta_custnvl\000"
 1445      6574615F 
 1445      63757374 
 1445      6E766C00 
 1446              	.LASF12:
 1447 0136 63795F6D 		.ascii	"cy_meta_configecc\000"
 1447      6574615F 
 1447      636F6E66 
 1447      69676563 
 1447      6300
 1448              	.LASF8:
 1449 0148 756E7369 		.ascii	"unsigned int\000"
 1449      676E6564 
 1449      20696E74 
 1449      00
 1450              	.LASF7:
 1451 0155 6C6F6E67 		.ascii	"long long unsigned int\000"
 1451      206C6F6E 
 1451      6720756E 
 1451      7369676E 
 1451      65642069 
 1452              	.LASF10:
 1453 016c 75696E74 		.ascii	"uint8_t\000"
 1453      385F7400 
 1454              	.LASF15:
 1455 0174 63795F6D 		.ascii	"cy_meta_flashprotect\000"
 1455      6574615F 
 1455      666C6173 
 1455      6870726F 
 1455      74656374 
 1456              	.LASF14:
 1457 0189 63795F6D 		.ascii	"cy_meta_wonvl\000"
 1457      6574615F 
 1457      776F6E76 
 1457      6C00
 1458              	.LASF11:
 1459 0197 73697A65 		.ascii	"sizetype\000"
 1459      74797065 
 1459      00
 1460              	.LASF6:
 1461 01a0 6C6F6E67 		.ascii	"long long int\000"
 1461      206C6F6E 
 1461      6720696E 
 1461      7400
 1462              	.LASF2:
 1463 01ae 73686F72 		.ascii	"short int\000"
 1463      7420696E 
 1463      7400
 1464              	.LASF4:
 1465 01b8 6C6F6E67 		.ascii	"long int\000"
 1465      20696E74 
 1465      00
ARM GAS  C:\Users\frede\AppData\Local\Temp\cckp86RM.s 			page 28


 1466              	.LASF0:
 1467 01c1 7369676E 		.ascii	"signed char\000"
 1467      65642063 
 1467      68617200 
 1468              	.LASF18:
 1469 01cd 47656E65 		.ascii	"Generated_Source\\PSoC5\\cymetadata.c\000"
 1469      72617465 
 1469      645F536F 
 1469      75726365 
 1469      5C50536F 
 1470              		.ident	"GCC: (GNU Tools for ARM Embedded Processors) 5.4.1 20160609 (release) [ARM/embedded-5-bran
