ARM GAS  C:\Users\asha\AppData\Local\Temp\ccTqdQFx.s 			page 1


   1              		.cpu cortex-m0
   2              		.fpu softvfp
   3              		.eabi_attribute 20, 1
   4              		.eabi_attribute 21, 1
   5              		.eabi_attribute 23, 3
   6              		.eabi_attribute 24, 1
   7              		.eabi_attribute 25, 1
   8              		.eabi_attribute 26, 1
   9              		.eabi_attribute 30, 2
  10              		.eabi_attribute 18, 4
  11              		.code	16
  12              		.file	"Pin.c"
  13              		.section	.debug_abbrev,"",%progbits
  14              	.Ldebug_abbrev0:
  15              		.section	.debug_info,"",%progbits
  16              	.Ldebug_info0:
  17              		.section	.debug_line,"",%progbits
  18              	.Ldebug_line0:
  19 0000 C7000000 		.text
  19      02005C00 
  19      00000201 
  19      FB0E0D00 
  19      01010101 
  20              	.Ltext0:
  21              		.cfi_sections	.debug_frame
  22              		.section	.text.Pin_Write,"ax",%progbits
  23              		.align	2
  24              		.global	Pin_Write
  25              		.code	16
  26              		.thumb_func
  27              		.type	Pin_Write, %function
  28              	Pin_Write:
  29              	.LFB0:
  30              		.file 1 ".\\Generated_Source\\PSoC4\\Pin.c"
   1:.\Generated_Source\PSoC4/Pin.c **** /*******************************************************************************
   2:.\Generated_Source\PSoC4/Pin.c **** * File Name: Pin.c  
   3:.\Generated_Source\PSoC4/Pin.c **** * Version 1.90
   4:.\Generated_Source\PSoC4/Pin.c **** *
   5:.\Generated_Source\PSoC4/Pin.c **** * Description:
   6:.\Generated_Source\PSoC4/Pin.c **** *  This file contains API to enable firmware control of a Pins component.
   7:.\Generated_Source\PSoC4/Pin.c **** *
   8:.\Generated_Source\PSoC4/Pin.c **** * Note:
   9:.\Generated_Source\PSoC4/Pin.c **** *
  10:.\Generated_Source\PSoC4/Pin.c **** ********************************************************************************
  11:.\Generated_Source\PSoC4/Pin.c **** * Copyright 2008-2012, Cypress Semiconductor Corporation.  All rights reserved.
  12:.\Generated_Source\PSoC4/Pin.c **** * You may use this file only in accordance with the license, terms, conditions, 
  13:.\Generated_Source\PSoC4/Pin.c **** * disclaimers, and limitations in the end user license agreement accompanying 
  14:.\Generated_Source\PSoC4/Pin.c **** * the software package with which this file was provided.
  15:.\Generated_Source\PSoC4/Pin.c **** *******************************************************************************/
  16:.\Generated_Source\PSoC4/Pin.c **** 
  17:.\Generated_Source\PSoC4/Pin.c **** #include "cytypes.h"
  18:.\Generated_Source\PSoC4/Pin.c **** #include "Pin.h"
  19:.\Generated_Source\PSoC4/Pin.c **** 
  20:.\Generated_Source\PSoC4/Pin.c **** #define SetP4PinDriveMode(shift, mode)  \
  21:.\Generated_Source\PSoC4/Pin.c ****     do { \
  22:.\Generated_Source\PSoC4/Pin.c ****         Pin_PC =   (Pin_PC & \
  23:.\Generated_Source\PSoC4/Pin.c ****                                 (uint32)(~(uint32)(Pin_DRIVE_MODE_IND_MASK << (Pin_DRIVE_MODE_BITS 
ARM GAS  C:\Users\asha\AppData\Local\Temp\ccTqdQFx.s 			page 2


  24:.\Generated_Source\PSoC4/Pin.c ****                                 (uint32)((uint32)(mode) << (Pin_DRIVE_MODE_BITS * (shift))); \
  25:.\Generated_Source\PSoC4/Pin.c ****     } while (0)
  26:.\Generated_Source\PSoC4/Pin.c **** 
  27:.\Generated_Source\PSoC4/Pin.c **** 
  28:.\Generated_Source\PSoC4/Pin.c **** /*******************************************************************************
  29:.\Generated_Source\PSoC4/Pin.c **** * Function Name: Pin_Write
  30:.\Generated_Source\PSoC4/Pin.c **** ********************************************************************************
  31:.\Generated_Source\PSoC4/Pin.c **** *
  32:.\Generated_Source\PSoC4/Pin.c **** * Summary:
  33:.\Generated_Source\PSoC4/Pin.c **** *  Assign a new value to the digital port's data output register.  
  34:.\Generated_Source\PSoC4/Pin.c **** *
  35:.\Generated_Source\PSoC4/Pin.c **** * Parameters:  
  36:.\Generated_Source\PSoC4/Pin.c **** *  prtValue:  The value to be assigned to the Digital Port. 
  37:.\Generated_Source\PSoC4/Pin.c **** *
  38:.\Generated_Source\PSoC4/Pin.c **** * Return: 
  39:.\Generated_Source\PSoC4/Pin.c **** *  None 
  40:.\Generated_Source\PSoC4/Pin.c **** *  
  41:.\Generated_Source\PSoC4/Pin.c **** *******************************************************************************/
  42:.\Generated_Source\PSoC4/Pin.c **** void Pin_Write(uint8 value) 
  43:.\Generated_Source\PSoC4/Pin.c **** {
  31              		.loc 1 43 0
  32              		.cfi_startproc
  33              	.LVL0:
  44:.\Generated_Source\PSoC4/Pin.c ****     uint8 drVal = (uint8)(Pin_DR & (uint8)(~Pin_MASK));
  34              		.loc 1 44 0
  35 0000 044B     		ldr	r3, .L3
  36 0002 FE22     		mov	r2, #254
  37 0004 1968     		ldr	r1, [r3]
  45:.\Generated_Source\PSoC4/Pin.c ****     drVal = (drVal | ((uint8)(value << Pin_SHIFT) & Pin_MASK));
  46:.\Generated_Source\PSoC4/Pin.c ****     Pin_DR = (uint32)drVal;
  47:.\Generated_Source\PSoC4/Pin.c **** }
  38              		.loc 1 47 0
  39              		@ sp needed for prologue
  40              		.loc 1 44 0
  41 0006 0A40     		and	r2, r2, r1
  42              	.LVL1:
  43              		.loc 1 46 0
  44 0008 0121     		mov	r1, #1
  45 000a 0840     		and	r0, r0, r1
  46              	.LVL2:
  47 000c 1043     		orr	r0, r0, r2
  48 000e 1860     		str	r0, [r3]
  49              		.loc 1 47 0
  50 0010 7047     		bx	lr
  51              	.L4:
  52 0012 C046     		.align	2
  53              	.L3:
  54 0014 00010440 		.word	1074004224
  55              		.cfi_endproc
  56              	.LFE0:
  57              		.size	Pin_Write, .-Pin_Write
  58              		.section	.text.Pin_SetDriveMode,"ax",%progbits
  59              		.align	2
  60              		.global	Pin_SetDriveMode
  61              		.code	16
  62              		.thumb_func
  63              		.type	Pin_SetDriveMode, %function
ARM GAS  C:\Users\asha\AppData\Local\Temp\ccTqdQFx.s 			page 3


  64              	Pin_SetDriveMode:
  65              	.LFB1:
  48:.\Generated_Source\PSoC4/Pin.c **** 
  49:.\Generated_Source\PSoC4/Pin.c **** 
  50:.\Generated_Source\PSoC4/Pin.c **** /*******************************************************************************
  51:.\Generated_Source\PSoC4/Pin.c **** * Function Name: Pin_SetDriveMode
  52:.\Generated_Source\PSoC4/Pin.c **** ********************************************************************************
  53:.\Generated_Source\PSoC4/Pin.c **** *
  54:.\Generated_Source\PSoC4/Pin.c **** * Summary:
  55:.\Generated_Source\PSoC4/Pin.c **** *  Change the drive mode on the pins of the port.
  56:.\Generated_Source\PSoC4/Pin.c **** * 
  57:.\Generated_Source\PSoC4/Pin.c **** * Parameters:  
  58:.\Generated_Source\PSoC4/Pin.c **** *  mode:  Change the pins to this drive mode.
  59:.\Generated_Source\PSoC4/Pin.c **** *
  60:.\Generated_Source\PSoC4/Pin.c **** * Return: 
  61:.\Generated_Source\PSoC4/Pin.c **** *  None
  62:.\Generated_Source\PSoC4/Pin.c **** *
  63:.\Generated_Source\PSoC4/Pin.c **** *******************************************************************************/
  64:.\Generated_Source\PSoC4/Pin.c **** void Pin_SetDriveMode(uint8 mode) 
  65:.\Generated_Source\PSoC4/Pin.c **** {
  66              		.loc 1 65 0
  67              		.cfi_startproc
  68              	.LVL3:
  66:.\Generated_Source\PSoC4/Pin.c **** 	SetP4PinDriveMode(Pin__0__SHIFT, mode);
  69              		.loc 1 66 0
  70 0000 034B     		ldr	r3, .L7
  71 0002 0721     		mov	r1, #7
  72 0004 1A68     		ldr	r2, [r3]
  67:.\Generated_Source\PSoC4/Pin.c **** }
  73              		.loc 1 67 0
  74              		@ sp needed for prologue
  75              		.loc 1 66 0
  76 0006 8A43     		bic	r2, r2, r1
  77 0008 1043     		orr	r0, r0, r2
  78              	.LVL4:
  79 000a 1860     		str	r0, [r3]
  80              		.loc 1 67 0
  81 000c 7047     		bx	lr
  82              	.L8:
  83 000e C046     		.align	2
  84              	.L7:
  85 0010 08010440 		.word	1074004232
  86              		.cfi_endproc
  87              	.LFE1:
  88              		.size	Pin_SetDriveMode, .-Pin_SetDriveMode
  89              		.section	.text.Pin_Read,"ax",%progbits
  90              		.align	2
  91              		.global	Pin_Read
  92              		.code	16
  93              		.thumb_func
  94              		.type	Pin_Read, %function
  95              	Pin_Read:
  96              	.LFB2:
  68:.\Generated_Source\PSoC4/Pin.c **** 
  69:.\Generated_Source\PSoC4/Pin.c **** 
  70:.\Generated_Source\PSoC4/Pin.c **** /*******************************************************************************
  71:.\Generated_Source\PSoC4/Pin.c **** * Function Name: Pin_Read
ARM GAS  C:\Users\asha\AppData\Local\Temp\ccTqdQFx.s 			page 4


  72:.\Generated_Source\PSoC4/Pin.c **** ********************************************************************************
  73:.\Generated_Source\PSoC4/Pin.c **** *
  74:.\Generated_Source\PSoC4/Pin.c **** * Summary:
  75:.\Generated_Source\PSoC4/Pin.c **** *  Read the current value on the pins of the Digital Port in right justified 
  76:.\Generated_Source\PSoC4/Pin.c **** *  form.
  77:.\Generated_Source\PSoC4/Pin.c **** *
  78:.\Generated_Source\PSoC4/Pin.c **** * Parameters:  
  79:.\Generated_Source\PSoC4/Pin.c **** *  None 
  80:.\Generated_Source\PSoC4/Pin.c **** *
  81:.\Generated_Source\PSoC4/Pin.c **** * Return: 
  82:.\Generated_Source\PSoC4/Pin.c **** *  Returns the current value of the Digital Port as a right justified number
  83:.\Generated_Source\PSoC4/Pin.c **** *  
  84:.\Generated_Source\PSoC4/Pin.c **** * Note:
  85:.\Generated_Source\PSoC4/Pin.c **** *  Macro Pin_ReadPS calls this function. 
  86:.\Generated_Source\PSoC4/Pin.c **** *  
  87:.\Generated_Source\PSoC4/Pin.c **** *******************************************************************************/
  88:.\Generated_Source\PSoC4/Pin.c **** uint8 Pin_Read(void) 
  89:.\Generated_Source\PSoC4/Pin.c **** {
  97              		.loc 1 89 0
  98              		.cfi_startproc
  90:.\Generated_Source\PSoC4/Pin.c ****     return (uint8)((Pin_PS & Pin_MASK) >> Pin_SHIFT);
  99              		.loc 1 90 0
 100 0000 0249     		ldr	r1, .L11
 101 0002 0123     		mov	r3, #1
 102 0004 0868     		ldr	r0, [r1]
  91:.\Generated_Source\PSoC4/Pin.c **** }
 103              		.loc 1 91 0
 104              		@ sp needed for prologue
 105              		.loc 1 90 0
 106 0006 1840     		and	r0, r0, r3
 107              		.loc 1 91 0
 108 0008 7047     		bx	lr
 109              	.L12:
 110 000a C046     		.align	2
 111              	.L11:
 112 000c 04010440 		.word	1074004228
 113              		.cfi_endproc
 114              	.LFE2:
 115              		.size	Pin_Read, .-Pin_Read
 116              		.section	.text.Pin_ReadDataReg,"ax",%progbits
 117              		.align	2
 118              		.global	Pin_ReadDataReg
 119              		.code	16
 120              		.thumb_func
 121              		.type	Pin_ReadDataReg, %function
 122              	Pin_ReadDataReg:
 123              	.LFB3:
  92:.\Generated_Source\PSoC4/Pin.c **** 
  93:.\Generated_Source\PSoC4/Pin.c **** 
  94:.\Generated_Source\PSoC4/Pin.c **** /*******************************************************************************
  95:.\Generated_Source\PSoC4/Pin.c **** * Function Name: Pin_ReadDataReg
  96:.\Generated_Source\PSoC4/Pin.c **** ********************************************************************************
  97:.\Generated_Source\PSoC4/Pin.c **** *
  98:.\Generated_Source\PSoC4/Pin.c **** * Summary:
  99:.\Generated_Source\PSoC4/Pin.c **** *  Read the current value assigned to a Digital Port's data output register
 100:.\Generated_Source\PSoC4/Pin.c **** *
 101:.\Generated_Source\PSoC4/Pin.c **** * Parameters:  
ARM GAS  C:\Users\asha\AppData\Local\Temp\ccTqdQFx.s 			page 5


 102:.\Generated_Source\PSoC4/Pin.c **** *  None 
 103:.\Generated_Source\PSoC4/Pin.c **** *
 104:.\Generated_Source\PSoC4/Pin.c **** * Return: 
 105:.\Generated_Source\PSoC4/Pin.c **** *  Returns the current value assigned to the Digital Port's data output register
 106:.\Generated_Source\PSoC4/Pin.c **** *  
 107:.\Generated_Source\PSoC4/Pin.c **** *******************************************************************************/
 108:.\Generated_Source\PSoC4/Pin.c **** uint8 Pin_ReadDataReg(void) 
 109:.\Generated_Source\PSoC4/Pin.c **** {
 124              		.loc 1 109 0
 125              		.cfi_startproc
 110:.\Generated_Source\PSoC4/Pin.c ****     return (uint8)((Pin_DR & Pin_MASK) >> Pin_SHIFT);
 126              		.loc 1 110 0
 127 0000 0249     		ldr	r1, .L15
 128 0002 0123     		mov	r3, #1
 129 0004 0868     		ldr	r0, [r1]
 111:.\Generated_Source\PSoC4/Pin.c **** }
 130              		.loc 1 111 0
 131              		@ sp needed for prologue
 132              		.loc 1 110 0
 133 0006 1840     		and	r0, r0, r3
 134              		.loc 1 111 0
 135 0008 7047     		bx	lr
 136              	.L16:
 137 000a C046     		.align	2
 138              	.L15:
 139 000c 00010440 		.word	1074004224
 140              		.cfi_endproc
 141              	.LFE3:
 142              		.size	Pin_ReadDataReg, .-Pin_ReadDataReg
 143              		.section	.text.Pin_ClearInterrupt,"ax",%progbits
 144              		.align	2
 145              		.global	Pin_ClearInterrupt
 146              		.code	16
 147              		.thumb_func
 148              		.type	Pin_ClearInterrupt, %function
 149              	Pin_ClearInterrupt:
 150              	.LFB4:
 112:.\Generated_Source\PSoC4/Pin.c **** 
 113:.\Generated_Source\PSoC4/Pin.c **** 
 114:.\Generated_Source\PSoC4/Pin.c **** /* If Interrupts Are Enabled for this Pins component */ 
 115:.\Generated_Source\PSoC4/Pin.c **** #if defined(Pin_INTSTAT) 
 116:.\Generated_Source\PSoC4/Pin.c **** 
 117:.\Generated_Source\PSoC4/Pin.c ****     /*******************************************************************************
 118:.\Generated_Source\PSoC4/Pin.c ****     * Function Name: Pin_ClearInterrupt
 119:.\Generated_Source\PSoC4/Pin.c ****     ********************************************************************************
 120:.\Generated_Source\PSoC4/Pin.c ****     *
 121:.\Generated_Source\PSoC4/Pin.c ****     * Summary:
 122:.\Generated_Source\PSoC4/Pin.c ****     *  Clears any active interrupts attached to port and returns the value of the 
 123:.\Generated_Source\PSoC4/Pin.c ****     *  interrupt status register.
 124:.\Generated_Source\PSoC4/Pin.c ****     *
 125:.\Generated_Source\PSoC4/Pin.c ****     * Parameters:  
 126:.\Generated_Source\PSoC4/Pin.c ****     *  None 
 127:.\Generated_Source\PSoC4/Pin.c ****     *
 128:.\Generated_Source\PSoC4/Pin.c ****     * Return: 
 129:.\Generated_Source\PSoC4/Pin.c ****     *  Returns the value of the interrupt status register
 130:.\Generated_Source\PSoC4/Pin.c ****     *  
 131:.\Generated_Source\PSoC4/Pin.c ****     *******************************************************************************/
ARM GAS  C:\Users\asha\AppData\Local\Temp\ccTqdQFx.s 			page 6


 132:.\Generated_Source\PSoC4/Pin.c ****     uint8 Pin_ClearInterrupt(void) 
 133:.\Generated_Source\PSoC4/Pin.c ****     {
 151              		.loc 1 133 0
 152              		.cfi_startproc
 134:.\Generated_Source\PSoC4/Pin.c **** 		uint8 maskedStatus = (uint8)(Pin_INTSTAT & Pin_MASK);
 153              		.loc 1 134 0
 154 0000 024B     		ldr	r3, .L19
 155 0002 0122     		mov	r2, #1
 156 0004 1868     		ldr	r0, [r3]
 135:.\Generated_Source\PSoC4/Pin.c **** 		Pin_INTSTAT = maskedStatus;
 136:.\Generated_Source\PSoC4/Pin.c ****         return maskedStatus >> Pin_SHIFT;
 137:.\Generated_Source\PSoC4/Pin.c ****     }
 157              		.loc 1 137 0
 158              		@ sp needed for prologue
 159              		.loc 1 134 0
 160 0006 1040     		and	r0, r0, r2
 161              	.LVL5:
 162              		.loc 1 135 0
 163 0008 1860     		str	r0, [r3]
 164              	.LVL6:
 165              		.loc 1 137 0
 166 000a 7047     		bx	lr
 167              	.L20:
 168              		.align	2
 169              	.L19:
 170 000c 10010440 		.word	1074004240
 171              		.cfi_endproc
 172              	.LFE4:
 173              		.size	Pin_ClearInterrupt, .-Pin_ClearInterrupt
 174              		.text
 175              	.Letext0:
 176              		.section	.debug_loc,"",%progbits
 177              	.Ldebug_loc0:
 178              	.LLST1:
 179 0000 00000000 		.4byte	.LVL0
 180 0004 0C000000 		.4byte	.LVL2
 181 0008 0100     		.2byte	0x1
 182 000a 50       		.byte	0x50
 183 000b 00000000 		.4byte	0x0
 184 000f 00000000 		.4byte	0x0
 185              	.LLST3:
 186 0013 00000000 		.4byte	.LVL3
 187 0017 0A000000 		.4byte	.LVL4
 188 001b 0100     		.2byte	0x1
 189 001d 50       		.byte	0x50
 190 001e 00000000 		.4byte	0x0
 191 0022 00000000 		.4byte	0x0
 192              	.LLST7:
 193 0026 08000000 		.4byte	.LVL5
 194 002a 0A000000 		.4byte	.LVL6
 195 002e 0100     		.2byte	0x1
 196 0030 50       		.byte	0x50
 197 0031 00000000 		.4byte	0x0
 198 0035 00000000 		.4byte	0x0
 199              		.file 2 ".\\Generated_Source\\PSoC4\\/cytypes.h"
 200              		.section	.debug_info
 201 0000 3C010000 		.4byte	0x13c
ARM GAS  C:\Users\asha\AppData\Local\Temp\ccTqdQFx.s 			page 7


 202 0004 0200     		.2byte	0x2
 203 0006 00000000 		.4byte	.Ldebug_abbrev0
 204 000a 04       		.byte	0x4
 205 000b 01       		.uleb128 0x1
 206 000c 38010000 		.4byte	.LASF21
 207 0010 01       		.byte	0x1
 208 0011 94000000 		.4byte	.LASF22
 209 0015 DB000000 		.4byte	.LASF23
 210 0019 00000000 		.4byte	0x0
 211 001d 00000000 		.4byte	0x0
 212 0021 00000000 		.4byte	.Ldebug_ranges0+0x0
 213 0025 00000000 		.4byte	.Ldebug_line0
 214 0029 02       		.uleb128 0x2
 215 002a 01       		.byte	0x1
 216 002b 06       		.byte	0x6
 217 002c 6F010000 		.4byte	.LASF0
 218 0030 02       		.uleb128 0x2
 219 0031 01       		.byte	0x1
 220 0032 08       		.byte	0x8
 221 0033 31000000 		.4byte	.LASF1
 222 0037 02       		.uleb128 0x2
 223 0038 02       		.byte	0x2
 224 0039 05       		.byte	0x5
 225 003a 56010000 		.4byte	.LASF2
 226 003e 02       		.uleb128 0x2
 227 003f 02       		.byte	0x2
 228 0040 07       		.byte	0x7
 229 0041 67000000 		.4byte	.LASF3
 230 0045 02       		.uleb128 0x2
 231 0046 04       		.byte	0x4
 232 0047 05       		.byte	0x5
 233 0048 66010000 		.4byte	.LASF4
 234 004c 02       		.uleb128 0x2
 235 004d 04       		.byte	0x4
 236 004e 07       		.byte	0x7
 237 004f 45000000 		.4byte	.LASF5
 238 0053 02       		.uleb128 0x2
 239 0054 08       		.byte	0x8
 240 0055 05       		.byte	0x5
 241 0056 00000000 		.4byte	.LASF6
 242 005a 02       		.uleb128 0x2
 243 005b 08       		.byte	0x8
 244 005c 07       		.byte	0x7
 245 005d 1A000000 		.4byte	.LASF7
 246 0061 03       		.uleb128 0x3
 247 0062 04       		.byte	0x4
 248 0063 05       		.byte	0x5
 249 0064 696E7400 		.ascii	"int\000"
 250 0068 02       		.uleb128 0x2
 251 0069 04       		.byte	0x4
 252 006a 07       		.byte	0x7
 253 006b CE000000 		.4byte	.LASF8
 254 006f 04       		.uleb128 0x4
 255 0070 60010000 		.4byte	.LASF24
 256 0074 02       		.byte	0x2
 257 0075 4C       		.byte	0x4c
 258 0076 30000000 		.4byte	0x30
ARM GAS  C:\Users\asha\AppData\Local\Temp\ccTqdQFx.s 			page 8


 259 007a 02       		.uleb128 0x2
 260 007b 04       		.byte	0x4
 261 007c 04       		.byte	0x4
 262 007d 14000000 		.4byte	.LASF9
 263 0081 02       		.uleb128 0x2
 264 0082 08       		.byte	0x8
 265 0083 04       		.byte	0x4
 266 0084 8D000000 		.4byte	.LASF10
 267 0088 02       		.uleb128 0x2
 268 0089 01       		.byte	0x1
 269 008a 08       		.byte	0x8
 270 008b 51010000 		.4byte	.LASF11
 271 008f 05       		.uleb128 0x5
 272 0090 01       		.byte	0x1
 273 0091 B3000000 		.4byte	.LASF12
 274 0095 01       		.byte	0x1
 275 0096 2A       		.byte	0x2a
 276 0097 01       		.byte	0x1
 277 0098 00000000 		.4byte	.LFB0
 278 009c 18000000 		.4byte	.LFE0
 279 00a0 01       		.byte	0x1
 280 00a1 5D       		.byte	0x5d
 281 00a2 C3000000 		.4byte	0xc3
 282 00a6 06       		.uleb128 0x6
 283 00a7 0E000000 		.4byte	.LASF14
 284 00ab 01       		.byte	0x1
 285 00ac 2A       		.byte	0x2a
 286 00ad 6F000000 		.4byte	0x6f
 287 00b1 00000000 		.4byte	.LLST1
 288 00b5 07       		.uleb128 0x7
 289 00b6 3F000000 		.4byte	.LASF19
 290 00ba 01       		.byte	0x1
 291 00bb 2C       		.byte	0x2c
 292 00bc 6F000000 		.4byte	0x6f
 293 00c0 01       		.byte	0x1
 294 00c1 52       		.byte	0x52
 295 00c2 00       		.byte	0x0
 296 00c3 05       		.uleb128 0x5
 297 00c4 01       		.byte	0x1
 298 00c5 BD000000 		.4byte	.LASF13
 299 00c9 01       		.byte	0x1
 300 00ca 40       		.byte	0x40
 301 00cb 01       		.byte	0x1
 302 00cc 00000000 		.4byte	.LFB1
 303 00d0 14000000 		.4byte	.LFE1
 304 00d4 01       		.byte	0x1
 305 00d5 5D       		.byte	0x5d
 306 00d6 EA000000 		.4byte	0xea
 307 00da 06       		.uleb128 0x6
 308 00db 33010000 		.4byte	.LASF15
 309 00df 01       		.byte	0x1
 310 00e0 40       		.byte	0x40
 311 00e1 6F000000 		.4byte	0x6f
 312 00e5 13000000 		.4byte	.LLST3
 313 00e9 00       		.byte	0x0
 314 00ea 08       		.uleb128 0x8
 315 00eb 01       		.byte	0x1
ARM GAS  C:\Users\asha\AppData\Local\Temp\ccTqdQFx.s 			page 9


 316 00ec 7B010000 		.4byte	.LASF16
 317 00f0 01       		.byte	0x1
 318 00f1 58       		.byte	0x58
 319 00f2 01       		.byte	0x1
 320 00f3 6F000000 		.4byte	0x6f
 321 00f7 00000000 		.4byte	.LFB2
 322 00fb 10000000 		.4byte	.LFE2
 323 00ff 01       		.byte	0x1
 324 0100 5D       		.byte	0x5d
 325 0101 08       		.uleb128 0x8
 326 0102 01       		.byte	0x1
 327 0103 57000000 		.4byte	.LASF17
 328 0107 01       		.byte	0x1
 329 0108 6C       		.byte	0x6c
 330 0109 01       		.byte	0x1
 331 010a 6F000000 		.4byte	0x6f
 332 010e 00000000 		.4byte	.LFB3
 333 0112 10000000 		.4byte	.LFE3
 334 0116 01       		.byte	0x1
 335 0117 5D       		.byte	0x5d
 336 0118 09       		.uleb128 0x9
 337 0119 01       		.byte	0x1
 338 011a 7A000000 		.4byte	.LASF18
 339 011e 01       		.byte	0x1
 340 011f 84       		.byte	0x84
 341 0120 01       		.byte	0x1
 342 0121 6F000000 		.4byte	0x6f
 343 0125 00000000 		.4byte	.LFB4
 344 0129 10000000 		.4byte	.LFE4
 345 012d 01       		.byte	0x1
 346 012e 5D       		.byte	0x5d
 347 012f 0A       		.uleb128 0xa
 348 0130 44010000 		.4byte	.LASF20
 349 0134 01       		.byte	0x1
 350 0135 86       		.byte	0x86
 351 0136 6F000000 		.4byte	0x6f
 352 013a 26000000 		.4byte	.LLST7
 353 013e 00       		.byte	0x0
 354 013f 00       		.byte	0x0
 355              		.section	.debug_abbrev
 356 0000 01       		.uleb128 0x1
 357 0001 11       		.uleb128 0x11
 358 0002 01       		.byte	0x1
 359 0003 25       		.uleb128 0x25
 360 0004 0E       		.uleb128 0xe
 361 0005 13       		.uleb128 0x13
 362 0006 0B       		.uleb128 0xb
 363 0007 03       		.uleb128 0x3
 364 0008 0E       		.uleb128 0xe
 365 0009 1B       		.uleb128 0x1b
 366 000a 0E       		.uleb128 0xe
 367 000b 11       		.uleb128 0x11
 368 000c 01       		.uleb128 0x1
 369 000d 52       		.uleb128 0x52
 370 000e 01       		.uleb128 0x1
 371 000f 55       		.uleb128 0x55
 372 0010 06       		.uleb128 0x6
ARM GAS  C:\Users\asha\AppData\Local\Temp\ccTqdQFx.s 			page 10


 373 0011 10       		.uleb128 0x10
 374 0012 06       		.uleb128 0x6
 375 0013 00       		.byte	0x0
 376 0014 00       		.byte	0x0
 377 0015 02       		.uleb128 0x2
 378 0016 24       		.uleb128 0x24
 379 0017 00       		.byte	0x0
 380 0018 0B       		.uleb128 0xb
 381 0019 0B       		.uleb128 0xb
 382 001a 3E       		.uleb128 0x3e
 383 001b 0B       		.uleb128 0xb
 384 001c 03       		.uleb128 0x3
 385 001d 0E       		.uleb128 0xe
 386 001e 00       		.byte	0x0
 387 001f 00       		.byte	0x0
 388 0020 03       		.uleb128 0x3
 389 0021 24       		.uleb128 0x24
 390 0022 00       		.byte	0x0
 391 0023 0B       		.uleb128 0xb
 392 0024 0B       		.uleb128 0xb
 393 0025 3E       		.uleb128 0x3e
 394 0026 0B       		.uleb128 0xb
 395 0027 03       		.uleb128 0x3
 396 0028 08       		.uleb128 0x8
 397 0029 00       		.byte	0x0
 398 002a 00       		.byte	0x0
 399 002b 04       		.uleb128 0x4
 400 002c 16       		.uleb128 0x16
 401 002d 00       		.byte	0x0
 402 002e 03       		.uleb128 0x3
 403 002f 0E       		.uleb128 0xe
 404 0030 3A       		.uleb128 0x3a
 405 0031 0B       		.uleb128 0xb
 406 0032 3B       		.uleb128 0x3b
 407 0033 0B       		.uleb128 0xb
 408 0034 49       		.uleb128 0x49
 409 0035 13       		.uleb128 0x13
 410 0036 00       		.byte	0x0
 411 0037 00       		.byte	0x0
 412 0038 05       		.uleb128 0x5
 413 0039 2E       		.uleb128 0x2e
 414 003a 01       		.byte	0x1
 415 003b 3F       		.uleb128 0x3f
 416 003c 0C       		.uleb128 0xc
 417 003d 03       		.uleb128 0x3
 418 003e 0E       		.uleb128 0xe
 419 003f 3A       		.uleb128 0x3a
 420 0040 0B       		.uleb128 0xb
 421 0041 3B       		.uleb128 0x3b
 422 0042 0B       		.uleb128 0xb
 423 0043 27       		.uleb128 0x27
 424 0044 0C       		.uleb128 0xc
 425 0045 11       		.uleb128 0x11
 426 0046 01       		.uleb128 0x1
 427 0047 12       		.uleb128 0x12
 428 0048 01       		.uleb128 0x1
 429 0049 40       		.uleb128 0x40
ARM GAS  C:\Users\asha\AppData\Local\Temp\ccTqdQFx.s 			page 11


 430 004a 0A       		.uleb128 0xa
 431 004b 01       		.uleb128 0x1
 432 004c 13       		.uleb128 0x13
 433 004d 00       		.byte	0x0
 434 004e 00       		.byte	0x0
 435 004f 06       		.uleb128 0x6
 436 0050 05       		.uleb128 0x5
 437 0051 00       		.byte	0x0
 438 0052 03       		.uleb128 0x3
 439 0053 0E       		.uleb128 0xe
 440 0054 3A       		.uleb128 0x3a
 441 0055 0B       		.uleb128 0xb
 442 0056 3B       		.uleb128 0x3b
 443 0057 0B       		.uleb128 0xb
 444 0058 49       		.uleb128 0x49
 445 0059 13       		.uleb128 0x13
 446 005a 02       		.uleb128 0x2
 447 005b 06       		.uleb128 0x6
 448 005c 00       		.byte	0x0
 449 005d 00       		.byte	0x0
 450 005e 07       		.uleb128 0x7
 451 005f 34       		.uleb128 0x34
 452 0060 00       		.byte	0x0
 453 0061 03       		.uleb128 0x3
 454 0062 0E       		.uleb128 0xe
 455 0063 3A       		.uleb128 0x3a
 456 0064 0B       		.uleb128 0xb
 457 0065 3B       		.uleb128 0x3b
 458 0066 0B       		.uleb128 0xb
 459 0067 49       		.uleb128 0x49
 460 0068 13       		.uleb128 0x13
 461 0069 02       		.uleb128 0x2
 462 006a 0A       		.uleb128 0xa
 463 006b 00       		.byte	0x0
 464 006c 00       		.byte	0x0
 465 006d 08       		.uleb128 0x8
 466 006e 2E       		.uleb128 0x2e
 467 006f 00       		.byte	0x0
 468 0070 3F       		.uleb128 0x3f
 469 0071 0C       		.uleb128 0xc
 470 0072 03       		.uleb128 0x3
 471 0073 0E       		.uleb128 0xe
 472 0074 3A       		.uleb128 0x3a
 473 0075 0B       		.uleb128 0xb
 474 0076 3B       		.uleb128 0x3b
 475 0077 0B       		.uleb128 0xb
 476 0078 27       		.uleb128 0x27
 477 0079 0C       		.uleb128 0xc
 478 007a 49       		.uleb128 0x49
 479 007b 13       		.uleb128 0x13
 480 007c 11       		.uleb128 0x11
 481 007d 01       		.uleb128 0x1
 482 007e 12       		.uleb128 0x12
 483 007f 01       		.uleb128 0x1
 484 0080 40       		.uleb128 0x40
 485 0081 0A       		.uleb128 0xa
 486 0082 00       		.byte	0x0
ARM GAS  C:\Users\asha\AppData\Local\Temp\ccTqdQFx.s 			page 12


 487 0083 00       		.byte	0x0
 488 0084 09       		.uleb128 0x9
 489 0085 2E       		.uleb128 0x2e
 490 0086 01       		.byte	0x1
 491 0087 3F       		.uleb128 0x3f
 492 0088 0C       		.uleb128 0xc
 493 0089 03       		.uleb128 0x3
 494 008a 0E       		.uleb128 0xe
 495 008b 3A       		.uleb128 0x3a
 496 008c 0B       		.uleb128 0xb
 497 008d 3B       		.uleb128 0x3b
 498 008e 0B       		.uleb128 0xb
 499 008f 27       		.uleb128 0x27
 500 0090 0C       		.uleb128 0xc
 501 0091 49       		.uleb128 0x49
 502 0092 13       		.uleb128 0x13
 503 0093 11       		.uleb128 0x11
 504 0094 01       		.uleb128 0x1
 505 0095 12       		.uleb128 0x12
 506 0096 01       		.uleb128 0x1
 507 0097 40       		.uleb128 0x40
 508 0098 0A       		.uleb128 0xa
 509 0099 00       		.byte	0x0
 510 009a 00       		.byte	0x0
 511 009b 0A       		.uleb128 0xa
 512 009c 34       		.uleb128 0x34
 513 009d 00       		.byte	0x0
 514 009e 03       		.uleb128 0x3
 515 009f 0E       		.uleb128 0xe
 516 00a0 3A       		.uleb128 0x3a
 517 00a1 0B       		.uleb128 0xb
 518 00a2 3B       		.uleb128 0x3b
 519 00a3 0B       		.uleb128 0xb
 520 00a4 49       		.uleb128 0x49
 521 00a5 13       		.uleb128 0x13
 522 00a6 02       		.uleb128 0x2
 523 00a7 06       		.uleb128 0x6
 524 00a8 00       		.byte	0x0
 525 00a9 00       		.byte	0x0
 526 00aa 00       		.byte	0x0
 527              		.section	.debug_pubnames,"",%progbits
 528 0000 69000000 		.4byte	0x69
 529 0004 0200     		.2byte	0x2
 530 0006 00000000 		.4byte	.Ldebug_info0
 531 000a 40010000 		.4byte	0x140
 532 000e 8F000000 		.4byte	0x8f
 533 0012 50696E5F 		.ascii	"Pin_Write\000"
 533      57726974 
 533      6500
 534 001c C3000000 		.4byte	0xc3
 535 0020 50696E5F 		.ascii	"Pin_SetDriveMode\000"
 535      53657444 
 535      72697665 
 535      4D6F6465 
 535      00
 536 0031 EA000000 		.4byte	0xea
 537 0035 50696E5F 		.ascii	"Pin_Read\000"
ARM GAS  C:\Users\asha\AppData\Local\Temp\ccTqdQFx.s 			page 13


 537      52656164 
 537      00
 538 003e 01010000 		.4byte	0x101
 539 0042 50696E5F 		.ascii	"Pin_ReadDataReg\000"
 539      52656164 
 539      44617461 
 539      52656700 
 540 0052 18010000 		.4byte	0x118
 541 0056 50696E5F 		.ascii	"Pin_ClearInterrupt\000"
 541      436C6561 
 541      72496E74 
 541      65727275 
 541      707400
 542 0069 00000000 		.4byte	0x0
 543              		.section	.debug_aranges,"",%progbits
 544 0000 3C000000 		.4byte	0x3c
 545 0004 0200     		.2byte	0x2
 546 0006 00000000 		.4byte	.Ldebug_info0
 547 000a 04       		.byte	0x4
 548 000b 00       		.byte	0x0
 549 000c 0000     		.2byte	0x0
 550 000e 0000     		.2byte	0x0
 551 0010 00000000 		.4byte	.LFB0
 552 0014 18000000 		.4byte	.LFE0-.LFB0
 553 0018 00000000 		.4byte	.LFB1
 554 001c 14000000 		.4byte	.LFE1-.LFB1
 555 0020 00000000 		.4byte	.LFB2
 556 0024 10000000 		.4byte	.LFE2-.LFB2
 557 0028 00000000 		.4byte	.LFB3
 558 002c 10000000 		.4byte	.LFE3-.LFB3
 559 0030 00000000 		.4byte	.LFB4
 560 0034 10000000 		.4byte	.LFE4-.LFB4
 561 0038 00000000 		.4byte	0x0
 562 003c 00000000 		.4byte	0x0
 563              		.section	.debug_ranges,"",%progbits
 564              	.Ldebug_ranges0:
 565 0000 00000000 		.4byte	.Ltext0
 566 0004 00000000 		.4byte	.Letext0
 567 0008 00000000 		.4byte	.LFB0
 568 000c 18000000 		.4byte	.LFE0
 569 0010 00000000 		.4byte	.LFB1
 570 0014 14000000 		.4byte	.LFE1
 571 0018 00000000 		.4byte	.LFB2
 572 001c 10000000 		.4byte	.LFE2
 573 0020 00000000 		.4byte	.LFB3
 574 0024 10000000 		.4byte	.LFE3
 575 0028 00000000 		.4byte	.LFB4
 576 002c 10000000 		.4byte	.LFE4
 577 0030 00000000 		.4byte	0x0
 578 0034 00000000 		.4byte	0x0
 579              		.section	.debug_str,"MS",%progbits,1
 580              	.LASF6:
 581 0000 6C6F6E67 		.ascii	"long long int\000"
 581      206C6F6E 
 581      6720696E 
 581      7400
 582              	.LASF14:
ARM GAS  C:\Users\asha\AppData\Local\Temp\ccTqdQFx.s 			page 14


 583 000e 76616C75 		.ascii	"value\000"
 583      6500
 584              	.LASF9:
 585 0014 666C6F61 		.ascii	"float\000"
 585      7400
 586              	.LASF7:
 587 001a 6C6F6E67 		.ascii	"long long unsigned int\000"
 587      206C6F6E 
 587      6720756E 
 587      7369676E 
 587      65642069 
 588              	.LASF1:
 589 0031 756E7369 		.ascii	"unsigned char\000"
 589      676E6564 
 589      20636861 
 589      7200
 590              	.LASF19:
 591 003f 64725661 		.ascii	"drVal\000"
 591      6C00
 592              	.LASF5:
 593 0045 6C6F6E67 		.ascii	"long unsigned int\000"
 593      20756E73 
 593      69676E65 
 593      6420696E 
 593      7400
 594              	.LASF17:
 595 0057 50696E5F 		.ascii	"Pin_ReadDataReg\000"
 595      52656164 
 595      44617461 
 595      52656700 
 596              	.LASF3:
 597 0067 73686F72 		.ascii	"short unsigned int\000"
 597      7420756E 
 597      7369676E 
 597      65642069 
 597      6E7400
 598              	.LASF18:
 599 007a 50696E5F 		.ascii	"Pin_ClearInterrupt\000"
 599      436C6561 
 599      72496E74 
 599      65727275 
 599      707400
 600              	.LASF10:
 601 008d 646F7562 		.ascii	"double\000"
 601      6C6500
 602              	.LASF22:
 603 0094 2E5C4765 		.ascii	".\\Generated_Source\\PSoC4\\Pin.c\000"
 603      6E657261 
 603      7465645F 
 603      536F7572 
 603      63655C50 
 604              	.LASF12:
 605 00b3 50696E5F 		.ascii	"Pin_Write\000"
 605      57726974 
 605      6500
 606              	.LASF13:
 607 00bd 50696E5F 		.ascii	"Pin_SetDriveMode\000"
ARM GAS  C:\Users\asha\AppData\Local\Temp\ccTqdQFx.s 			page 15


 607      53657444 
 607      72697665 
 607      4D6F6465 
 607      00
 608              	.LASF8:
 609 00ce 756E7369 		.ascii	"unsigned int\000"
 609      676E6564 
 609      20696E74 
 609      00
 610              	.LASF23:
 611 00db 433A5C55 		.ascii	"C:\\Users\\asha\\Documents\\PSoC3 training and proj"
 611      73657273 
 611      5C617368 
 611      615C446F 
 611      63756D65 
 612 010a 65637473 		.ascii	"ects\\Q2-13\\Alfonso_FFT\\Alfonso_FFT.cydsn\000"
 612      5C51322D 
 612      31335C41 
 612      6C666F6E 
 612      736F5F46 
 613              	.LASF15:
 614 0133 6D6F6465 		.ascii	"mode\000"
 614      00
 615              	.LASF21:
 616 0138 474E5520 		.ascii	"GNU C 4.4.1\000"
 616      4320342E 
 616      342E3100 
 617              	.LASF20:
 618 0144 6D61736B 		.ascii	"maskedStatus\000"
 618      65645374 
 618      61747573 
 618      00
 619              	.LASF11:
 620 0151 63686172 		.ascii	"char\000"
 620      00
 621              	.LASF2:
 622 0156 73686F72 		.ascii	"short int\000"
 622      7420696E 
 622      7400
 623              	.LASF24:
 624 0160 75696E74 		.ascii	"uint8\000"
 624      3800
 625              	.LASF4:
 626 0166 6C6F6E67 		.ascii	"long int\000"
 626      20696E74 
 626      00
 627              	.LASF0:
 628 016f 7369676E 		.ascii	"signed char\000"
 628      65642063 
 628      68617200 
 629              	.LASF16:
 630 017b 50696E5F 		.ascii	"Pin_Read\000"
 630      52656164 
 630      00
 631              		.ident	"GCC: (Sourcery G++ Lite 2010q1-188) 4.4.1"
