ARM GAS  C:\Users\danie\AppData\Local\Temp\cc2lB1bo.s 			page 1


   1              		.syntax unified
   2              		.cpu cortex-m3
   3              		.fpu softvfp
   4              		.eabi_attribute 20, 1
   5              		.eabi_attribute 21, 1
   6              		.eabi_attribute 23, 3
   7              		.eabi_attribute 24, 1
   8              		.eabi_attribute 25, 1
   9              		.eabi_attribute 26, 1
  10              		.eabi_attribute 30, 1
  11              		.eabi_attribute 34, 1
  12              		.eabi_attribute 18, 4
  13              		.thumb
  14              		.syntax unified
  15              		.file	"cymetadata.c"
  16              		.text
  17              	.Ltext0:
  18              		.cfi_sections	.debug_frame
  19              		.global	cy_metadata
  20              		.global	cy_meta_flashprotect
  21              		.global	cy_meta_wonvl
  22              		.global	cy_meta_custnvl
  23              		.global	cy_meta_configecc
  24              		.section	.cyconfigecc,"a",%progbits
  25              		.align	2
  26              		.type	cy_meta_configecc, %object
  27              		.size	cy_meta_configecc, 164
  28              	cy_meta_configecc:
  29 0000 01       		.byte	1
  30 0001 09       		.byte	9
  31 0002 01       		.byte	1
  32 0003 40       		.byte	64
  33 0004 04       		.byte	4
  34 0005 0A       		.byte	10
  35 0006 01       		.byte	1
  36 0007 40       		.byte	64
  37 0008 01       		.byte	1
  38 0009 0B       		.byte	11
  39 000a 01       		.byte	1
  40 000b 40       		.byte	64
  41 000c 01       		.byte	1
  42 000d 15       		.byte	21
  43 000e 01       		.byte	1
  44 000f 40       		.byte	64
  45 0010 01       		.byte	1
  46 0011 1B       		.byte	27
  47 0012 01       		.byte	1
  48 0013 40       		.byte	64
  49 0014 02       		.byte	2
  50 0015 40       		.byte	64
  51 0016 01       		.byte	1
  52 0017 40       		.byte	64
  53 0018 03       		.byte	3
  54 0019 41       		.byte	65
  55 001a 01       		.byte	1
  56 001b 40       		.byte	64
  57 001c 02       		.byte	2
ARM GAS  C:\Users\danie\AppData\Local\Temp\cc2lB1bo.s 			page 2


  58 001d 42       		.byte	66
  59 001e 01       		.byte	1
  60 001f 40       		.byte	64
  61 0020 02       		.byte	2
  62 0021 44       		.byte	68
  63 0022 01       		.byte	1
  64 0023 40       		.byte	64
  65 0024 01       		.byte	1
  66 0025 45       		.byte	69
  67 0026 01       		.byte	1
  68 0027 40       		.byte	64
  69 0028 03       		.byte	3
  70 0029 46       		.byte	70
  71 002a 01       		.byte	1
  72 002b 40       		.byte	64
  73 002c 03       		.byte	3
  74 002d 47       		.byte	71
  75 002e 01       		.byte	1
  76 002f 40       		.byte	64
  77 0030 02       		.byte	2
  78 0031 48       		.byte	72
  79 0032 01       		.byte	1
  80 0033 40       		.byte	64
  81 0034 01       		.byte	1
  82 0035 49       		.byte	73
  83 0036 01       		.byte	1
  84 0037 40       		.byte	64
  85 0038 01       		.byte	1
  86 0039 4C       		.byte	76
  87 003a 01       		.byte	1
  88 003b 40       		.byte	64
  89 003c 02       		.byte	2
  90 003d 4D       		.byte	77
  91 003e 01       		.byte	1
  92 003f 40       		.byte	64
  93 0040 01       		.byte	1
  94 0041 51       		.byte	81
  95 0042 01       		.byte	1
  96 0043 40       		.byte	64
  97 0044 B5       		.byte	-75
  98 0045 02       		.byte	2
  99 0046 B8       		.byte	-72
 100 0047 02       		.byte	2
 101 0048 BE       		.byte	-66
 102 0049 01       		.byte	1
 103 004a D8       		.byte	-40
 104 004b 04       		.byte	4
 105 004c DF       		.byte	-33
 106 004d 01       		.byte	1
 107 004e 1D       		.byte	29
 108 004f 02       		.byte	2
 109 0050 EC       		.byte	-20
 110 0051 10       		.byte	16
 111 0052 EC       		.byte	-20
 112 0053 10       		.byte	16
 113 0054 33       		.byte	51
 114 0055 80       		.byte	-128
ARM GAS  C:\Users\danie\AppData\Local\Temp\cc2lB1bo.s 			page 3


 115 0056 CC       		.byte	-52
 116 0057 10       		.byte	16
 117 0058 11       		.byte	17
 118 0059 40       		.byte	64
 119 005a A7       		.byte	-89
 120 005b 80       		.byte	-128
 121 005c C4       		.byte	-60
 122 005d 40       		.byte	64
 123 005e A9       		.byte	-87
 124 005f 40       		.byte	64
 125 0060 AB       		.byte	-85
 126 0061 80       		.byte	-128
 127 0062 7C       		.byte	124
 128 0063 01       		.byte	1
 129 0064 DE       		.byte	-34
 130 0065 01       		.byte	1
 131 0066 94       		.byte	-108
 132 0067 01       		.byte	1
 133 0068 45       		.byte	69
 134 0069 08       		.byte	8
 135 006a 94       		.byte	-108
 136 006b 01       		.byte	1
 137 006c D0       		.byte	-48
 138 006d 01       		.byte	1
 139 006e A5       		.byte	-91
 140 006f 08       		.byte	8
 141 0070 B4       		.byte	-76
 142 0071 01       		.byte	1
 143 0072 EC       		.byte	-20
 144 0073 08       		.byte	8
 145 0074 25       		.byte	37
 146 0075 10       		.byte	16
 147 0076 C8       		.byte	-56
 148 0077 20       		.byte	32
 149 0078 B5       		.byte	-75
 150 0079 10       		.byte	16
 151 007a A5       		.byte	-91
 152 007b 08       		.byte	8
 153 007c B5       		.byte	-75
 154 007d 08       		.byte	8
 155 007e EC       		.byte	-20
 156 007f 08       		.byte	8
 157 0080 00       		.byte	0
 158 0081 03       		.byte	3
 159 0082 00       		.byte	0
 160 0083 00       		.byte	0
 161 0084 00       		.byte	0
 162 0085 00       		.byte	0
 163 0086 00       		.byte	0
 164 0087 00       		.byte	0
 165 0088 00       		.byte	0
 166 0089 00       		.byte	0
 167 008a 80       		.byte	-128
 168 008b 00       		.byte	0
 169 008c 00       		.byte	0
 170 008d 0B       		.byte	11
 171 008e 0B       		.byte	11
ARM GAS  C:\Users\danie\AppData\Local\Temp\cc2lB1bo.s 			page 4


 172 008f 00       		.byte	0
 173 0090 00       		.byte	0
 174 0091 00       		.byte	0
 175 0092 00       		.byte	0
 176 0093 00       		.byte	0
 177 0094 00       		.byte	0
 178 0095 00       		.byte	0
 179 0096 00       		.byte	0
 180 0097 00       		.byte	0
 181 0098 00       		.byte	0
 182 0099 00       		.byte	0
 183 009a 80       		.byte	-128
 184 009b 00       		.byte	0
 185 009c 25       		.byte	37
 186 009d 00       		.byte	0
 187 009e 18       		.byte	24
 188 009f 01       		.byte	1
 189 00a0 00       		.byte	0
 190 00a1 0A       		.byte	10
 191 00a2 00       		.byte	0
 192 00a3 00       		.byte	0
 193              		.section	.cywolatch,"a",%progbits
 194              		.align	2
 195              		.type	cy_meta_wonvl, %object
 196              		.size	cy_meta_wonvl, 4
 197              	cy_meta_wonvl:
 198 0000 BC       		.byte	-68
 199 0001 90       		.byte	-112
 200 0002 AC       		.byte	-84
 201 0003 AF       		.byte	-81
 202              		.section	.cycustnvl,"a",%progbits
 203              		.align	2
 204              		.type	cy_meta_custnvl, %object
 205              		.size	cy_meta_custnvl, 4
 206              	cy_meta_custnvl:
 207 0000 00       		.byte	0
 208 0001 00       		.byte	0
 209 0002 40       		.byte	64
 210 0003 05       		.byte	5
 211              		.section	.cymeta,"a",%progbits
 212              		.align	2
 213              		.type	cy_metadata, %object
 214              		.size	cy_metadata, 12
 215              	cy_metadata:
 216 0000 00       		.byte	0
 217 0001 01       		.byte	1
 218 0002 2E       		.byte	46
 219 0003 16       		.byte	22
 220 0004 10       		.byte	16
 221 0005 69       		.byte	105
 222 0006 00       		.byte	0
 223 0007 01       		.byte	1
 224 0008 00       		.byte	0
 225 0009 00       		.byte	0
 226 000a 00       		.byte	0
 227 000b 00       		.byte	0
 228              		.section	.cyflashprotect,"a",%progbits
ARM GAS  C:\Users\danie\AppData\Local\Temp\cc2lB1bo.s 			page 5


 229              		.align	2
 230              		.type	cy_meta_flashprotect, %object
 231              		.size	cy_meta_flashprotect, 256
 232              	cy_meta_flashprotect:
 233 0000 00000000 		.space	256
 233      00000000 
 233      00000000 
 233      00000000 
 233      00000000 
 234              		.text
 235              	.Letext0:
 236              		.file 1 "c:\\program files (x86)\\cypress\\psoc creator\\4.3\\psoc creator\\import\\gnu\\arm\\5.4.
 237              		.file 2 "c:\\program files (x86)\\cypress\\psoc creator\\4.3\\psoc creator\\import\\gnu\\arm\\5.4.
 238              		.file 3 "Generated_Source\\PSoC5\\cymetadata.c"
 239              		.section	.debug_info,"",%progbits
 240              	.Ldebug_info0:
 241 0000 30010000 		.4byte	0x130
 242 0004 0400     		.2byte	0x4
 243 0006 00000000 		.4byte	.Ldebug_abbrev0
 244 000a 04       		.byte	0x4
 245 000b 01       		.uleb128 0x1
 246 000c 7F000000 		.4byte	.LASF17
 247 0010 0C       		.byte	0xc
 248 0011 D9010000 		.4byte	.LASF18
 249 0015 16000000 		.4byte	.LASF19
 250 0019 00000000 		.4byte	.Ldebug_line0
 251 001d 02       		.uleb128 0x2
 252 001e 01       		.byte	0x1
 253 001f 06       		.byte	0x6
 254 0020 CD010000 		.4byte	.LASF0
 255 0024 03       		.uleb128 0x3
 256 0025 00000000 		.4byte	.LASF9
 257 0029 01       		.byte	0x1
 258 002a 1D       		.byte	0x1d
 259 002b 2F000000 		.4byte	0x2f
 260 002f 02       		.uleb128 0x2
 261 0030 01       		.byte	0x1
 262 0031 08       		.byte	0x8
 263 0032 71000000 		.4byte	.LASF1
 264 0036 02       		.uleb128 0x2
 265 0037 02       		.byte	0x2
 266 0038 05       		.byte	0x5
 267 0039 BA010000 		.4byte	.LASF2
 268 003d 02       		.uleb128 0x2
 269 003e 02       		.byte	0x2
 270 003f 07       		.byte	0x7
 271 0040 1F010000 		.4byte	.LASF3
 272 0044 02       		.uleb128 0x2
 273 0045 04       		.byte	0x4
 274 0046 05       		.byte	0x5
 275 0047 C4010000 		.4byte	.LASF4
 276 004b 02       		.uleb128 0x2
 277 004c 04       		.byte	0x4
 278 004d 07       		.byte	0x7
 279 004e 0D010000 		.4byte	.LASF5
 280 0052 02       		.uleb128 0x2
 281 0053 08       		.byte	0x8
ARM GAS  C:\Users\danie\AppData\Local\Temp\cc2lB1bo.s 			page 6


 282 0054 05       		.byte	0x5
 283 0055 AC010000 		.4byte	.LASF6
 284 0059 02       		.uleb128 0x2
 285 005a 08       		.byte	0x8
 286 005b 07       		.byte	0x7
 287 005c 61010000 		.4byte	.LASF7
 288 0060 04       		.uleb128 0x4
 289 0061 04       		.byte	0x4
 290 0062 05       		.byte	0x5
 291 0063 696E7400 		.ascii	"int\000"
 292 0067 02       		.uleb128 0x2
 293 0068 04       		.byte	0x4
 294 0069 07       		.byte	0x7
 295 006a 54010000 		.4byte	.LASF8
 296 006e 03       		.uleb128 0x3
 297 006f 78010000 		.4byte	.LASF10
 298 0073 02       		.byte	0x2
 299 0074 18       		.byte	0x18
 300 0075 24000000 		.4byte	0x24
 301 0079 05       		.uleb128 0x5
 302 007a 90000000 		.4byte	0x90
 303 007e 89000000 		.4byte	0x89
 304 0082 06       		.uleb128 0x6
 305 0083 89000000 		.4byte	0x89
 306 0087 A3       		.byte	0xa3
 307 0088 00       		.byte	0
 308 0089 02       		.uleb128 0x2
 309 008a 04       		.byte	0x4
 310 008b 07       		.byte	0x7
 311 008c A3010000 		.4byte	.LASF11
 312 0090 07       		.uleb128 0x7
 313 0091 6E000000 		.4byte	0x6e
 314 0095 08       		.uleb128 0x8
 315 0096 42010000 		.4byte	.LASF12
 316 009a 03       		.byte	0x3
 317 009b 1F       		.byte	0x1f
 318 009c A6000000 		.4byte	0xa6
 319 00a0 05       		.uleb128 0x5
 320 00a1 03       		.byte	0x3
 321 00a2 00000000 		.4byte	cy_meta_configecc
 322 00a6 07       		.uleb128 0x7
 323 00a7 79000000 		.4byte	0x79
 324 00ab 05       		.uleb128 0x5
 325 00ac 90000000 		.4byte	0x90
 326 00b0 BB000000 		.4byte	0xbb
 327 00b4 06       		.uleb128 0x6
 328 00b5 89000000 		.4byte	0x89
 329 00b9 03       		.byte	0x3
 330 00ba 00       		.byte	0
 331 00bb 08       		.uleb128 0x8
 332 00bc 32010000 		.4byte	.LASF13
 333 00c0 03       		.byte	0x3
 334 00c1 41       		.byte	0x41
 335 00c2 CC000000 		.4byte	0xcc
 336 00c6 05       		.uleb128 0x5
 337 00c7 03       		.byte	0x3
 338 00c8 00000000 		.4byte	cy_meta_custnvl
ARM GAS  C:\Users\danie\AppData\Local\Temp\cc2lB1bo.s 			page 7


 339 00cc 07       		.uleb128 0x7
 340 00cd AB000000 		.4byte	0xab
 341 00d1 08       		.uleb128 0x8
 342 00d2 95010000 		.4byte	.LASF14
 343 00d6 03       		.byte	0x3
 344 00d7 4F       		.byte	0x4f
 345 00d8 E2000000 		.4byte	0xe2
 346 00dc 05       		.uleb128 0x5
 347 00dd 03       		.byte	0x3
 348 00de 00000000 		.4byte	cy_meta_wonvl
 349 00e2 07       		.uleb128 0x7
 350 00e3 AB000000 		.4byte	0xab
 351 00e7 05       		.uleb128 0x5
 352 00e8 90000000 		.4byte	0x90
 353 00ec F7000000 		.4byte	0xf7
 354 00f0 06       		.uleb128 0x6
 355 00f1 89000000 		.4byte	0x89
 356 00f5 FF       		.byte	0xff
 357 00f6 00       		.byte	0
 358 00f7 08       		.uleb128 0x8
 359 00f8 80010000 		.4byte	.LASF15
 360 00fc 03       		.byte	0x3
 361 00fd 5D       		.byte	0x5d
 362 00fe 08010000 		.4byte	0x108
 363 0102 05       		.uleb128 0x5
 364 0103 03       		.byte	0x3
 365 0104 00000000 		.4byte	cy_meta_flashprotect
 366 0108 07       		.uleb128 0x7
 367 0109 E7000000 		.4byte	0xe7
 368 010d 05       		.uleb128 0x5
 369 010e 90000000 		.4byte	0x90
 370 0112 1D010000 		.4byte	0x11d
 371 0116 06       		.uleb128 0x6
 372 0117 89000000 		.4byte	0x89
 373 011b 0B       		.byte	0xb
 374 011c 00       		.byte	0
 375 011d 08       		.uleb128 0x8
 376 011e 0A000000 		.4byte	.LASF16
 377 0122 03       		.byte	0x3
 378 0123 8A       		.byte	0x8a
 379 0124 2E010000 		.4byte	0x12e
 380 0128 05       		.uleb128 0x5
 381 0129 03       		.byte	0x3
 382 012a 00000000 		.4byte	cy_metadata
 383 012e 07       		.uleb128 0x7
 384 012f 0D010000 		.4byte	0x10d
 385 0133 00       		.byte	0
 386              		.section	.debug_abbrev,"",%progbits
 387              	.Ldebug_abbrev0:
 388 0000 01       		.uleb128 0x1
 389 0001 11       		.uleb128 0x11
 390 0002 01       		.byte	0x1
 391 0003 25       		.uleb128 0x25
 392 0004 0E       		.uleb128 0xe
 393 0005 13       		.uleb128 0x13
 394 0006 0B       		.uleb128 0xb
 395 0007 03       		.uleb128 0x3
ARM GAS  C:\Users\danie\AppData\Local\Temp\cc2lB1bo.s 			page 8


 396 0008 0E       		.uleb128 0xe
 397 0009 1B       		.uleb128 0x1b
 398 000a 0E       		.uleb128 0xe
 399 000b 10       		.uleb128 0x10
 400 000c 17       		.uleb128 0x17
 401 000d 00       		.byte	0
 402 000e 00       		.byte	0
 403 000f 02       		.uleb128 0x2
 404 0010 24       		.uleb128 0x24
 405 0011 00       		.byte	0
 406 0012 0B       		.uleb128 0xb
 407 0013 0B       		.uleb128 0xb
 408 0014 3E       		.uleb128 0x3e
 409 0015 0B       		.uleb128 0xb
 410 0016 03       		.uleb128 0x3
 411 0017 0E       		.uleb128 0xe
 412 0018 00       		.byte	0
 413 0019 00       		.byte	0
 414 001a 03       		.uleb128 0x3
 415 001b 16       		.uleb128 0x16
 416 001c 00       		.byte	0
 417 001d 03       		.uleb128 0x3
 418 001e 0E       		.uleb128 0xe
 419 001f 3A       		.uleb128 0x3a
 420 0020 0B       		.uleb128 0xb
 421 0021 3B       		.uleb128 0x3b
 422 0022 0B       		.uleb128 0xb
 423 0023 49       		.uleb128 0x49
 424 0024 13       		.uleb128 0x13
 425 0025 00       		.byte	0
 426 0026 00       		.byte	0
 427 0027 04       		.uleb128 0x4
 428 0028 24       		.uleb128 0x24
 429 0029 00       		.byte	0
 430 002a 0B       		.uleb128 0xb
 431 002b 0B       		.uleb128 0xb
 432 002c 3E       		.uleb128 0x3e
 433 002d 0B       		.uleb128 0xb
 434 002e 03       		.uleb128 0x3
 435 002f 08       		.uleb128 0x8
 436 0030 00       		.byte	0
 437 0031 00       		.byte	0
 438 0032 05       		.uleb128 0x5
 439 0033 01       		.uleb128 0x1
 440 0034 01       		.byte	0x1
 441 0035 49       		.uleb128 0x49
 442 0036 13       		.uleb128 0x13
 443 0037 01       		.uleb128 0x1
 444 0038 13       		.uleb128 0x13
 445 0039 00       		.byte	0
 446 003a 00       		.byte	0
 447 003b 06       		.uleb128 0x6
 448 003c 21       		.uleb128 0x21
 449 003d 00       		.byte	0
 450 003e 49       		.uleb128 0x49
 451 003f 13       		.uleb128 0x13
 452 0040 2F       		.uleb128 0x2f
ARM GAS  C:\Users\danie\AppData\Local\Temp\cc2lB1bo.s 			page 9


 453 0041 0B       		.uleb128 0xb
 454 0042 00       		.byte	0
 455 0043 00       		.byte	0
 456 0044 07       		.uleb128 0x7
 457 0045 26       		.uleb128 0x26
 458 0046 00       		.byte	0
 459 0047 49       		.uleb128 0x49
 460 0048 13       		.uleb128 0x13
 461 0049 00       		.byte	0
 462 004a 00       		.byte	0
 463 004b 08       		.uleb128 0x8
 464 004c 34       		.uleb128 0x34
 465 004d 00       		.byte	0
 466 004e 03       		.uleb128 0x3
 467 004f 0E       		.uleb128 0xe
 468 0050 3A       		.uleb128 0x3a
 469 0051 0B       		.uleb128 0xb
 470 0052 3B       		.uleb128 0x3b
 471 0053 0B       		.uleb128 0xb
 472 0054 49       		.uleb128 0x49
 473 0055 13       		.uleb128 0x13
 474 0056 3F       		.uleb128 0x3f
 475 0057 19       		.uleb128 0x19
 476 0058 02       		.uleb128 0x2
 477 0059 18       		.uleb128 0x18
 478 005a 00       		.byte	0
 479 005b 00       		.byte	0
 480 005c 00       		.byte	0
 481              		.section	.debug_aranges,"",%progbits
 482 0000 14000000 		.4byte	0x14
 483 0004 0200     		.2byte	0x2
 484 0006 00000000 		.4byte	.Ldebug_info0
 485 000a 04       		.byte	0x4
 486 000b 00       		.byte	0
 487 000c 0000     		.2byte	0
 488 000e 0000     		.2byte	0
 489 0010 00000000 		.4byte	0
 490 0014 00000000 		.4byte	0
 491              		.section	.debug_line,"",%progbits
 492              	.Ldebug_line0:
 493 0000 3D010000 		.section	.debug_str,"MS",%progbits,1
 493      02003701 
 493      00000201 
 493      FB0E0D00 
 493      01010101 
 494              	.LASF9:
 495 0000 5F5F7569 		.ascii	"__uint8_t\000"
 495      6E74385F 
 495      7400
 496              	.LASF16:
 497 000a 63795F6D 		.ascii	"cy_metadata\000"
 497      65746164 
 497      61746100 
 498              	.LASF19:
 499 0016 433A5C50 		.ascii	"C:\\PRJ3 git\\E3PRJ3\\Software\\Styringsenhed\\ADC\\"
 499      524A3320 
 499      6769745C 
ARM GAS  C:\Users\danie\AppData\Local\Temp\cc2lB1bo.s 			page 10


 499      45335052 
 499      4A335C53 
 500 0044 4144435F 		.ascii	"ADC_TO_FIRFILTERBANK\\ADC_TO_FILTERBANK.cydsn\000"
 500      544F5F46 
 500      49524649 
 500      4C544552 
 500      42414E4B 
 501              	.LASF1:
 502 0071 756E7369 		.ascii	"unsigned char\000"
 502      676E6564 
 502      20636861 
 502      7200
 503              	.LASF17:
 504 007f 474E5520 		.ascii	"GNU C11 5.4.1 20160609 (release) [ARM/embedded-5-br"
 504      43313120 
 504      352E342E 
 504      31203230 
 504      31363036 
 505 00b2 616E6368 		.ascii	"anch revision 237715] -mcpu=cortex-m3 -mthumb -g -O"
 505      20726576 
 505      6973696F 
 505      6E203233 
 505      37373135 
 506 00e5 67202D66 		.ascii	"g -ffunction-sections -ffat-lto-objects\000"
 506      66756E63 
 506      74696F6E 
 506      2D736563 
 506      74696F6E 
 507              	.LASF5:
 508 010d 6C6F6E67 		.ascii	"long unsigned int\000"
 508      20756E73 
 508      69676E65 
 508      6420696E 
 508      7400
 509              	.LASF3:
 510 011f 73686F72 		.ascii	"short unsigned int\000"
 510      7420756E 
 510      7369676E 
 510      65642069 
 510      6E7400
 511              	.LASF13:
 512 0132 63795F6D 		.ascii	"cy_meta_custnvl\000"
 512      6574615F 
 512      63757374 
 512      6E766C00 
 513              	.LASF12:
 514 0142 63795F6D 		.ascii	"cy_meta_configecc\000"
 514      6574615F 
 514      636F6E66 
 514      69676563 
 514      6300
 515              	.LASF8:
 516 0154 756E7369 		.ascii	"unsigned int\000"
 516      676E6564 
 516      20696E74 
 516      00
 517              	.LASF7:
ARM GAS  C:\Users\danie\AppData\Local\Temp\cc2lB1bo.s 			page 11


 518 0161 6C6F6E67 		.ascii	"long long unsigned int\000"
 518      206C6F6E 
 518      6720756E 
 518      7369676E 
 518      65642069 
 519              	.LASF10:
 520 0178 75696E74 		.ascii	"uint8_t\000"
 520      385F7400 
 521              	.LASF15:
 522 0180 63795F6D 		.ascii	"cy_meta_flashprotect\000"
 522      6574615F 
 522      666C6173 
 522      6870726F 
 522      74656374 
 523              	.LASF14:
 524 0195 63795F6D 		.ascii	"cy_meta_wonvl\000"
 524      6574615F 
 524      776F6E76 
 524      6C00
 525              	.LASF11:
 526 01a3 73697A65 		.ascii	"sizetype\000"
 526      74797065 
 526      00
 527              	.LASF6:
 528 01ac 6C6F6E67 		.ascii	"long long int\000"
 528      206C6F6E 
 528      6720696E 
 528      7400
 529              	.LASF2:
 530 01ba 73686F72 		.ascii	"short int\000"
 530      7420696E 
 530      7400
 531              	.LASF4:
 532 01c4 6C6F6E67 		.ascii	"long int\000"
 532      20696E74 
 532      00
 533              	.LASF0:
 534 01cd 7369676E 		.ascii	"signed char\000"
 534      65642063 
 534      68617200 
 535              	.LASF18:
 536 01d9 47656E65 		.ascii	"Generated_Source\\PSoC5\\cymetadata.c\000"
 536      72617465 
 536      645F536F 
 536      75726365 
 536      5C50536F 
 537              		.ident	"GCC: (GNU Tools for ARM Embedded Processors) 5.4.1 20160609 (release) [ARM/embedded-5-bran
