ARM GAS  C:\Users\danie\AppData\Local\Temp\cc8HlURh.s 			page 1


   1              		.syntax unified
   2              		.cpu cortex-m3
   3              		.fpu softvfp
   4              		.eabi_attribute 20, 1
   5              		.eabi_attribute 21, 1
   6              		.eabi_attribute 23, 3
   7              		.eabi_attribute 24, 1
   8              		.eabi_attribute 25, 1
   9              		.eabi_attribute 26, 1
  10              		.eabi_attribute 30, 1
  11              		.eabi_attribute 34, 1
  12              		.eabi_attribute 18, 4
  13              		.thumb
  14              		.syntax unified
  15              		.file	"encoding.c"
  16              		.text
  17              	.Ltext0:
  18              		.cfi_sections	.debug_frame
  19              	.Letext0:
  20              		.section	.debug_line,"",%progbits
  21              	.Ldebug_line0:
  22              		.section	.debug_str,"MS",%progbits,1
  23              	.LASF0:
  24 0000 656E636F 		.ascii	"encoding.c\000"
  24      64696E67 
  24      2E6300
  25              	.LASF1:
  26 000b 433A5C50 		.ascii	"C:\\PRJ3 git\\E3PRJ3\\Software\\Styringsenhed\\ADC\\"
  26      524A3320 
  26      6769745C 
  26      45335052 
  26      4A335C53 
  27 0039 4144435F 		.ascii	"ADC_TO_FIRFILTERBANK\\ADC_TO_FILTERBANK.cydsn\000"
  27      544F5F46 
  27      49524649 
  27      4C544552 
  27      42414E4B 
  28              	.LASF2:
  29 0066 474E5520 		.ascii	"GNU C11 5.4.1 20160609 (release) [ARM/embedded-5-br"
  29      43313120 
  29      352E342E 
  29      31203230 
  29      31363036 
  30 0099 616E6368 		.ascii	"anch revision 237715] -mcpu=cortex-m3 -mthumb -g -O"
  30      20726576 
  30      6973696F 
  30      6E203233 
  30      37373135 
  31 00cc 67202D66 		.ascii	"g -ffunction-sections -ffat-lto-objects\000"
  31      66756E63 
  31      74696F6E 
  31      2D736563 
  31      74696F6E 
  32              		.ident	"GCC: (GNU Tools for ARM Embedded Processors) 5.4.1 20160609 (release) [ARM/embedded-5-bran
